2016/03/07 14:38:21  TRACE> LogicEXTA0101.GetConfigrationFlg() START
2016/03/07 14:38:21  TRACE> LogicEXTA0101.GetConfigrationFlg() END
2016/03/07 14:38:21  TRACE> CommonLogicEXT.SetFormBackColor() START
2016/03/07 14:38:21  TRACE> CommonLogicEXT.SetFormBackColor() END
2016/03/07 14:38:34  TRACE> CommonLogicEXT.CheckDBCondition() START
2016/03/07 14:38:34  TRACE> CommonLogicEXT.NetUseConect() START
2016/03/07 14:38:35  TRACE> CommonLogicEXT.NetUseConectDel() START
2016/03/07 14:38:35  TRACE> CommonLogicEXT.NetUseConectDel() START
2016/03/07 14:38:35  TRACE> CommonLogicEXT.CheckDBCondition() END
2016/03/07 14:38:35  TRACE> LogicEXTA0101.LoginInputCheck() START
2016/03/07 14:38:35  TRACE> LogicEXTA0101.LoginInputCheck() END
2016/03/07 14:38:35  TRACE> LogicEXTA0101.GetLoginData() START
2016/03/07 14:38:35  TRACE> SqlEXTA0101.setSelectLoginData() START
2016/03/07 14:38:35  TRACE> SqlEXTA0101.setSelectLoginData() END
2016/03/07 14:38:35  DEBUG> LogicEXTA0101.GetLoginData() ログイン情報取得
■SQL Data :
   Sql Command > select 
USER_NM, 
MAIL, 
BUSHO_CD, 
SHONIN_FLG, 
MST_FLG 
FROM 
USER_MST 
WHERE
USER_CD = :UserId 
and PW = :Password 
and STS = '0' 
   Parameters Data > 
      [:UserId] USN001
      [:Password] password
2016/03/07 14:38:35  TRACE> LogicEXTA0101.GetLoginData() END
2016/03/07 14:38:35  TRACE> LogicEXTA0101.DelYoyakuCtlData() START
2016/03/07 14:38:35  DEBUG> LogicEXTA0101.DelYoyakuCtlData() Login Proc1
■SQL Data :
   Sql Command > DELETE 
FROM 
YCTL_TBL 
WHERE
USER_CD = :UserId 
   Parameters Data > 
      [:UserId] USN001
2016/03/07 14:38:35  DEBUG> LogicEXTA0101.DelYoyakuCtlData() Login Proc2
■SQL Data :
   Sql Command > DELETE 
FROM 
CCTL_TBL 
WHERE
USER_CD = :UserId 
   Parameters Data > 
      [:UserId] USN001
2016/03/07 14:38:35  TRACE> LogicEXTA0101.DelYoyakuCtlData() END
2016/03/07 14:38:35  TRACE> LogicEXTA0101.SetSystemProperties() START
2016/03/07 14:38:35  TRACE> SqlEXTA0101.setSelectSystemProperty() START
2016/03/07 14:38:35  TRACE> SqlEXTA0101.setSelectSystemProperty() END
2016/03/07 14:38:35  DEBUG> LogicEXTA0101.SetSystemProperties() システムプロパティ取得
■SQL Data :
   Sql Command > select 
TEIIN_A, 
TEIIN_B, 
KARI_JIZEN_TUTI, 
GROUP_SEIKYU 
FROM 
SYSTEM_MST 
   Parameters Data > 
2016/03/07 14:38:35  TRACE> LogicEXTA0101.SetSystemProperties() END
2016/03/07 14:38:35  TRACE> EXTA0101.btnLogin_Click() LOGIN:USN001
2016/03/07 14:38:35  TRACE> CommonLogicEXT.SetFormBackColor() START
2016/03/07 14:38:35  TRACE> CommonLogicEXT.SetFormBackColor() END
2016/03/07 14:38:41  TRACE> CommonLogicEXT.CheckDBCondition() START
2016/03/07 14:38:41  TRACE> CommonLogicEXT.NetUseConect() START
2016/03/07 14:38:41  TRACE> CommonLogicEXT.NetUseConectDel() START
2016/03/07 14:38:41  TRACE> CommonLogicEXT.NetUseConectDel() START
2016/03/07 14:38:41  TRACE> CommonLogicEXT.CheckDBCondition() END
2016/03/07 14:38:42  TRACE> LogicEXTY0101.InitDisplayMain() START
2016/03/07 14:38:42  TRACE> LogicEXTY0101.GetExasRequestData() START
2016/03/07 14:38:42  TRACE> LogicEXTY0101.GetExasRequestTheater() START
2016/03/07 14:38:42  TRACE> SqlEXTY0101.SetExasRequestTheaterSql() START
2016/03/07 14:38:42  TRACE> SqlEXTY0101.SetExasRequestTheaterSql() END
2016/03/07 14:38:42  TRACE> LogicEXTY0101.GetExasRequestTheater() END
2016/03/07 14:38:42  TRACE> LogicEXTY0101.GetExasRequestData() END
2016/03/07 14:38:42  TRACE> LogicEXTY0101.SetDisplayControl() START
2016/03/07 14:38:42  TRACE> LogicEXTY0101.SetDisplayControl() END
2016/03/07 14:38:42  TRACE> LogicEXTY0101.CheckAitesaki() START
2016/03/07 14:38:42  TRACE> LogicEXTY0101.CheckAitesaki() END
2016/03/07 14:38:42  TRACE> LogicEXTY0101.InitDisplayMain() END
2016/03/07 14:38:42  TRACE> CommonLogicEXT.SetFormBackColor() START
2016/03/07 14:38:42  TRACE> CommonLogicEXT.SetFormBackColor() END
2016/03/07 14:38:44  TRACE> CommonLogicEXT.CheckDBCondition() START
2016/03/07 14:38:44  TRACE> CommonLogicEXT.NetUseConect() START
2016/03/07 14:38:45  TRACE> CommonLogicEXT.NetUseConectDel() START
2016/03/07 14:38:45  TRACE> CommonLogicEXT.NetUseConectDel() START
2016/03/07 14:38:45  TRACE> CommonLogicEXT.CheckDBCondition() END
2016/03/07 14:38:45  TRACE> LogicEXTY0101.InitDisplayMain() START
2016/03/07 14:38:45  TRACE> LogicEXTY0101.GetExasRequestData() START
2016/03/07 14:38:45  TRACE> LogicEXTY0101.GetExasRequestStudio() START
2016/03/07 14:38:45  TRACE> SqlEXTY0101.SetExasRequestStudioSql() START
2016/03/07 14:38:45  TRACE> SqlEXTY0101.SetExasRequestStudioSql() END
2016/03/07 14:38:45  TRACE> LogicEXTY0101.GetExasRequestStudio() END
2016/03/07 14:38:45  TRACE> LogicEXTY0101.GetExasRequestData() END
2016/03/07 14:38:45  TRACE> LogicEXTY0101.SetDisplayControl() START
2016/03/07 14:38:45  TRACE> LogicEXTY0101.SetDisplayControl() END
2016/03/07 14:38:45  TRACE> LogicEXTY0101.CheckAitesaki() START
2016/03/07 14:38:45  TRACE> LogicEXTY0101.CheckAitesaki() END
2016/03/07 14:38:45  TRACE> LogicEXTY0101.InitDisplayMain() END
2016/03/07 14:39:07  TRACE> CommonLogicEXT.CheckDBCondition() START
2016/03/07 14:39:07  TRACE> CommonLogicEXT.NetUseConect() START
2016/03/07 14:39:07  TRACE> CommonLogicEXT.NetUseConectDel() START
2016/03/07 14:39:07  TRACE> CommonLogicEXT.NetUseConectDel() START
2016/03/07 14:39:07  TRACE> CommonLogicEXT.CheckDBCondition() END
2016/03/07 14:39:07  TRACE> LogicEXTY0101.OutputCsvMain() START
2016/03/07 14:39:07  TRACE> LogicEXTY0101.InputCheck() START
2016/03/07 14:39:07  TRACE> LogicEXTY0101.InputCheck() END
2016/03/07 14:39:07  TRACE> LogicEXTY0101.GetSearchConition() START
2016/03/07 14:39:07  TRACE> LogicEXTY0101.GetSearchConition() END
2016/03/07 14:39:08  TRACE> LogicEXTY0101.OutputCsvData() START
2016/03/07 14:39:14  TRACE> LogicEXTY0101.GetOutputCsvData() START
2016/03/07 14:39:14  TRACE> SqlEXTY0101.SetOutputCsvDataSql() START
2016/03/07 14:39:14  TRACE> SqlEXTY0101.SetOutputCsvDataSql() END
2016/03/07 14:39:14  TRACE> LogicEXTY0101.GetOutputCsvData() END
2016/03/07 14:39:14  TRACE> LogicEXTY0101.OutputCsvData() END
2016/03/07 14:39:14  TRACE> LogicEXTY0101.UpdateFlg() START
2016/03/07 14:39:14  TRACE> LogicEXTY0101.UpdateSeikyuIraiFlg() START
2016/03/07 14:39:14  TRACE> SqlEXTY0101.SetUpdateSeikyuIraiFlgSql() START
2016/03/07 14:39:14  TRACE> SqlEXTY0101.SetUpdateSeikyuIraiFlgSql() END
2016/03/07 14:39:14  DEBUG> LogicEXTY0101.UpdateSeikyuIraiFlg() EXAS請求依頼フラグ更新
■SQL Data :
   Sql Command > UPDATE billpay_tbl
SET seikyu_irai_flg = '1',
up_dt = now()
WHERE yoyaku_no = :ReserveNo 
AND seikyu_irai_no = :BillNo
   Parameters Data > 
      [ReserveNo] S00118
      [Seq] 3502
      [BillNo] E04208
2016/03/07 14:39:14  TRACE> LogicEXTY0101.UpdateSeikyuIraiFlg() END
2016/03/07 14:39:14  TRACE> LogicEXTY0101.UpdateFlg() END
2016/03/07 14:39:15  TRACE> LogicEXTY0101.InitDisplayMain() START
2016/03/07 14:39:15  TRACE> LogicEXTY0101.GetExasRequestData() START
2016/03/07 14:39:15  TRACE> LogicEXTY0101.GetExasRequestStudio() START
2016/03/07 14:39:15  TRACE> SqlEXTY0101.SetExasRequestStudioSql() START
2016/03/07 14:39:15  TRACE> SqlEXTY0101.SetExasRequestStudioSql() END
2016/03/07 14:39:15  TRACE> LogicEXTY0101.GetExasRequestStudio() END
2016/03/07 14:39:15  TRACE> LogicEXTY0101.GetExasRequestData() END
2016/03/07 14:39:15  TRACE> LogicEXTY0101.SetDisplayControl() START
2016/03/07 14:39:15  TRACE> LogicEXTY0101.SetDisplayControl() END
2016/03/07 14:39:15  TRACE> LogicEXTY0101.CheckAitesaki() START
2016/03/07 14:39:15  TRACE> LogicEXTY0101.CheckAitesaki() END
2016/03/07 14:39:15  TRACE> LogicEXTY0101.InitDisplayMain() END
2016/03/07 14:41:17  TRACE> LogicEXTA0101.GetConfigrationFlg() START
2016/03/07 14:41:17  TRACE> LogicEXTA0101.GetConfigrationFlg() END
2016/03/07 14:41:17  TRACE> CommonLogicEXT.SetFormBackColor() START
2016/03/07 14:41:17  TRACE> CommonLogicEXT.SetFormBackColor() END
2016/03/07 14:41:25  TRACE> CommonLogicEXT.CheckDBCondition() START
2016/03/07 14:41:25  TRACE> CommonLogicEXT.NetUseConect() START
2016/03/07 14:41:25  TRACE> CommonLogicEXT.NetUseConectDel() START
2016/03/07 14:41:25  TRACE> CommonLogicEXT.NetUseConectDel() START
2016/03/07 14:41:25  TRACE> CommonLogicEXT.CheckDBCondition() END
2016/03/07 14:41:25  TRACE> LogicEXTA0101.LoginInputCheck() START
2016/03/07 14:41:25  TRACE> LogicEXTA0101.LoginInputCheck() END
2016/03/07 14:41:25  TRACE> LogicEXTA0101.GetLoginData() START
2016/03/07 14:41:25  TRACE> SqlEXTA0101.setSelectLoginData() START
2016/03/07 14:41:25  TRACE> SqlEXTA0101.setSelectLoginData() END
2016/03/07 14:41:25  DEBUG> LogicEXTA0101.GetLoginData() ログイン情報取得
■SQL Data :
   Sql Command > select 
USER_NM, 
MAIL, 
BUSHO_CD, 
SHONIN_FLG, 
MST_FLG 
FROM 
USER_MST 
WHERE
USER_CD = :UserId 
and PW = :Password 
and STS = '0' 
   Parameters Data > 
      [:UserId] USN001
      [:Password] password
2016/03/07 14:41:25  TRACE> LogicEXTA0101.GetLoginData() END
2016/03/07 14:41:25  TRACE> LogicEXTA0101.DelYoyakuCtlData() START
2016/03/07 14:41:25  DEBUG> LogicEXTA0101.DelYoyakuCtlData() Login Proc1
■SQL Data :
   Sql Command > DELETE 
FROM 
YCTL_TBL 
WHERE
USER_CD = :UserId 
   Parameters Data > 
      [:UserId] USN001
2016/03/07 14:41:25  DEBUG> LogicEXTA0101.DelYoyakuCtlData() Login Proc2
■SQL Data :
   Sql Command > DELETE 
FROM 
CCTL_TBL 
WHERE
USER_CD = :UserId 
   Parameters Data > 
      [:UserId] USN001
2016/03/07 14:41:25  TRACE> LogicEXTA0101.DelYoyakuCtlData() END
2016/03/07 14:41:25  TRACE> LogicEXTA0101.SetSystemProperties() START
2016/03/07 14:41:25  TRACE> SqlEXTA0101.setSelectSystemProperty() START
2016/03/07 14:41:25  TRACE> SqlEXTA0101.setSelectSystemProperty() END
2016/03/07 14:41:25  DEBUG> LogicEXTA0101.SetSystemProperties() システムプロパティ取得
■SQL Data :
   Sql Command > select 
TEIIN_A, 
TEIIN_B, 
KARI_JIZEN_TUTI, 
GROUP_SEIKYU 
FROM 
SYSTEM_MST 
   Parameters Data > 
2016/03/07 14:41:25  TRACE> LogicEXTA0101.SetSystemProperties() END
2016/03/07 14:41:25  TRACE> EXTA0101.btnLogin_Click() LOGIN:USN001
2016/03/07 14:41:25  TRACE> CommonLogicEXT.SetFormBackColor() START
2016/03/07 14:41:25  TRACE> CommonLogicEXT.SetFormBackColor() END
2016/03/07 14:41:29  TRACE> CommonLogicEXT.CheckDBCondition() START
2016/03/07 14:41:29  TRACE> CommonLogicEXT.NetUseConect() START
2016/03/07 14:41:29  TRACE> CommonLogicEXT.NetUseConectDel() START
2016/03/07 14:41:29  TRACE> CommonLogicEXT.NetUseConectDel() START
2016/03/07 14:41:29  TRACE> CommonLogicEXT.CheckDBCondition() END
2016/03/07 14:41:30  TRACE> LogicEXTC0101.MakeSpread() START
2016/03/07 14:41:30  TRACE> LogicEXTC0101.GetSpreadData() START
2016/03/07 14:41:30  TRACE> SqlEXTC0101.setSelectShukusaijitsu() START
2016/03/07 14:41:30  TRACE> SqlEXTC0101.setSelectShukusaijitsu() END
2016/03/07 14:41:30  DEBUG> LogicEXTC0101.GetSpreadData() 
■SQL Data :
   Sql Command > select 
  HOLIDAY_DT
from
  HOLIDAY_MST 
where
  substr(HOLIDAY_DT,1,7) = :HOLIDAY_DT
   Parameters Data > 
      [:HOLIDAY_DT] 2016/03
2016/03/07 14:41:30  TRACE> SqlEXTC0101.setSelectYoyakuList() START
2016/03/07 14:41:30  TRACE> SqlEXTC0101.setSelectYoyakuList() END
2016/03/07 14:41:30  DEBUG> LogicEXTC0101.GetSpreadData() 
■SQL Data :
   Sql Command > select 
   a.SHISETU_KBN
  ,a.STUDIO_KBN
  ,a.YOYAKU_DT
  ,a.START_TIME
  ,a.END_TIME
  ,a.YOYAKU_NO
  ,a.MITEI_FLG
  ,b.STUDIO_KBN  
  ,b.SAIJI_NM
  ,b.SHUTSUEN_NM
  ,b.YOYAKU_STS
  ,a.RIYO_KEITAI
  ,c.RIYO_NM
from
  YDT_TBL a
left join YOYAKU_TBL b on(
  a.YOYAKU_NO = b.YOYAKU_NO
)
left join RIYOSHA_MST c on(
  b.RIYOSHA_CD = c.RIYOSHA_CD
)
where
  a.SHISETU_KBN = '2'
  and substr(a.YOYAKU_DT,1,7) = :YOYAKU_DT
  and b.YOYAKU_STS IN ('1', '2', '3', '4')
order by a.YOYAKU_DT, a.START_TIME
   Parameters Data > 
      [:YOYAKU_DT] 2016/03
2016/03/07 14:41:30  TRACE> SqlEXTC0101.setSelectMikakuYoyakuList() START
2016/03/07 14:41:30  TRACE> SqlEXTC0101.setSelectMikakuYoyakuList() END
2016/03/07 14:41:30  DEBUG> LogicEXTC0101.GetSpreadData() 
■SQL Data :
   Sql Command > select
   USER_CD
  ,SHISETU_KBN
  ,STUDIO_KBN
  ,YOYAKU_DT
from
  YCTL_TBL
where
  SHISETU_KBN = '2'
  and substr(YOYAKU_DT,1,7) = :YOYAKU_DT
   Parameters Data > 
      [:YOYAKU_DT] 2016/03
2016/03/07 14:41:30  TRACE> SqlEXTC0101.setSelectCancelList() START
2016/03/07 14:41:30  TRACE> SqlEXTC0101.setSelectCancelList() END
2016/03/07 14:41:30  DEBUG> LogicEXTC0101.GetSpreadData() 
■SQL Data :
   Sql Command > select
a.SHISETU_KBN
,a.STUDIO_KBN
,a.RIYO_DT_FLG
,a.RIYO_YM
,a.RIYO_DT
,a.CANCEL_WAIT_NO
,a.START_TIME
,a.END_TIME
,a.RIYO_MEMO
,a.WAKU_NO
,a.RIYO_KEITAI
,a.MITEI_FLG
,b.SAIJI_NM
,b.RIYO_NM
,b.SHUTSUEN_NM
from
CANCEL_WAIT_DT_TBL a
inner join CANCEL_WAIT_TBL b on(
a.CANCEL_WAIT_NO = b.CANCEL_WAIT_NO
)
where
a.RIYO_YM = :RIYO_YM
and a.SHISETU_KBN = '2'
and a.RIYO_DT_FLG = :RIYO_DT_FLG
and b.CANCEL_WAIT_STS = :CANCEL_WAIT_STS
order by 
a.RIYO_DT, a.WAKU_NO
   Parameters Data > 
      [:RIYO_YM] 2016/03
      [:RIYO_DT_FLG] 1
      [:CANCEL_WAIT_STS] 1
2016/03/07 14:41:30  TRACE> SqlEXTC0101.setSelectCancelList() START
2016/03/07 14:41:30  TRACE> SqlEXTC0101.setSelectCancelList() END
2016/03/07 14:41:30  DEBUG> LogicEXTC0101.GetSpreadData() 
■SQL Data :
   Sql Command > select
a.SHISETU_KBN
,a.STUDIO_KBN
,a.RIYO_DT_FLG
,a.RIYO_YM
,a.RIYO_DT
,a.CANCEL_WAIT_NO
,a.START_TIME
,a.END_TIME
,a.RIYO_MEMO
,a.WAKU_NO
,a.RIYO_KEITAI
,a.MITEI_FLG
,b.SAIJI_NM
,b.RIYO_NM
,b.SHUTSUEN_NM
from
CANCEL_WAIT_DT_TBL a
inner join CANCEL_WAIT_TBL b on(
a.CANCEL_WAIT_NO = b.CANCEL_WAIT_NO
)
where
a.RIYO_YM = :RIYO_YM
and a.SHISETU_KBN = '2'
and b.CANCEL_WAIT_STS = :CANCEL_WAIT_STS
order by 
a.RIYO_DT, a.WAKU_NO
   Parameters Data > 
      [:RIYO_YM] 2016/03
      [:CANCEL_WAIT_STS] 1
2016/03/07 14:41:30  TRACE> SqlEXTC0101.setSelectMikakuCancelWaitList() START
2016/03/07 14:41:30  TRACE> SqlEXTC0101.setSelectMikakuCancelWaitList() END
2016/03/07 14:41:30  DEBUG> LogicEXTC0101.GetSpreadData() 
■SQL Data :
   Sql Command > select
   USER_CD
  ,SHISETU_KBN
  ,STUDIO_KBN
  ,YOYAKU_DT
from
  CCTL_TBL
where
  SHISETU_KBN = '2'
  and substr(YOYAKU_DT,1,7) = :YOYAKU_DT
   Parameters Data > 
      [:YOYAKU_DT] 2016/03
2016/03/07 14:41:30  TRACE> SqlEXTC0101.setSelectCancelList() START
2016/03/07 14:41:30  TRACE> SqlEXTC0101.setSelectCancelList() END
2016/03/07 14:41:30  DEBUG> LogicEXTC0101.GetSpreadData() 
■SQL Data :
   Sql Command > select
a.SHISETU_KBN
,a.STUDIO_KBN
,a.RIYO_DT_FLG
,a.RIYO_YM
,a.RIYO_DT
,a.CANCEL_WAIT_NO
,a.START_TIME
,a.END_TIME
,a.RIYO_MEMO
,a.WAKU_NO
,a.RIYO_KEITAI
,a.MITEI_FLG
,b.SAIJI_NM
,b.RIYO_NM
,b.SHUTSUEN_NM
from
CANCEL_WAIT_DT_TBL a
inner join CANCEL_WAIT_TBL b on(
a.CANCEL_WAIT_NO = b.CANCEL_WAIT_NO
)
where
a.RIYO_YM = :RIYO_YM
and a.SHISETU_KBN = '2'
and b.CANCEL_WAIT_STS = :CANCEL_WAIT_STS
order by 
a.RIYO_DT, a.WAKU_NO
   Parameters Data > 
      [:RIYO_YM] 2016/03
      [:CANCEL_WAIT_STS] 3
2016/03/07 14:41:30  TRACE> SqlEXTC0101.setSelectKyukanMainteList() START
2016/03/07 14:41:30  TRACE> SqlEXTC0101.setSelectKyukanMainteList() END
2016/03/07 14:41:30  DEBUG> LogicEXTC0101.GetSpreadData() 
■SQL Data :
   Sql Command > select
  HOLMENT_DT
  ,SHISETU_KBN
  ,STUDIO_KBN
  ,MNAIYO
  ,HOLMENT_KBN
from
  HOLMENT_MST
where
  SHISETU_KBN = '2'
  and substr(HOLMENT_DT,1,7) = :HOLMENT_DT
   Parameters Data > 
      [:HOLMENT_DT] 2016/03
2016/03/07 14:41:30  TRACE> LogicEXTC0101.GetSpreadData() END
2016/03/07 14:41:30  TRACE> LogicEXTC0101.ViewSpreadData() START
2016/03/07 14:41:30  TRACE> LogicEXTC0101.ViewSpreadData() END
2016/03/07 14:41:30  TRACE> LogicEXTC0101.ViewSpreadData() END
2016/03/07 14:41:30  TRACE> LogicEXTC0101.MakeSpread() END
2016/03/07 14:41:30  TRACE> CommonLogicEXT.SetFormBackColor() START
2016/03/07 14:41:30  TRACE> CommonLogicEXT.SetFormBackColor() END
2016/03/07 14:41:31  TRACE> CommonLogicEXT.CheckDBCondition() START
2016/03/07 14:41:31  TRACE> CommonLogicEXT.NetUseConect() START
2016/03/07 14:41:31  TRACE> CommonLogicEXT.NetUseConectDel() START
2016/03/07 14:41:31  TRACE> CommonLogicEXT.NetUseConectDel() START
2016/03/07 14:41:31  TRACE> CommonLogicEXT.CheckDBCondition() END
2016/03/07 14:41:31  TRACE> LogicEXTC0101.MakeSpread() START
2016/03/07 14:41:31  TRACE> LogicEXTC0101.GetSpreadData() START
2016/03/07 14:41:31  TRACE> SqlEXTC0101.setSelectShukusaijitsu() START
2016/03/07 14:41:31  TRACE> SqlEXTC0101.setSelectShukusaijitsu() END
2016/03/07 14:41:31  DEBUG> LogicEXTC0101.GetSpreadData() 
■SQL Data :
   Sql Command > select 
  HOLIDAY_DT
from
  HOLIDAY_MST 
where
  substr(HOLIDAY_DT,1,7) = :HOLIDAY_DT
   Parameters Data > 
      [:HOLIDAY_DT] 2016/02
2016/03/07 14:41:31  TRACE> SqlEXTC0101.setSelectYoyakuList() START
2016/03/07 14:41:31  TRACE> SqlEXTC0101.setSelectYoyakuList() END
2016/03/07 14:41:31  DEBUG> LogicEXTC0101.GetSpreadData() 
■SQL Data :
   Sql Command > select 
   a.SHISETU_KBN
  ,a.STUDIO_KBN
  ,a.YOYAKU_DT
  ,a.START_TIME
  ,a.END_TIME
  ,a.YOYAKU_NO
  ,a.MITEI_FLG
  ,b.STUDIO_KBN  
  ,b.SAIJI_NM
  ,b.SHUTSUEN_NM
  ,b.YOYAKU_STS
  ,a.RIYO_KEITAI
  ,c.RIYO_NM
from
  YDT_TBL a
left join YOYAKU_TBL b on(
  a.YOYAKU_NO = b.YOYAKU_NO
)
left join RIYOSHA_MST c on(
  b.RIYOSHA_CD = c.RIYOSHA_CD
)
where
  a.SHISETU_KBN = '2'
  and substr(a.YOYAKU_DT,1,7) = :YOYAKU_DT
  and b.YOYAKU_STS IN ('1', '2', '3', '4')
order by a.YOYAKU_DT, a.START_TIME
   Parameters Data > 
      [:YOYAKU_DT] 2016/02
2016/03/07 14:41:31  TRACE> SqlEXTC0101.setSelectMikakuYoyakuList() START
2016/03/07 14:41:31  TRACE> SqlEXTC0101.setSelectMikakuYoyakuList() END
2016/03/07 14:41:31  DEBUG> LogicEXTC0101.GetSpreadData() 
■SQL Data :
   Sql Command > select
   USER_CD
  ,SHISETU_KBN
  ,STUDIO_KBN
  ,YOYAKU_DT
from
  YCTL_TBL
where
  SHISETU_KBN = '2'
  and substr(YOYAKU_DT,1,7) = :YOYAKU_DT
   Parameters Data > 
      [:YOYAKU_DT] 2016/02
2016/03/07 14:41:31  TRACE> SqlEXTC0101.setSelectCancelList() START
2016/03/07 14:41:31  TRACE> SqlEXTC0101.setSelectCancelList() END
2016/03/07 14:41:31  DEBUG> LogicEXTC0101.GetSpreadData() 
■SQL Data :
   Sql Command > select
a.SHISETU_KBN
,a.STUDIO_KBN
,a.RIYO_DT_FLG
,a.RIYO_YM
,a.RIYO_DT
,a.CANCEL_WAIT_NO
,a.START_TIME
,a.END_TIME
,a.RIYO_MEMO
,a.WAKU_NO
,a.RIYO_KEITAI
,a.MITEI_FLG
,b.SAIJI_NM
,b.RIYO_NM
,b.SHUTSUEN_NM
from
CANCEL_WAIT_DT_TBL a
inner join CANCEL_WAIT_TBL b on(
a.CANCEL_WAIT_NO = b.CANCEL_WAIT_NO
)
where
a.RIYO_YM = :RIYO_YM
and a.SHISETU_KBN = '2'
and a.RIYO_DT_FLG = :RIYO_DT_FLG
and b.CANCEL_WAIT_STS = :CANCEL_WAIT_STS
order by 
a.RIYO_DT, a.WAKU_NO
   Parameters Data > 
      [:RIYO_YM] 2016/02
      [:RIYO_DT_FLG] 1
      [:CANCEL_WAIT_STS] 1
2016/03/07 14:41:31  TRACE> SqlEXTC0101.setSelectCancelList() START
2016/03/07 14:41:31  TRACE> SqlEXTC0101.setSelectCancelList() END
2016/03/07 14:41:31  DEBUG> LogicEXTC0101.GetSpreadData() 
■SQL Data :
   Sql Command > select
a.SHISETU_KBN
,a.STUDIO_KBN
,a.RIYO_DT_FLG
,a.RIYO_YM
,a.RIYO_DT
,a.CANCEL_WAIT_NO
,a.START_TIME
,a.END_TIME
,a.RIYO_MEMO
,a.WAKU_NO
,a.RIYO_KEITAI
,a.MITEI_FLG
,b.SAIJI_NM
,b.RIYO_NM
,b.SHUTSUEN_NM
from
CANCEL_WAIT_DT_TBL a
inner join CANCEL_WAIT_TBL b on(
a.CANCEL_WAIT_NO = b.CANCEL_WAIT_NO
)
where
a.RIYO_YM = :RIYO_YM
and a.SHISETU_KBN = '2'
and b.CANCEL_WAIT_STS = :CANCEL_WAIT_STS
order by 
a.RIYO_DT, a.WAKU_NO
   Parameters Data > 
      [:RIYO_YM] 2016/02
      [:CANCEL_WAIT_STS] 1
2016/03/07 14:41:31  TRACE> SqlEXTC0101.setSelectMikakuCancelWaitList() START
2016/03/07 14:41:31  TRACE> SqlEXTC0101.setSelectMikakuCancelWaitList() END
2016/03/07 14:41:31  DEBUG> LogicEXTC0101.GetSpreadData() 
■SQL Data :
   Sql Command > select
   USER_CD
  ,SHISETU_KBN
  ,STUDIO_KBN
  ,YOYAKU_DT
from
  CCTL_TBL
where
  SHISETU_KBN = '2'
  and substr(YOYAKU_DT,1,7) = :YOYAKU_DT
   Parameters Data > 
      [:YOYAKU_DT] 2016/02
2016/03/07 14:41:31  TRACE> SqlEXTC0101.setSelectCancelList() START
2016/03/07 14:41:31  TRACE> SqlEXTC0101.setSelectCancelList() END
2016/03/07 14:41:31  DEBUG> LogicEXTC0101.GetSpreadData() 
■SQL Data :
   Sql Command > select
a.SHISETU_KBN
,a.STUDIO_KBN
,a.RIYO_DT_FLG
,a.RIYO_YM
,a.RIYO_DT
,a.CANCEL_WAIT_NO
,a.START_TIME
,a.END_TIME
,a.RIYO_MEMO
,a.WAKU_NO
,a.RIYO_KEITAI
,a.MITEI_FLG
,b.SAIJI_NM
,b.RIYO_NM
,b.SHUTSUEN_NM
from
CANCEL_WAIT_DT_TBL a
inner join CANCEL_WAIT_TBL b on(
a.CANCEL_WAIT_NO = b.CANCEL_WAIT_NO
)
where
a.RIYO_YM = :RIYO_YM
and a.SHISETU_KBN = '2'
and b.CANCEL_WAIT_STS = :CANCEL_WAIT_STS
order by 
a.RIYO_DT, a.WAKU_NO
   Parameters Data > 
      [:RIYO_YM] 2016/02
      [:CANCEL_WAIT_STS] 3
2016/03/07 14:41:31  TRACE> SqlEXTC0101.setSelectKyukanMainteList() START
2016/03/07 14:41:31  TRACE> SqlEXTC0101.setSelectKyukanMainteList() END
2016/03/07 14:41:31  DEBUG> LogicEXTC0101.GetSpreadData() 
■SQL Data :
   Sql Command > select
  HOLMENT_DT
  ,SHISETU_KBN
  ,STUDIO_KBN
  ,MNAIYO
  ,HOLMENT_KBN
from
  HOLMENT_MST
where
  SHISETU_KBN = '2'
  and substr(HOLMENT_DT,1,7) = :HOLMENT_DT
   Parameters Data > 
      [:HOLMENT_DT] 2016/02
2016/03/07 14:41:31  TRACE> LogicEXTC0101.GetSpreadData() END
2016/03/07 14:41:31  TRACE> LogicEXTC0101.ViewSpreadData() START
2016/03/07 14:41:31  TRACE> LogicEXTC0101.ViewSpreadData() END
2016/03/07 14:41:31  TRACE> LogicEXTC0101.ViewSpreadData() END
2016/03/07 14:41:31  TRACE> LogicEXTC0101.MakeSpread() END
2016/03/07 14:41:32  TRACE> CommonLogicEXT.CheckDBCondition() START
2016/03/07 14:41:32  TRACE> CommonLogicEXT.NetUseConect() START
2016/03/07 14:41:32  TRACE> CommonLogicEXT.NetUseConectDel() START
2016/03/07 14:41:32  TRACE> CommonLogicEXT.NetUseConectDel() START
2016/03/07 14:41:32  TRACE> CommonLogicEXT.CheckDBCondition() END
2016/03/07 14:41:32  TRACE> LogicEXTC0101.MakeSpread() START
2016/03/07 14:41:32  TRACE> LogicEXTC0101.GetSpreadData() START
2016/03/07 14:41:32  TRACE> SqlEXTC0101.setSelectShukusaijitsu() START
2016/03/07 14:41:32  TRACE> SqlEXTC0101.setSelectShukusaijitsu() END
2016/03/07 14:41:32  DEBUG> LogicEXTC0101.GetSpreadData() 
■SQL Data :
   Sql Command > select 
  HOLIDAY_DT
from
  HOLIDAY_MST 
where
  substr(HOLIDAY_DT,1,7) = :HOLIDAY_DT
   Parameters Data > 
      [:HOLIDAY_DT] 2016/01
2016/03/07 14:41:32  TRACE> SqlEXTC0101.setSelectYoyakuList() START
2016/03/07 14:41:32  TRACE> SqlEXTC0101.setSelectYoyakuList() END
2016/03/07 14:41:32  DEBUG> LogicEXTC0101.GetSpreadData() 
■SQL Data :
   Sql Command > select 
   a.SHISETU_KBN
  ,a.STUDIO_KBN
  ,a.YOYAKU_DT
  ,a.START_TIME
  ,a.END_TIME
  ,a.YOYAKU_NO
  ,a.MITEI_FLG
  ,b.STUDIO_KBN  
  ,b.SAIJI_NM
  ,b.SHUTSUEN_NM
  ,b.YOYAKU_STS
  ,a.RIYO_KEITAI
  ,c.RIYO_NM
from
  YDT_TBL a
left join YOYAKU_TBL b on(
  a.YOYAKU_NO = b.YOYAKU_NO
)
left join RIYOSHA_MST c on(
  b.RIYOSHA_CD = c.RIYOSHA_CD
)
where
  a.SHISETU_KBN = '2'
  and substr(a.YOYAKU_DT,1,7) = :YOYAKU_DT
  and b.YOYAKU_STS IN ('1', '2', '3', '4')
order by a.YOYAKU_DT, a.START_TIME
   Parameters Data > 
      [:YOYAKU_DT] 2016/01
2016/03/07 14:41:32  TRACE> SqlEXTC0101.setSelectMikakuYoyakuList() START
2016/03/07 14:41:32  TRACE> SqlEXTC0101.setSelectMikakuYoyakuList() END
2016/03/07 14:41:32  DEBUG> LogicEXTC0101.GetSpreadData() 
■SQL Data :
   Sql Command > select
   USER_CD
  ,SHISETU_KBN
  ,STUDIO_KBN
  ,YOYAKU_DT
from
  YCTL_TBL
where
  SHISETU_KBN = '2'
  and substr(YOYAKU_DT,1,7) = :YOYAKU_DT
   Parameters Data > 
      [:YOYAKU_DT] 2016/01
2016/03/07 14:41:32  TRACE> SqlEXTC0101.setSelectCancelList() START
2016/03/07 14:41:32  TRACE> SqlEXTC0101.setSelectCancelList() END
2016/03/07 14:41:32  DEBUG> LogicEXTC0101.GetSpreadData() 
■SQL Data :
   Sql Command > select
a.SHISETU_KBN
,a.STUDIO_KBN
,a.RIYO_DT_FLG
,a.RIYO_YM
,a.RIYO_DT
,a.CANCEL_WAIT_NO
,a.START_TIME
,a.END_TIME
,a.RIYO_MEMO
,a.WAKU_NO
,a.RIYO_KEITAI
,a.MITEI_FLG
,b.SAIJI_NM
,b.RIYO_NM
,b.SHUTSUEN_NM
from
CANCEL_WAIT_DT_TBL a
inner join CANCEL_WAIT_TBL b on(
a.CANCEL_WAIT_NO = b.CANCEL_WAIT_NO
)
where
a.RIYO_YM = :RIYO_YM
and a.SHISETU_KBN = '2'
and a.RIYO_DT_FLG = :RIYO_DT_FLG
and b.CANCEL_WAIT_STS = :CANCEL_WAIT_STS
order by 
a.RIYO_DT, a.WAKU_NO
   Parameters Data > 
      [:RIYO_YM] 2016/01
      [:RIYO_DT_FLG] 1
      [:CANCEL_WAIT_STS] 1
2016/03/07 14:41:32  TRACE> SqlEXTC0101.setSelectCancelList() START
2016/03/07 14:41:32  TRACE> SqlEXTC0101.setSelectCancelList() END
2016/03/07 14:41:32  DEBUG> LogicEXTC0101.GetSpreadData() 
■SQL Data :
   Sql Command > select
a.SHISETU_KBN
,a.STUDIO_KBN
,a.RIYO_DT_FLG
,a.RIYO_YM
,a.RIYO_DT
,a.CANCEL_WAIT_NO
,a.START_TIME
,a.END_TIME
,a.RIYO_MEMO
,a.WAKU_NO
,a.RIYO_KEITAI
,a.MITEI_FLG
,b.SAIJI_NM
,b.RIYO_NM
,b.SHUTSUEN_NM
from
CANCEL_WAIT_DT_TBL a
inner join CANCEL_WAIT_TBL b on(
a.CANCEL_WAIT_NO = b.CANCEL_WAIT_NO
)
where
a.RIYO_YM = :RIYO_YM
and a.SHISETU_KBN = '2'
and b.CANCEL_WAIT_STS = :CANCEL_WAIT_STS
order by 
a.RIYO_DT, a.WAKU_NO
   Parameters Data > 
      [:RIYO_YM] 2016/01
      [:CANCEL_WAIT_STS] 1
2016/03/07 14:41:32  TRACE> SqlEXTC0101.setSelectMikakuCancelWaitList() START
2016/03/07 14:41:32  TRACE> SqlEXTC0101.setSelectMikakuCancelWaitList() END
2016/03/07 14:41:32  DEBUG> LogicEXTC0101.GetSpreadData() 
■SQL Data :
   Sql Command > select
   USER_CD
  ,SHISETU_KBN
  ,STUDIO_KBN
  ,YOYAKU_DT
from
  CCTL_TBL
where
  SHISETU_KBN = '2'
  and substr(YOYAKU_DT,1,7) = :YOYAKU_DT
   Parameters Data > 
      [:YOYAKU_DT] 2016/01
2016/03/07 14:41:32  TRACE> SqlEXTC0101.setSelectCancelList() START
2016/03/07 14:41:32  TRACE> SqlEXTC0101.setSelectCancelList() END
2016/03/07 14:41:32  DEBUG> LogicEXTC0101.GetSpreadData() 
■SQL Data :
   Sql Command > select
a.SHISETU_KBN
,a.STUDIO_KBN
,a.RIYO_DT_FLG
,a.RIYO_YM
,a.RIYO_DT
,a.CANCEL_WAIT_NO
,a.START_TIME
,a.END_TIME
,a.RIYO_MEMO
,a.WAKU_NO
,a.RIYO_KEITAI
,a.MITEI_FLG
,b.SAIJI_NM
,b.RIYO_NM
,b.SHUTSUEN_NM
from
CANCEL_WAIT_DT_TBL a
inner join CANCEL_WAIT_TBL b on(
a.CANCEL_WAIT_NO = b.CANCEL_WAIT_NO
)
where
a.RIYO_YM = :RIYO_YM
and a.SHISETU_KBN = '2'
and b.CANCEL_WAIT_STS = :CANCEL_WAIT_STS
order by 
a.RIYO_DT, a.WAKU_NO
   Parameters Data > 
      [:RIYO_YM] 2016/01
      [:CANCEL_WAIT_STS] 3
2016/03/07 14:41:32  TRACE> SqlEXTC0101.setSelectKyukanMainteList() START
2016/03/07 14:41:32  TRACE> SqlEXTC0101.setSelectKyukanMainteList() END
2016/03/07 14:41:32  DEBUG> LogicEXTC0101.GetSpreadData() 
■SQL Data :
   Sql Command > select
  HOLMENT_DT
  ,SHISETU_KBN
  ,STUDIO_KBN
  ,MNAIYO
  ,HOLMENT_KBN
from
  HOLMENT_MST
where
  SHISETU_KBN = '2'
  and substr(HOLMENT_DT,1,7) = :HOLMENT_DT
   Parameters Data > 
      [:HOLMENT_DT] 2016/01
2016/03/07 14:41:32  TRACE> LogicEXTC0101.GetSpreadData() END
2016/03/07 14:41:32  TRACE> LogicEXTC0101.ViewSpreadData() START
2016/03/07 14:41:32  TRACE> LogicEXTC0101.ViewSpreadData() END
2016/03/07 14:41:32  TRACE> LogicEXTC0101.ViewSpreadData() END
2016/03/07 14:41:32  TRACE> LogicEXTC0101.MakeSpread() END
2016/03/07 14:41:39  TRACE> CommonLogicEXT.CheckDBCondition() START
2016/03/07 14:41:39  TRACE> CommonLogicEXT.NetUseConect() START
2016/03/07 14:41:39  TRACE> CommonLogicEXT.NetUseConectDel() START
2016/03/07 14:41:39  TRACE> CommonLogicEXT.NetUseConectDel() START
2016/03/07 14:41:39  TRACE> CommonLogicEXT.CheckDBCondition() END
2016/03/07 14:41:39  TRACE> LogicEXTZ0202.DeleteYoyakuCtlShisetuData() START
2016/03/07 14:41:39  TRACE> LogicEXTZ0202.DeleteYoyakuCtlShisetuData() END
2016/03/07 14:41:39  TRACE> LogicEXTC0102.GetYoyakuData() START
2016/03/07 14:41:39  TRACE> SqlEXTC0102.setSelectYoyakuData() START
2016/03/07 14:41:39  TRACE> SqlEXTC0102.setSelectYoyakuData() END
2016/03/07 14:41:39  DEBUG> LogicEXTC0102.GetYoyakuData() 予約情報取得
■SQL Data :
   Sql Command > select 
t1.yoyaku_no, 
t1.kariuke_dt, 
t1.kari_usercd, 
t1.kakutei_dt, 
t1.kaku_usercd, 
t1.yoyaku_sts, 
t1.shisetu_kbn, 
t1.studio_kbn, 
t1.saiji_nm, 
t1.shutsuen_nm, 
t1.kashi_kind, 
t1.riyo_type, 
t1.drink_flg, 
t1.saiji_bunrui, 
t1.teiin, 
t1.onkyo_ope_flg, 
t1.riyosha_cd, 
t1.riyo_nm, 
t1.riyo_kana, 
t1.sekinin_busho_nm, 
t1.sekinin_nm, 
t1.sekinin_mail, 
t1.daihyo_nm, 
t1.riyo_tel11, 
t1.riyo_tel12, 
t1.riyo_tel13, 
t1.riyo_tel21, 
t1.riyo_tel22, 
t1.riyo_tel23, 
t1.riyo_naisen, 
t1.riyo_fax11, 
t1.riyo_fax12, 
t1.riyo_fax13, 
t1.riyo_yubin1, 
t1.riyo_yubin2, 
t1.riyo_todo, 
t1.riyo_shiku, 
t1.riyo_ban, 
t1.riyo_build, 
t1.riyo_lvl, 
t1.aite_cd, 
t1.onkyo_nm, 
t1.onkyo_tanto_nm, 
t1.onkyo_tel11, 
t1.onkyo_tel12, 
t1.onkyo_tel13, 
t1.onkyo_naisen, 
t1.onkyo_fax11, 
t1.onkyo_fax12, 
t1.onkyo_fax13, 
t1.onkyo_mail, 
t1.total_riyo_kin, 
t1.send_kbn, 
t1.send_sts, 
t1.send_dt, 
t1.henso_dt, 
t1.biko, 
t1.riyo_com, 
t1.ticket_enter_kbn, 
t1.ticket_drink_kbn, 
t1.hp_keisai, 
t1.joho_kokai_dt, 
t1.joho_kokai_time, 
t1.kokai_dt, 
t1.kokai_time, 
t1.finput_sts, 
to_char(t1.add_dt,'YYYY/MM/DD HH:mm') as add_dt, 
t1.add_user_cd, 
m1.user_nm as add_user_nm,
to_char(t1.up_dt,'YYYY/MM/DD HH:mm') as up_dt, 
t1.up_user_cd, 
m2.user_nm as up_user_nm, 
m3.aite_nm as aite_nm 
FROM 
YOYAKU_TBL t1
LEFT JOIN USER_MST m1
ON t1.add_user_cd = m1.user_cd
LEFT JOIN USER_MST m2
ON t1.up_user_cd = m2.user_cd
LEFT JOIN AITESAKI_MST m3
ON t1.aite_cd = m3.aite_cd
WHERE
YOYAKU_NO = :YoyakuNo 
   Parameters Data > 
      [:YoyakuNo] S00118
2016/03/07 14:41:39  TRACE> LogicEXTC0102.GetYoyakuData() START_2
2016/03/07 14:41:39  TRACE> LogicEXTC0102.GetYoyakuData() END_2
2016/03/07 14:41:39  TRACE> LogicEXTC0102.GetYoyakuData() END
2016/03/07 14:41:39  TRACE> LogicEXTC0102.GetRiyobiData() START
2016/03/07 14:41:39  TRACE> SqlEXTC0102.setSelectRiyobiData() START
2016/03/07 14:41:39  TRACE> SqlEXTC0102.setSelectRiyobiData() END
2016/03/07 14:41:39  DEBUG> LogicEXTC0102.GetRiyobiData() 予約日時情報取得
■SQL Data :
   Sql Command > select 
seq, 
shisetu_kbn, 
studio_kbn, 
yoyaku_dt, 
start_time, 
end_time, 
yoyaku_no, 
riyo_keitai, 
mitei_flg, 
tanka, 
bairitu, 
su, 
riyo_kin 
FROM 
YDT_TBL 
WHERE
yoyaku_no = :YoyakuNo 
   Parameters Data > 
      [:YoyakuNo] S00118
2016/03/07 14:41:39  TRACE> LogicEXTC0102.GetRiyobiData() END
2016/03/07 14:41:39  TRACE> LogicEXTC0103.GetApproval() START
2016/03/07 14:41:39  TRACE> SqlEXTC0103.selectApprovalReq() START
2016/03/07 14:41:39  TRACE> SqlEXTC0103.selectApprovalReq() END
2016/03/07 14:41:39  DEBUG> LogicEXTC0103.GetApproval() 確認依頼情報取得
■SQL Data :
   Sql Command > SELECT 
    t1.yoyaku_no, 
    t1.seq, 
    to_char(t1.irai_dt, 'yyyy/mm/dd hh24:mi') as irai_dt, 
    t1.com, 
    t2.user_nm as user_nm 
FROM 
    irai_rireki_tbl t1 
    LEFT JOIN 
        user_mst t2 
        ON  t1.irai_usercd = t2.user_cd 
WHERE yoyaku_no = :YoyakuNo ORDER BY t1.seq 
   Parameters Data > 
      [:YoyakuNo] S00118
2016/03/07 14:41:39  TRACE> SqlEXTC0103.selectApprovalRes() START
2016/03/07 14:41:39  TRACE> SqlEXTC0103.selectApprovalRes() END
2016/03/07 14:41:39  DEBUG> LogicEXTC0103.GetApproval() 確認記録情報取得
■SQL Data :
   Sql Command > SELECT 
    t1.yoyaku_no, 
    t1.seq, 
    to_char(t1.check_dt, 'yyyy/mm/dd hh24:mi') as check_dt, 
    t1.check_sts, 
    t1.com, 
    t2.user_nm as user_nm 
FROM 
    check_rireki_tbl t1 
    LEFT JOIN 
        user_mst t2 
        ON  t1.check_usercd = t2.user_cd 
WHERE t1.yoyaku_no = :YoyakuNo ORDER BY t1.seq 
   Parameters Data > 
      [:YoyakuNo] S00118
2016/03/07 14:41:39  TRACE> LogicEXTC0103.GetApproval() END
2016/03/07 14:41:39  TRACE> LogicEXTC0103.GetFutai() START
2016/03/07 14:41:39  TRACE> SqlEXTC0103.selectFutaiHeadder() START
2016/03/07 14:41:39  TRACE> SqlEXTC0103.selectFutaiHeadder() END
2016/03/07 14:41:39  DEBUG> LogicEXTC0103.GetFutai() 付帯情報取得
■SQL Data :
   Sql Command > SELECT 
    t1.yoyaku_no, 
    t1.yoyaku_dt, 
    t1.fuzoku_nm, 
    t1.total_fuzoku_kin 
   ,CASE WHEN :SYANAI = '2' THEN 0 ELSE COALESCE(t2.tax_kin,0) END AS tax_kin
FROM 
    friyo_tbl t1 
LEFT JOIN ( SELECT t0.YOYAKU_NO , t0.YOYAKU_DT , sum(t0.tax_kin) AS tax_kin 
 FROM  ( SELECT CASE WHEN tt2.NOTAX_FLG = '0' THEN ROUND((tt1.FUTAI_KIN * tt3.TAX_RITU ) /100 ,0 )
                                              ELSE 0 
                END TAX_KIN 
               ,tt1.YOYAKU_NO 
               ,tt1.YOYAKU_DT 
         FROM  FRIYO_MEISAI_TBL tt1 
           LEFT OUTER JOIN  FBUNRUI_MST tt2 
                       ON   tt1.FUTAI_BUNRUI_CD = tt2.BUNRUI_CD 
                      AND   '2' = tt2.SHISETU_KBN 
                      AND   tt1.YOYAKU_DT BETWEEN tt2.KIKAN_FROM AND tt2.KIKAN_TO 
           LEFT OUTER JOIN  TAX_MST tt3 
                       ON   tt1.YOYAKU_DT BETWEEN tt3.TAXS_DT AND tt3.TAXE_DT 
        ) t0 
 GROUP BY t0.YOYAKU_NO , t0.YOYAKU_DT 
       ) t2 
      ON  t1.YOYAKU_NO = t2.YOYAKU_NO 
     AND  t1.YOYAKU_DT = t2.YOYAKU_DT 
WHERE t1.yoyaku_no = :YoyakuNo 
 AND  t1.yoyaku_dt = :Riyobi 
ORDER BY add_dt 
   Parameters Data > 
      [:YoyakuNo] S00118
      [:Riyobi] 2016/01/08
      [:ShisetuKbn] 2
      [:SYANAI] 1
2016/03/07 14:41:40  TRACE> SqlEXTC0103.selectFutaiDetail() START
2016/03/07 14:41:40  TRACE> SqlEXTC0103.selectFutaiDetail() END
2016/03/07 14:41:40  DEBUG> LogicEXTC0103.GetFutai() 付帯情報取得
■SQL Data :
   Sql Command > SELECT 
    t1.yoyaku_no, 
    t1.yoyaku_dt, 
    t1.futai_bunrui_cd, 
    t1.futai_cd, 
    t1.futai_tanka, 
    t1.futai_su, 
    t1.futai_shokei, 
    t1.futai_chosei, 
    t1.futai_kin, 
    t1.futai_biko, 
    m1.futai_nm, 
    m1.tani as futai_tani, 
    m2.bunrui_nm as futai_bunrui_nm, 
    m2.shukei_grp, 
    m2.kamoku_cd, 
    m2.saimoku_cd, 
    m2.uchi_cd, 
    m2.shosai_cd, 
    m2.karikamoku_cd, 
    m2.kari_saimoku_cd, 
    m2.kari_uchi_cd, 
    m2.kari_shosai_cd, 
    m2.notax_flg, 
    m3.kamoku_nm, 
    m3.saimoku_nm, 
    m3.uchi_nm, 
    m3.shosai_nm 
   ,COALESCE((CASE WHEN :SYANAI = '2' THEN  0
                            ELSE 
                               CASE WHEN m2.notax_flg = '0' THEN ROUND((t1.futai_kin * m4.tax_ritu) /100 ,0)
                                    ELSE 0 
                               END 
     END),0)  as tax_kin 
FROM 
    friyo_meisai_tbl t1 
LEFT JOIN futai_mst m1 
    ON t1.futai_bunrui_cd = m1.bunrui_cd 
    AND t1.futai_cd = m1.futai_cd 
    AND m1.shisetu_kbn = :ShisetuKbn 
    AND :Riyobi BETWEEN m1.kikan_from AND m1.kikan_to 
    AND m1.sts = '0' 
LEFT JOIN fbunrui_mst m2 
    ON t1.futai_bunrui_cd = m2.bunrui_cd 
    AND m2.shisetu_kbn = :ShisetuKbn 
    AND :Riyobi BETWEEN m2.kikan_from AND m2.kikan_to 
    AND m2.sts = '0' 
LEFT JOIN kamoku_mst m3 
    ON m2.kamoku_cd = m3.kamoku_cd 
    AND m2.saimoku_cd = m3.saimoku_cd 
    AND m2.uchi_cd = m3.uchi_cd 
    AND m2.shosai_cd = m3.shosai_cd 
    AND m3.sts = '0' 
LEFT JOIN TAX_MST m4 
    ON  :Riyobi BETWEEN m4.TAXS_DT AND m4.TAXE_DT
WHERE 
    t1.yoyaku_no = :YoyakuNo 
    AND t1.yoyaku_dt = :Riyobi 
ORDER BY t1.add_dt 
   Parameters Data > 
      [:YoyakuNo] S00118
      [:ShisetuKbn] 2
      [:Riyobi] 2016/01/08
      [:SYANAI] 1
2016/03/07 14:41:40  TRACE> LogicEXTC0103.GetFutai() END
2016/03/07 14:41:40  TRACE> LogicEXTC0103.GetTax() START
2016/03/07 14:41:40  TRACE> SqlEXTC0103.selectTax() START
2016/03/07 14:41:40  TRACE> SqlEXTC0103.selectTax() END
2016/03/07 14:41:40  TRACE> LogicEXTC0103.GetTax() TAX = 0.08
2016/03/07 14:41:40  TRACE> LogicEXTC0103.GetTax() END
2016/03/07 14:41:40  TRACE> LogicEXTC0103.GetBillReq() START
2016/03/07 14:41:40  TRACE> SqlEXTC0103.selectBillReq() START
2016/03/07 14:41:40  TRACE> SqlEXTC0103.selectBillReq() END
2016/03/07 14:41:40  DEBUG> LogicEXTC0103.GetBillReq() 請求情報取得
■SQL Data :
   Sql Command > SELECT 
    t1.yoyaku_no, 
    t1.seq, 
    t1.seikyu_irai_no, 
    t1.seikyu_dt, 
    t1.nyukin_yotei_dt, 
    t1.kakutei_kin, 
    t1.chosei_kin, 
    t1.shokei, 
    t1.tax_kin, 
    t1.seikyu_kin, 
    t1.seikyu_naiyo, 
    CASE WHEN t1.seikyu_naiyo='1' THEN '利用料' WHEN t1.seikyu_naiyo='2' THEN '付帯設備'
         WHEN t1.seikyu_naiyo='3' THEN '利用料+付帯設備' WHEN t1.seikyu_naiyo='4' THEN '還付' ELSE '' END as seikyu_naiyo_nm, 
    t1.aite_cd, 
    m1.aite_nm, 
    t1.nyukin_kbn, 
    t1.seikyu_title1, 
    t1.seikyu_title2, 
    t1.nyukin_dt, 
    t1.nyukin_kin, 
    t1.seikyu_input_flg, 
    t1.seikyu_irai_flg, 
    t1.nyukin_input_flg, 
    t1.nyukin_link_no,
    t1.seikyu_input_flg AS get_seikyu_input_flg 
FROM 
    BILLPAY_TBL t1 
LEFT JOIN AITESAKI_MST m1 
    ON t1.aite_cd = m1.aite_cd 
WHERE t1.yoyaku_no = :YoyakuNo 
ORDER BY t1.seq 
   Parameters Data > 
      [:YoyakuNo] S00118
2016/03/07 14:41:40  TRACE> LogicEXTC0103.GetBillReq() END
2016/03/07 14:41:40  TRACE> LogicEXTC0103.GetExasRiyoryo() START
2016/03/07 14:41:40  TRACE> SqlEXTC0103.selectExasRiyoryo() START
2016/03/07 14:41:40  TRACE> SqlEXTC0103.selectExasRiyoryo() END
2016/03/07 14:41:40  TRACE> SqlEXTC0103.selectExasFutai() START
2016/03/07 14:41:40  TRACE> SqlEXTC0103.selectExasFutai() END
2016/03/07 14:41:40  DEBUG> LogicEXTC0103.GetExasRiyoryo() EXASプロジェクト情報取得
■SQL Data :
   Sql Command > SELECT 
    t1.yoyaku_no, 
    t1.seq, 
    t1.seikyu_irai_no, 
    t1.seikyu_irai_seq, 
    t1.seikyu_naiyo, 
    t1.riyo_ym, 
    t1.shukei_grp, 
    t2.kamoku_nm, 
    t2.saimoku_nm, 
    t2.uchi_nm, 
    t2.shosai_nm, 
    t1.keijo_kin, 
    COALESCE(t1.tax_kin,0) tax_kin ,
    t1.tekiyo1, 
    t1.tekiyo2, 
    t3.event_nm, 
    t4.content_uchi_nm, 
    t1.kamoku_cd, 
    t1.saimoku_cd, 
    t1.uchi_cd, 
    t1.shosai_cd, 
    t1.content_cd, 
    t1.content_uchi_cd, 
    t1.shukei_grp, 
    t2.karikamoku_cd, 
    t2.kari_saimoku_cd, 
    t2.kari_uchi_cd, 
    t2.kari_shosai_cd 
FROM 
    project_tbl t1 
    LEFT JOIN 
        kamoku_mst t2 
    ON  t1.kamoku_cd = t2.kamoku_cd 
    AND t1.saimoku_cd = t2.saimoku_cd 
    AND t1.uchi_cd = t2.uchi_cd 
    AND t1.shosai_cd = t2.shosai_cd 
    LEFT JOIN 
        content_mst t3 
    ON  t1.content_cd = t3.event_cd 
    LEFT JOIN 
        content_uchi_mst t4 
    ON  t1.content_cd = t4.content_cd 
    AND t1.content_uchi_cd = t4.content_uchi_cd 
WHERE 
    ( 
        t1.seikyu_naiyo = '2' 
    OR  t1.seikyu_naiyo = '3' 
    ) 
AND t1.yoyaku_no = :YoyakuNo 
AND t1.seikyu_irai_no = :SeikyuIraiNo 
 ORDER BY 
   t1.riyo_ym ASC , t2.kamoku_nm ASC 
   Parameters Data > 
2016/03/07 14:41:40  TRACE> LogicEXTC0103.GetExasRiyoryo() END
2016/03/07 14:41:40  TRACE> LogicEXTC0103.GetNyukin() START
2016/03/07 14:41:40  TRACE> SqlEXTC0103.selectNyukin() START
2016/03/07 14:41:40  TRACE> SqlEXTC0103.selectNyukin() END
2016/03/07 14:41:40  TRACE> SqlEXTC0103.selectNyukin() START
2016/03/07 14:41:40  TRACE> SqlEXTC0103.selectNyukin() END
2016/03/07 14:41:40  DEBUG> LogicEXTC0103.GetNyukin() 請求情報取得
■SQL Data :
   Sql Command > SELECT 
    yoyaku_no, 
    aite_cd, 
    aite_nm, 
    nyukin_yotei_dt, 
    nyukin_dt, 
    seikyu_kin, 
    seikyu_dt, 
    input_dt, 
    sekikyu_no, 
    seikyu_irai_no, 
    seikyu_kin, 
    nyukin_link_no, 
    :LineNo as line_no 
FROM 
    exas_nyukin_tbl 
WHERE 1 = 1 AND yoyaku_no = 'S00118' 
AND seikyu_irai_no = '' 
AND nyukin_link_no = (select MIN(nyukin_link_no) FROM exas_nyukin_tbl WHERE nyukin_dt = (select MIN(nyukin_dt) FROM exas_nyukin_tbl WHERE seikyu_irai_no = '') and seikyu_irai_no = '')

   Parameters Data > 
      [:LineNo] 1
2016/03/07 14:41:40  TRACE> LogicEXTC0103.GetNyukin() END
2016/03/07 14:41:40  TRACE> LogicEXTC0102.GetSekininshaList() START
2016/03/07 14:41:40  TRACE> SqlEXTC0102.setSelectSekininName() START
2016/03/07 14:41:40  TRACE> SqlEXTC0102.setSelectSekininName() END
2016/03/07 14:41:40  TRACE> CommonLogicEXT.SetFormBackColor() START
2016/03/07 14:41:40  TRACE> CommonLogicEXT.SetFormBackColor() END
2016/03/07 14:41:52  TRACE> CommonLogicEXT.CheckDBCondition() START
2016/03/07 14:41:52  TRACE> CommonLogicEXT.NetUseConect() START
2016/03/07 14:41:52  TRACE> CommonLogicEXT.NetUseConectDel() START
2016/03/07 14:41:52  TRACE> CommonLogicEXT.NetUseConectDel() START
2016/03/07 14:41:52  TRACE> CommonLogicEXT.CheckDBCondition() END
2016/03/07 14:41:52  TRACE> EXTC0103.inputCheckSeikyuInfoInput() START
2016/03/07 14:41:52  TRACE> EXTC0103.inputCheckSeikyuInfoInput() END
2016/03/07 14:41:52  TRACE> CommonLogicEXT.SetFormBackColor() START
2016/03/07 14:41:52  TRACE> CommonLogicEXT.SetFormBackColor() END
2016/03/07 14:41:53  TRACE> CommonLogicEXT.CheckDBCondition() START
2016/03/07 14:41:53  TRACE> CommonLogicEXT.NetUseConect() START
2016/03/07 14:41:53  TRACE> CommonLogicEXT.NetUseConectDel() START
2016/03/07 14:41:53  TRACE> CommonLogicEXT.NetUseConectDel() START
2016/03/07 14:41:53  TRACE> CommonLogicEXT.CheckDBCondition() END
2016/03/07 14:41:54  TRACE> CommonLogicEXT.SetFormBackColor() START
2016/03/07 14:41:54  TRACE> CommonLogicEXT.SetFormBackColor() END
2016/03/07 14:42:18  TRACE> CommonLogicEXT.CheckDBCondition() START
2016/03/07 14:42:18  TRACE> CommonLogicEXT.NetUseConect() START
2016/03/07 14:42:18  TRACE> CommonLogicEXT.NetUseConectDel() START
2016/03/07 14:42:18  TRACE> CommonLogicEXT.NetUseConectDel() START
2016/03/07 14:42:18  TRACE> CommonLogicEXT.CheckDBCondition() END
2016/03/07 14:42:38  TRACE> CommonLogicEXT.CheckDBCondition() START
2016/03/07 14:42:38  TRACE> CommonLogicEXT.NetUseConect() START
2016/03/07 14:42:38  TRACE> CommonLogicEXT.NetUseConectDel() START
2016/03/07 14:42:38  TRACE> CommonLogicEXT.NetUseConectDel() START
2016/03/07 14:42:38  TRACE> CommonLogicEXT.CheckDBCondition() END
2016/03/07 14:42:38  TRACE> LogicEXTZ0202.DeleteYoyakuCtlShisetuData() START
2016/03/07 14:42:38  TRACE> LogicEXTZ0202.DeleteYoyakuCtlShisetuData() END
2016/03/07 14:42:38  TRACE> CommonLogicEXT.CheckDBCondition() START
2016/03/07 14:42:38  TRACE> CommonLogicEXT.NetUseConect() START
2016/03/07 14:42:38  TRACE> CommonLogicEXT.NetUseConectDel() START
2016/03/07 14:42:38  TRACE> CommonLogicEXT.NetUseConectDel() START
2016/03/07 14:42:38  TRACE> CommonLogicEXT.CheckDBCondition() END
2016/03/07 14:42:38  TRACE> LogicEXTZ0202.DeleteYoyakuCtlShisetuData() START
2016/03/07 14:42:38  TRACE> LogicEXTZ0202.DeleteYoyakuCtlShisetuData() END
2016/03/07 14:42:38  TRACE> CommonLogicEXT.CheckDBCondition() START
2016/03/07 14:42:38  TRACE> CommonLogicEXT.NetUseConect() START
2016/03/07 14:42:38  TRACE> CommonLogicEXT.NetUseConectDel() START
2016/03/07 14:42:38  TRACE> CommonLogicEXT.NetUseConectDel() START
2016/03/07 14:42:38  TRACE> CommonLogicEXT.CheckDBCondition() END
2016/03/07 14:42:38  TRACE> LogicEXTC0101.MakeSpread() START
2016/03/07 14:42:38  TRACE> LogicEXTC0101.GetSpreadData() START
2016/03/07 14:42:38  TRACE> SqlEXTC0101.setSelectShukusaijitsu() START
2016/03/07 14:42:38  TRACE> SqlEXTC0101.setSelectShukusaijitsu() END
2016/03/07 14:42:38  DEBUG> LogicEXTC0101.GetSpreadData() 
■SQL Data :
   Sql Command > select 
  HOLIDAY_DT
from
  HOLIDAY_MST 
where
  substr(HOLIDAY_DT,1,7) = :HOLIDAY_DT
   Parameters Data > 
      [:HOLIDAY_DT] 2016/01
2016/03/07 14:42:38  TRACE> SqlEXTC0101.setSelectYoyakuList() START
2016/03/07 14:42:38  TRACE> SqlEXTC0101.setSelectYoyakuList() END
2016/03/07 14:42:38  DEBUG> LogicEXTC0101.GetSpreadData() 
■SQL Data :
   Sql Command > select 
   a.SHISETU_KBN
  ,a.STUDIO_KBN
  ,a.YOYAKU_DT
  ,a.START_TIME
  ,a.END_TIME
  ,a.YOYAKU_NO
  ,a.MITEI_FLG
  ,b.STUDIO_KBN  
  ,b.SAIJI_NM
  ,b.SHUTSUEN_NM
  ,b.YOYAKU_STS
  ,a.RIYO_KEITAI
  ,c.RIYO_NM
from
  YDT_TBL a
left join YOYAKU_TBL b on(
  a.YOYAKU_NO = b.YOYAKU_NO
)
left join RIYOSHA_MST c on(
  b.RIYOSHA_CD = c.RIYOSHA_CD
)
where
  a.SHISETU_KBN = '2'
  and substr(a.YOYAKU_DT,1,7) = :YOYAKU_DT
  and b.YOYAKU_STS IN ('1', '2', '3', '4')
order by a.YOYAKU_DT, a.START_TIME
   Parameters Data > 
      [:YOYAKU_DT] 2016/01
2016/03/07 14:42:38  TRACE> SqlEXTC0101.setSelectMikakuYoyakuList() START
2016/03/07 14:42:38  TRACE> SqlEXTC0101.setSelectMikakuYoyakuList() END
2016/03/07 14:42:38  DEBUG> LogicEXTC0101.GetSpreadData() 
■SQL Data :
   Sql Command > select
   USER_CD
  ,SHISETU_KBN
  ,STUDIO_KBN
  ,YOYAKU_DT
from
  YCTL_TBL
where
  SHISETU_KBN = '2'
  and substr(YOYAKU_DT,1,7) = :YOYAKU_DT
   Parameters Data > 
      [:YOYAKU_DT] 2016/01
2016/03/07 14:42:38  TRACE> SqlEXTC0101.setSelectCancelList() START
2016/03/07 14:42:38  TRACE> SqlEXTC0101.setSelectCancelList() END
2016/03/07 14:42:38  DEBUG> LogicEXTC0101.GetSpreadData() 
■SQL Data :
   Sql Command > select
a.SHISETU_KBN
,a.STUDIO_KBN
,a.RIYO_DT_FLG
,a.RIYO_YM
,a.RIYO_DT
,a.CANCEL_WAIT_NO
,a.START_TIME
,a.END_TIME
,a.RIYO_MEMO
,a.WAKU_NO
,a.RIYO_KEITAI
,a.MITEI_FLG
,b.SAIJI_NM
,b.RIYO_NM
,b.SHUTSUEN_NM
from
CANCEL_WAIT_DT_TBL a
inner join CANCEL_WAIT_TBL b on(
a.CANCEL_WAIT_NO = b.CANCEL_WAIT_NO
)
where
a.RIYO_YM = :RIYO_YM
and a.SHISETU_KBN = '2'
and a.RIYO_DT_FLG = :RIYO_DT_FLG
and b.CANCEL_WAIT_STS = :CANCEL_WAIT_STS
order by 
a.RIYO_DT, a.WAKU_NO
   Parameters Data > 
      [:RIYO_YM] 2016/01
      [:RIYO_DT_FLG] 1
      [:CANCEL_WAIT_STS] 1
2016/03/07 14:42:38  TRACE> SqlEXTC0101.setSelectCancelList() START
2016/03/07 14:42:38  TRACE> SqlEXTC0101.setSelectCancelList() END
2016/03/07 14:42:38  DEBUG> LogicEXTC0101.GetSpreadData() 
■SQL Data :
   Sql Command > select
a.SHISETU_KBN
,a.STUDIO_KBN
,a.RIYO_DT_FLG
,a.RIYO_YM
,a.RIYO_DT
,a.CANCEL_WAIT_NO
,a.START_TIME
,a.END_TIME
,a.RIYO_MEMO
,a.WAKU_NO
,a.RIYO_KEITAI
,a.MITEI_FLG
,b.SAIJI_NM
,b.RIYO_NM
,b.SHUTSUEN_NM
from
CANCEL_WAIT_DT_TBL a
inner join CANCEL_WAIT_TBL b on(
a.CANCEL_WAIT_NO = b.CANCEL_WAIT_NO
)
where
a.RIYO_YM = :RIYO_YM
and a.SHISETU_KBN = '2'
and b.CANCEL_WAIT_STS = :CANCEL_WAIT_STS
order by 
a.RIYO_DT, a.WAKU_NO
   Parameters Data > 
      [:RIYO_YM] 2016/01
      [:CANCEL_WAIT_STS] 1
2016/03/07 14:42:38  TRACE> SqlEXTC0101.setSelectMikakuCancelWaitList() START
2016/03/07 14:42:38  TRACE> SqlEXTC0101.setSelectMikakuCancelWaitList() END
2016/03/07 14:42:38  DEBUG> LogicEXTC0101.GetSpreadData() 
■SQL Data :
   Sql Command > select
   USER_CD
  ,SHISETU_KBN
  ,STUDIO_KBN
  ,YOYAKU_DT
from
  CCTL_TBL
where
  SHISETU_KBN = '2'
  and substr(YOYAKU_DT,1,7) = :YOYAKU_DT
   Parameters Data > 
      [:YOYAKU_DT] 2016/01
2016/03/07 14:42:38  TRACE> SqlEXTC0101.setSelectCancelList() START
2016/03/07 14:42:38  TRACE> SqlEXTC0101.setSelectCancelList() END
2016/03/07 14:42:38  DEBUG> LogicEXTC0101.GetSpreadData() 
■SQL Data :
   Sql Command > select
a.SHISETU_KBN
,a.STUDIO_KBN
,a.RIYO_DT_FLG
,a.RIYO_YM
,a.RIYO_DT
,a.CANCEL_WAIT_NO
,a.START_TIME
,a.END_TIME
,a.RIYO_MEMO
,a.WAKU_NO
,a.RIYO_KEITAI
,a.MITEI_FLG
,b.SAIJI_NM
,b.RIYO_NM
,b.SHUTSUEN_NM
from
CANCEL_WAIT_DT_TBL a
inner join CANCEL_WAIT_TBL b on(
a.CANCEL_WAIT_NO = b.CANCEL_WAIT_NO
)
where
a.RIYO_YM = :RIYO_YM
and a.SHISETU_KBN = '2'
and b.CANCEL_WAIT_STS = :CANCEL_WAIT_STS
order by 
a.RIYO_DT, a.WAKU_NO
   Parameters Data > 
      [:RIYO_YM] 2016/01
      [:CANCEL_WAIT_STS] 3
2016/03/07 14:42:38  TRACE> SqlEXTC0101.setSelectKyukanMainteList() START
2016/03/07 14:42:38  TRACE> SqlEXTC0101.setSelectKyukanMainteList() END
2016/03/07 14:42:38  DEBUG> LogicEXTC0101.GetSpreadData() 
■SQL Data :
   Sql Command > select
  HOLMENT_DT
  ,SHISETU_KBN
  ,STUDIO_KBN
  ,MNAIYO
  ,HOLMENT_KBN
from
  HOLMENT_MST
where
  SHISETU_KBN = '2'
  and substr(HOLMENT_DT,1,7) = :HOLMENT_DT
   Parameters Data > 
      [:HOLMENT_DT] 2016/01
2016/03/07 14:42:38  TRACE> LogicEXTC0101.GetSpreadData() END
2016/03/07 14:42:38  TRACE> LogicEXTC0101.ViewSpreadData() START
2016/03/07 14:42:38  TRACE> LogicEXTC0101.ViewSpreadData() END
2016/03/07 14:42:38  TRACE> LogicEXTC0101.ViewSpreadData() END
2016/03/07 14:42:38  TRACE> LogicEXTC0101.MakeSpread() END
