2016/02/15 17:36:57  TRACE> LogicEXTA0101.GetConfigrationFlg() START
2016/02/15 17:36:57  TRACE> LogicEXTA0101.GetConfigrationFlg() END
2016/02/15 17:36:57  TRACE> CommonLogicEXT.SetFormBackColor() START
2016/02/15 17:36:57  TRACE> CommonLogicEXT.SetFormBackColor() END
2016/02/15 17:37:04  TRACE> CommonLogicEXT.CheckDBCondition() START
2016/02/15 17:37:04  TRACE> CommonLogicEXT.NetUseConect() START
2016/02/15 17:37:04  TRACE> CommonLogicEXT.NetUseConectDel() START
2016/02/15 17:37:04  TRACE> CommonLogicEXT.NetUseConectDel() START
2016/02/15 17:37:04  TRACE> CommonLogicEXT.CheckDBCondition() END
2016/02/15 17:37:04  TRACE> LogicEXTA0101.LoginInputCheck() START
2016/02/15 17:37:04  TRACE> LogicEXTA0101.LoginInputCheck() END
2016/02/15 17:37:04  TRACE> LogicEXTA0101.GetLoginData() START
2016/02/15 17:37:04  TRACE> SqlEXTA0101.setSelectLoginData() START
2016/02/15 17:37:04  TRACE> SqlEXTA0101.setSelectLoginData() END
2016/02/15 17:37:04  DEBUG> LogicEXTA0101.GetLoginData() ÉçÉOÉCÉìèÓïÒéÊìæ
Å°SQL Data :
   Sql Command > select 
USER_NM, 
MAIL, 
BUSHO_CD, 
SHONIN_FLG, 
MST_FLG 
FROM 
USER_MST 
WHERE
USER_CD = :UserId 
and PW = :Password 
and STS = '0' 
   Parameters Data > 
      [:UserId] USN001
      [:Password] password
2016/02/15 17:37:04  TRACE> LogicEXTA0101.GetLoginData() END
2016/02/15 17:37:04  TRACE> LogicEXTA0101.DelYoyakuCtlData() START
2016/02/15 17:37:04  DEBUG> LogicEXTA0101.DelYoyakuCtlData() Login Proc1
Å°SQL Data :
   Sql Command > DELETE 
FROM 
YCTL_TBL 
WHERE
USER_CD = :UserId 
   Parameters Data > 
      [:UserId] USN001
2016/02/15 17:37:04  DEBUG> LogicEXTA0101.DelYoyakuCtlData() Login Proc2
Å°SQL Data :
   Sql Command > DELETE 
FROM 
CCTL_TBL 
WHERE
USER_CD = :UserId 
   Parameters Data > 
      [:UserId] USN001
2016/02/15 17:37:04  TRACE> LogicEXTA0101.DelYoyakuCtlData() END
2016/02/15 17:37:04  TRACE> LogicEXTA0101.SetSystemProperties() START
2016/02/15 17:37:04  TRACE> SqlEXTA0101.setSelectSystemProperty() START
2016/02/15 17:37:04  TRACE> SqlEXTA0101.setSelectSystemProperty() END
2016/02/15 17:37:04  DEBUG> LogicEXTA0101.SetSystemProperties() ÉVÉXÉeÉÄÉvÉçÉpÉeÉBéÊìæ
Å°SQL Data :
   Sql Command > select 
TEIIN_A, 
TEIIN_B, 
KARI_JIZEN_TUTI, 
GROUP_SEIKYU 
FROM 
SYSTEM_MST 
   Parameters Data > 
2016/02/15 17:37:04  TRACE> LogicEXTA0101.SetSystemProperties() END
2016/02/15 17:37:04  TRACE> EXTA0101.btnLogin_Click() LOGIN:USN001
2016/02/15 17:37:04  TRACE> CommonLogicEXT.SetFormBackColor() START
2016/02/15 17:37:04  TRACE> CommonLogicEXT.SetFormBackColor() END
2016/02/15 17:37:07  TRACE> CommonLogicEXT.CheckDBCondition() START
2016/02/15 17:37:07  TRACE> CommonLogicEXT.NetUseConect() START
2016/02/15 17:37:07  TRACE> CommonLogicEXT.NetUseConectDel() START
2016/02/15 17:37:07  TRACE> CommonLogicEXT.NetUseConectDel() START
2016/02/15 17:37:07  TRACE> CommonLogicEXT.CheckDBCondition() END
2016/02/15 17:37:08  TRACE> LogicEXTY0102.GetCmbInf() START
2016/02/15 17:37:08  TRACE> LogicEXTY0102.GetMastaALSOKRegister() START
2016/02/15 17:37:08  TRACE> SqlEXTY0102.GetCmbRejiMstData() START
2016/02/15 17:37:08  TRACE> SqlEXTY0102.GetCmbRejiMstData() END
2016/02/15 17:37:08  DEBUG> LogicEXTY0102.GetMastaALSOKRegister() ALSOKÉåÉWÉ}ÉXÉ^
Å°SQL Data :
   Sql Command > SELECT 
 REGI_CD 
,REGI_NM 
FROM  ALSOK_TENPO_MST 
WHERE COALESCE(DEPOSIT_KBN,'0') = '2' 
ORDER BY REGI_CD 
   Parameters Data > 
2016/02/15 17:37:08  TRACE> LogicEXTY0102.GetMastaALSOKRegister() END
2016/02/15 17:37:08  TRACE> LogicEXTY0102.GetMastaTenpo() START
2016/02/15 17:37:08  TRACE> SqlEXTY0102.GetCmbTenpMstData() START
2016/02/15 17:37:08  TRACE> SqlEXTY0102.GetCmbTenpMstData() END
2016/02/15 17:37:08  DEBUG> LogicEXTY0102.GetMastaTenpo() ìXï‹É}ÉXÉ^
Å°SQL Data :
   Sql Command > SELECT 
 TENPO_CD 
,TENPO_NM 
FROM  TENPO_MST 
ORDER BY TENPO_CD 
   Parameters Data > 
2016/02/15 17:37:08  TRACE> LogicEXTY0102.GetMastaTenpo() END
2016/02/15 17:37:08  TRACE> LogicEXTY0102.GetCmbInf() END
2016/02/15 17:37:08  TRACE> LogicEXTY0102.InitForm() START
2016/02/15 17:37:08  TRACE> LogicEXTY0102.VwDipositCmbCre() START
2016/02/15 17:37:08  TRACE> LogicEXTY0102.VwDipositCmbCre() END
2016/02/15 17:37:08  TRACE> LogicEXTY0102.InitForm() END
2016/02/15 17:37:08  TRACE> CommonLogicEXT.SetFormBackColor() START
2016/02/15 17:37:08  TRACE> CommonLogicEXT.SetFormBackColor() END
2016/02/15 17:37:08  TRACE> LogicEXTY0102.InitForm() START
2016/02/15 17:37:08  TRACE> LogicEXTY0102.VwDipositCmbCre() START
2016/02/15 17:37:08  TRACE> LogicEXTY0102.VwDipositCmbCre() END
2016/02/15 17:37:08  TRACE> LogicEXTY0102.InitForm() END
2016/02/15 17:37:10  TRACE> LogicEXTY0102.InitForm() START
2016/02/15 17:37:10  TRACE> LogicEXTY0102.VwDipositCmbCre() START
2016/02/15 17:37:10  TRACE> LogicEXTY0102.VwDipositCmbCre() END
2016/02/15 17:37:10  TRACE> LogicEXTY0102.InitForm() END
2016/02/15 17:37:10  TRACE> LogicEXTY0102.InitForm() START
2016/02/15 17:37:10  TRACE> LogicEXTY0102.VwDipositCmbCre() START
2016/02/15 17:37:10  TRACE> LogicEXTY0102.VwDipositCmbCre() END
2016/02/15 17:37:10  TRACE> LogicEXTY0102.InitForm() END
2016/02/15 17:37:15  TRACE> CommonLogicEXT.CheckDBCondition() START
2016/02/15 17:37:15  TRACE> CommonLogicEXT.NetUseConect() START
2016/02/15 17:37:15  TRACE> CommonLogicEXT.NetUseConectDel() START
2016/02/15 17:37:15  TRACE> CommonLogicEXT.NetUseConectDel() START
2016/02/15 17:37:15  TRACE> CommonLogicEXT.CheckDBCondition() END
2016/02/15 17:37:15  TRACE> LogicEXTY0102.DspInputCheck() START
2016/02/15 17:37:15  TRACE> LogicEXTY0102.DspInputCheck() END
2016/02/15 17:37:15  TRACE> LogicEXTY0102.GetVwInf() START
2016/02/15 17:37:15  TRACE> LogicEXTY0102.GetAlsokDeposit() START
2016/02/15 17:37:15  TRACE> SqlEXTY0102.GetAlsokDepositInf() START
2016/02/15 17:37:15  TRACE> SqlEXTY0102.GetAlsokDepositInf() END
2016/02/15 17:37:15  DEBUG> LogicEXTY0102.GetAlsokDeposit() ALSOKì¸ã‡èÓïÒï\ÅiÇbÇrÇuéÊÇËçûÇ›ï™Åj
Å°SQL Data :
   Sql Command > SELECT 
 A.DEPOSIT_MACHINE_CD AS DEPOSIT_MACHINE_CD ,
 A.SEQ  AS SEQ,
 A.DEPOSIT_KBN AS DEPOSIT_KBN , 
 A.DEPOSIT_DT AS DEPOSIT_DT , 
 A.YOYAKU_NO AS YOYAKU_NO , 
 A.REGISTER_CD AS REGISTER_CD ,
 B.REGI_NM AS REGI_NM ,
 A.TENPO_CD AS TENPO_CD , 
 C.TENPO_NM AS TENPO_NM ,
 A.DEPOSIT_AMOUNT AS DEPOSIT_AMOUNT , 
 A.KEIYAKUSAKI_CD AS KEIYAKUSAKI_CD,  
 B.SHISETSU_KBN AS SHISETU_KBN 
FROM ALSOK_DEPOSIT_TBL A
 LEFT OUTER JOIN ALSOK_TENPO_MST B 
       ON A.REGISTER_CD = B.REGI_CD 
 LEFT OUTER JOIN TENPO_MST C 
       ON A.TENPO_CD = C.TENPO_CD  WHERE DEPOSIT_DT >= :DSP_FROM  AND A.DEPOSIT_KBN = '1'  ORDER BY A.DEPOSIT_DT 
   Parameters Data > 
      [DSP_FROM] 2015/10/01
      [DSP_TO] 
2016/02/15 17:37:15  TRACE> LogicEXTY0102.GetAlsokDeposit() END
2016/02/15 17:37:15  TRACE> LogicEXTY0102.GetDegitalCash() START
2016/02/15 17:37:15  TRACE> SqlEXTY0102.GetDegitalCashInf() START
2016/02/15 17:37:15  TRACE> SqlEXTY0102.GetDegitalCashInf() END
2016/02/15 17:37:15  DEBUG> LogicEXTY0102.GetDegitalCash() ALSOKì¸ã‡èÓïÒï\ÅiÇbÇrÇuéÊÇËçûÇ›ï™Åj
Å°SQL Data :
   Sql Command > SELECT 
 A.DEPOSIT_MACHINE_CD AS DEPOSIT_MACHINE_CD ,
 A.SEQ  AS SEQ,
 A.DEPOSIT_KBN AS DEPOSIT_KBN , 
 A.DEPOSIT_DT AS DEPOSIT_DT , 
 A.YOYAKU_NO AS YOYAKU_NO , 
 A.REGISTER_CD AS REGISTER_CD ,
 B.REGI_NM AS REGI_NM ,
 A.TENPO_CD AS TENPO_CD , 
 C.TENPO_NM AS TENPO_NM ,
 A.DEPOSIT_AMOUNT AS DEPOSIT_AMOUNT , 
 A.KEIYAKUSAKI_CD AS KEIYAKUSAKI_CD,  
 B.SHISETSU_KBN AS SHISETU_KBN 
FROM ALSOK_DEPOSIT_TBL A
 LEFT OUTER JOIN ALSOK_TENPO_MST B 
       ON A.REGISTER_CD = B.REGI_CD 
 LEFT OUTER JOIN TENPO_MST C 
       ON A.TENPO_CD = C.TENPO_CD  WHERE DEPOSIT_DT >= :DSP_FROM  AND A.DEPOSIT_KBN = '2'  ORDER BY A.DEPOSIT_DT 
   Parameters Data > 
      [DSP_FROM] 2015/10/01
      [DSP_TO] 
2016/02/15 17:37:15  TRACE> LogicEXTY0102.GetDegitalCash() END
2016/02/15 17:37:15  TRACE> LogicEXTY0102.SetAlsokDeposit() START
2016/02/15 17:37:15  TRACE> LogicEXTY0102.GetAlsokdataCellData() START
2016/02/15 17:37:15  TRACE> LogicEXTY0102.GetYoyakudata() START
2016/02/15 17:37:15  TRACE> SqlEXTY0102.GeSqlYoyakudata() START
2016/02/15 17:37:15  TRACE> SqlEXTY0102.GeSqlYoyakudata() END
2016/02/15 17:37:15  DEBUG> LogicEXTY0102.GetYoyakudata() ó\ñÒèÓïÒéÊìæÅiÇbÇrÇuéÊÇËçûÇ›èàóùÅj
Å°SQL Data :
   Sql Command > SELECT 
 A.YOYAKU_NO AS YOYAKU_NO , 
 CASE WHEN A.SHISETU_KBN = '1' THEN B.SAIJI_NM 
      WHEN A.SHISETU_KBN = '2' THEN B.SHUTSUEN_NM 
 END 
FROM YDT_TBL A 
 INNER JOIN YOYAKU_TBL B 
    ON  A.YOYAKU_NO = B.YOYAKU_NO 
WHERE A.SHISETU_KBN = (SELECT SHISETSU_KBN FROM ALSOK_TENPO_MST WHERE REGI_CD = :REGI_CD ) 
 AND  A.YOYAKU_DT   = :YOYSKU_DT 
UNION 
SELECT 
 C.YOYAKU_NO AS YOYAKU_NO , 
 CASE WHEN C.SHISETU_KBN = '1' THEN C.SAIJI_NM 
      WHEN C.SHISETU_KBN = '2' THEN C.SHUTSUEN_NM 
 END 
FROM YOYAKU_TBL C 
WHERE C.YOYAKU_NO = :YOYAKU_NO 
ORDER BY YOYAKU_NO 
   Parameters Data > 
      [REGI_CD] 005
      [YOYSKU_DT] 2015/10/20
      [YOYAKU_NO] S00053
2016/02/15 17:37:15  TRACE> LogicEXTY0102.GetYoyakudata() END
2016/02/15 17:37:15  TRACE> LogicEXTY0102.GetAlsokdataCellData() END
2016/02/15 17:37:15  TRACE> LogicEXTY0102.GetAlsokdataCellData() START
2016/02/15 17:37:15  TRACE> LogicEXTY0102.GetYoyakudata() START
2016/02/15 17:37:15  TRACE> SqlEXTY0102.GeSqlYoyakudata() START
2016/02/15 17:37:15  TRACE> SqlEXTY0102.GeSqlYoyakudata() END
2016/02/15 17:37:15  DEBUG> LogicEXTY0102.GetYoyakudata() ó\ñÒèÓïÒéÊìæÅiÇbÇrÇuéÊÇËçûÇ›èàóùÅj
Å°SQL Data :
   Sql Command > SELECT 
 A.YOYAKU_NO AS YOYAKU_NO , 
 CASE WHEN A.SHISETU_KBN = '1' THEN B.SAIJI_NM 
      WHEN A.SHISETU_KBN = '2' THEN B.SHUTSUEN_NM 
 END 
FROM YDT_TBL A 
 INNER JOIN YOYAKU_TBL B 
    ON  A.YOYAKU_NO = B.YOYAKU_NO 
WHERE A.SHISETU_KBN = (SELECT SHISETSU_KBN FROM ALSOK_TENPO_MST WHERE REGI_CD = :REGI_CD ) 
 AND  A.YOYAKU_DT   = :YOYSKU_DT 
UNION 
SELECT 
 C.YOYAKU_NO AS YOYAKU_NO , 
 CASE WHEN C.SHISETU_KBN = '1' THEN C.SAIJI_NM 
      WHEN C.SHISETU_KBN = '2' THEN C.SHUTSUEN_NM 
 END 
FROM YOYAKU_TBL C 
WHERE C.YOYAKU_NO = :YOYAKU_NO 
ORDER BY YOYAKU_NO 
   Parameters Data > 
      [REGI_CD] 005
      [YOYSKU_DT] 2015/10/21
      [YOYAKU_NO] S00019
2016/02/15 17:37:15  TRACE> LogicEXTY0102.GetYoyakudata() END
2016/02/15 17:37:15  TRACE> LogicEXTY0102.GetAlsokdataCellData() END
2016/02/15 17:37:15  TRACE> LogicEXTY0102.GetAlsokdataCellData() START
2016/02/15 17:37:15  TRACE> LogicEXTY0102.GetYoyakudata() START
2016/02/15 17:37:15  TRACE> SqlEXTY0102.GeSqlYoyakudata() START
2016/02/15 17:37:15  TRACE> SqlEXTY0102.GeSqlYoyakudata() END
2016/02/15 17:37:15  DEBUG> LogicEXTY0102.GetYoyakudata() ó\ñÒèÓïÒéÊìæÅiÇbÇrÇuéÊÇËçûÇ›èàóùÅj
Å°SQL Data :
   Sql Command > SELECT 
 A.YOYAKU_NO AS YOYAKU_NO , 
 CASE WHEN A.SHISETU_KBN = '1' THEN B.SAIJI_NM 
      WHEN A.SHISETU_KBN = '2' THEN B.SHUTSUEN_NM 
 END 
FROM YDT_TBL A 
 INNER JOIN YOYAKU_TBL B 
    ON  A.YOYAKU_NO = B.YOYAKU_NO 
WHERE A.SHISETU_KBN = (SELECT SHISETSU_KBN FROM ALSOK_TENPO_MST WHERE REGI_CD = :REGI_CD ) 
 AND  A.YOYAKU_DT   = :YOYSKU_DT 
UNION 
SELECT 
 C.YOYAKU_NO AS YOYAKU_NO , 
 CASE WHEN C.SHISETU_KBN = '1' THEN C.SAIJI_NM 
      WHEN C.SHISETU_KBN = '2' THEN C.SHUTSUEN_NM 
 END 
FROM YOYAKU_TBL C 
WHERE C.YOYAKU_NO = :YOYAKU_NO 
ORDER BY YOYAKU_NO 
   Parameters Data > 
      [REGI_CD] 005
      [YOYSKU_DT] 2015/10/25
      [YOYAKU_NO] S00054
2016/02/15 17:37:15  TRACE> LogicEXTY0102.GetYoyakudata() END
2016/02/15 17:37:15  TRACE> LogicEXTY0102.GetAlsokdataCellData() END
2016/02/15 17:37:15  TRACE> LogicEXTY0102.GetAlsokdataCellData() START
2016/02/15 17:37:15  TRACE> LogicEXTY0102.GetYoyakudata() START
2016/02/15 17:37:15  TRACE> SqlEXTY0102.GeSqlYoyakudata() START
2016/02/15 17:37:15  TRACE> SqlEXTY0102.GeSqlYoyakudata() END
2016/02/15 17:37:15  DEBUG> LogicEXTY0102.GetYoyakudata() ó\ñÒèÓïÒéÊìæÅiÇbÇrÇuéÊÇËçûÇ›èàóùÅj
Å°SQL Data :
   Sql Command > SELECT 
 A.YOYAKU_NO AS YOYAKU_NO , 
 CASE WHEN A.SHISETU_KBN = '1' THEN B.SAIJI_NM 
      WHEN A.SHISETU_KBN = '2' THEN B.SHUTSUEN_NM 
 END 
FROM YDT_TBL A 
 INNER JOIN YOYAKU_TBL B 
    ON  A.YOYAKU_NO = B.YOYAKU_NO 
WHERE A.SHISETU_KBN = (SELECT SHISETSU_KBN FROM ALSOK_TENPO_MST WHERE REGI_CD = :REGI_CD ) 
 AND  A.YOYAKU_DT   = :YOYSKU_DT 
UNION 
SELECT 
 C.YOYAKU_NO AS YOYAKU_NO , 
 CASE WHEN C.SHISETU_KBN = '1' THEN C.SAIJI_NM 
      WHEN C.SHISETU_KBN = '2' THEN C.SHUTSUEN_NM 
 END 
FROM YOYAKU_TBL C 
WHERE C.YOYAKU_NO = :YOYAKU_NO 
ORDER BY YOYAKU_NO 
   Parameters Data > 
      [REGI_CD] 003
      [YOYSKU_DT] 2015/10/31
      [YOYAKU_NO] T00005
2016/02/15 17:37:15  TRACE> LogicEXTY0102.GetYoyakudata() END
2016/02/15 17:37:15  TRACE> LogicEXTY0102.GetAlsokdataCellData() END
2016/02/15 17:37:15  TRACE> LogicEXTY0102.GetAlsokdataCellData() START
2016/02/15 17:37:15  TRACE> LogicEXTY0102.GetYoyakudata() START
2016/02/15 17:37:15  TRACE> SqlEXTY0102.GeSqlYoyakudata() START
2016/02/15 17:37:15  TRACE> SqlEXTY0102.GeSqlYoyakudata() END
2016/02/15 17:37:15  DEBUG> LogicEXTY0102.GetYoyakudata() ó\ñÒèÓïÒéÊìæÅiÇbÇrÇuéÊÇËçûÇ›èàóùÅj
Å°SQL Data :
   Sql Command > SELECT 
 A.YOYAKU_NO AS YOYAKU_NO , 
 CASE WHEN A.SHISETU_KBN = '1' THEN B.SAIJI_NM 
      WHEN A.SHISETU_KBN = '2' THEN B.SHUTSUEN_NM 
 END 
FROM YDT_TBL A 
 INNER JOIN YOYAKU_TBL B 
    ON  A.YOYAKU_NO = B.YOYAKU_NO 
WHERE A.SHISETU_KBN = (SELECT SHISETSU_KBN FROM ALSOK_TENPO_MST WHERE REGI_CD = :REGI_CD ) 
 AND  A.YOYAKU_DT   = :YOYSKU_DT 
UNION 
SELECT 
 C.YOYAKU_NO AS YOYAKU_NO , 
 CASE WHEN C.SHISETU_KBN = '1' THEN C.SAIJI_NM 
      WHEN C.SHISETU_KBN = '2' THEN C.SHUTSUEN_NM 
 END 
FROM YOYAKU_TBL C 
WHERE C.YOYAKU_NO = :YOYAKU_NO 
ORDER BY YOYAKU_NO 
   Parameters Data > 
      [REGI_CD] 005
      [YOYSKU_DT] 2015/11/20
      [YOYAKU_NO] S00011
2016/02/15 17:37:15  TRACE> LogicEXTY0102.GetYoyakudata() END
2016/02/15 17:37:15  TRACE> LogicEXTY0102.GetAlsokdataCellData() END
2016/02/15 17:37:15  TRACE> LogicEXTY0102.GetAlsokdataCellData() START
2016/02/15 17:37:15  TRACE> LogicEXTY0102.GetYoyakudata() START
2016/02/15 17:37:16  TRACE> SqlEXTY0102.GeSqlYoyakudata() START
2016/02/15 17:37:16  TRACE> SqlEXTY0102.GeSqlYoyakudata() END
2016/02/15 17:37:16  DEBUG> LogicEXTY0102.GetYoyakudata() ó\ñÒèÓïÒéÊìæÅiÇbÇrÇuéÊÇËçûÇ›èàóùÅj
Å°SQL Data :
   Sql Command > SELECT 
 A.YOYAKU_NO AS YOYAKU_NO , 
 CASE WHEN A.SHISETU_KBN = '1' THEN B.SAIJI_NM 
      WHEN A.SHISETU_KBN = '2' THEN B.SHUTSUEN_NM 
 END 
FROM YDT_TBL A 
 INNER JOIN YOYAKU_TBL B 
    ON  A.YOYAKU_NO = B.YOYAKU_NO 
WHERE A.SHISETU_KBN = (SELECT SHISETSU_KBN FROM ALSOK_TENPO_MST WHERE REGI_CD = :REGI_CD ) 
 AND  A.YOYAKU_DT   = :YOYSKU_DT 
UNION 
SELECT 
 C.YOYAKU_NO AS YOYAKU_NO , 
 CASE WHEN C.SHISETU_KBN = '1' THEN C.SAIJI_NM 
      WHEN C.SHISETU_KBN = '2' THEN C.SHUTSUEN_NM 
 END 
FROM YOYAKU_TBL C 
WHERE C.YOYAKU_NO = :YOYAKU_NO 
ORDER BY YOYAKU_NO 
   Parameters Data > 
      [REGI_CD] 001
      [YOYSKU_DT] 2015/12/02
      [YOYAKU_NO] T00102
2016/02/15 17:37:16  TRACE> LogicEXTY0102.GetYoyakudata() END
2016/02/15 17:37:16  TRACE> LogicEXTY0102.GetAlsokdataCellData() END
2016/02/15 17:37:16  TRACE> LogicEXTY0102.GetAlsokdataCellData() START
2016/02/15 17:37:16  TRACE> LogicEXTY0102.GetYoyakudata() START
2016/02/15 17:37:16  TRACE> SqlEXTY0102.GeSqlYoyakudata() START
2016/02/15 17:37:16  TRACE> SqlEXTY0102.GeSqlYoyakudata() END
2016/02/15 17:37:16  DEBUG> LogicEXTY0102.GetYoyakudata() ó\ñÒèÓïÒéÊìæÅiÇbÇrÇuéÊÇËçûÇ›èàóùÅj
Å°SQL Data :
   Sql Command > SELECT 
 A.YOYAKU_NO AS YOYAKU_NO , 
 CASE WHEN A.SHISETU_KBN = '1' THEN B.SAIJI_NM 
      WHEN A.SHISETU_KBN = '2' THEN B.SHUTSUEN_NM 
 END 
FROM YDT_TBL A 
 INNER JOIN YOYAKU_TBL B 
    ON  A.YOYAKU_NO = B.YOYAKU_NO 
WHERE A.SHISETU_KBN = (SELECT SHISETSU_KBN FROM ALSOK_TENPO_MST WHERE REGI_CD = :REGI_CD ) 
 AND  A.YOYAKU_DT   = :YOYSKU_DT 
UNION 
SELECT 
 C.YOYAKU_NO AS YOYAKU_NO , 
 CASE WHEN C.SHISETU_KBN = '1' THEN C.SAIJI_NM 
      WHEN C.SHISETU_KBN = '2' THEN C.SHUTSUEN_NM 
 END 
FROM YOYAKU_TBL C 
WHERE C.YOYAKU_NO = :YOYAKU_NO 
ORDER BY YOYAKU_NO 
   Parameters Data > 
      [REGI_CD] 004
      [YOYSKU_DT] 2015/12/10
      [YOYAKU_NO] T00051
2016/02/15 17:37:16  TRACE> LogicEXTY0102.GetYoyakudata() END
2016/02/15 17:37:16  TRACE> LogicEXTY0102.GetAlsokdataCellData() END
2016/02/15 17:37:16  TRACE> LogicEXTY0102.GetAlsokdataCellData() START
2016/02/15 17:37:16  TRACE> LogicEXTY0102.GetYoyakudata() START
2016/02/15 17:37:16  TRACE> SqlEXTY0102.GeSqlYoyakudata() START
2016/02/15 17:37:16  TRACE> SqlEXTY0102.GeSqlYoyakudata() END
2016/02/15 17:37:16  DEBUG> LogicEXTY0102.GetYoyakudata() ó\ñÒèÓïÒéÊìæÅiÇbÇrÇuéÊÇËçûÇ›èàóùÅj
Å°SQL Data :
   Sql Command > SELECT 
 A.YOYAKU_NO AS YOYAKU_NO , 
 CASE WHEN A.SHISETU_KBN = '1' THEN B.SAIJI_NM 
      WHEN A.SHISETU_KBN = '2' THEN B.SHUTSUEN_NM 
 END 
FROM YDT_TBL A 
 INNER JOIN YOYAKU_TBL B 
    ON  A.YOYAKU_NO = B.YOYAKU_NO 
WHERE A.SHISETU_KBN = (SELECT SHISETSU_KBN FROM ALSOK_TENPO_MST WHERE REGI_CD = :REGI_CD ) 
 AND  A.YOYAKU_DT   = :YOYSKU_DT 
UNION 
SELECT 
 C.YOYAKU_NO AS YOYAKU_NO , 
 CASE WHEN C.SHISETU_KBN = '1' THEN C.SAIJI_NM 
      WHEN C.SHISETU_KBN = '2' THEN C.SHUTSUEN_NM 
 END 
FROM YOYAKU_TBL C 
WHERE C.YOYAKU_NO = :YOYAKU_NO 
ORDER BY YOYAKU_NO 
   Parameters Data > 
      [REGI_CD] 004
      [YOYSKU_DT] 2015/12/11
      [YOYAKU_NO] T00051
2016/02/15 17:37:16  TRACE> LogicEXTY0102.GetYoyakudata() END
2016/02/15 17:37:16  TRACE> LogicEXTY0102.GetAlsokdataCellData() END
2016/02/15 17:37:16  TRACE> LogicEXTY0102.GetAlsokdataCellData() START
2016/02/15 17:37:16  TRACE> LogicEXTY0102.GetYoyakudata() START
2016/02/15 17:37:16  TRACE> SqlEXTY0102.GeSqlYoyakudata() START
2016/02/15 17:37:16  TRACE> SqlEXTY0102.GeSqlYoyakudata() END
2016/02/15 17:37:16  DEBUG> LogicEXTY0102.GetYoyakudata() ó\ñÒèÓïÒéÊìæÅiÇbÇrÇuéÊÇËçûÇ›èàóùÅj
Å°SQL Data :
   Sql Command > SELECT 
 A.YOYAKU_NO AS YOYAKU_NO , 
 CASE WHEN A.SHISETU_KBN = '1' THEN B.SAIJI_NM 
      WHEN A.SHISETU_KBN = '2' THEN B.SHUTSUEN_NM 
 END 
FROM YDT_TBL A 
 INNER JOIN YOYAKU_TBL B 
    ON  A.YOYAKU_NO = B.YOYAKU_NO 
WHERE A.SHISETU_KBN = (SELECT SHISETSU_KBN FROM ALSOK_TENPO_MST WHERE REGI_CD = :REGI_CD ) 
 AND  A.YOYAKU_DT   = :YOYSKU_DT 
UNION 
SELECT 
 C.YOYAKU_NO AS YOYAKU_NO , 
 CASE WHEN C.SHISETU_KBN = '1' THEN C.SAIJI_NM 
      WHEN C.SHISETU_KBN = '2' THEN C.SHUTSUEN_NM 
 END 
FROM YOYAKU_TBL C 
WHERE C.YOYAKU_NO = :YOYAKU_NO 
ORDER BY YOYAKU_NO 
   Parameters Data > 
      [REGI_CD] 005
      [YOYSKU_DT] 2015/12/12
      [YOYAKU_NO] S00003
2016/02/15 17:37:16  TRACE> LogicEXTY0102.GetYoyakudata() END
2016/02/15 17:37:16  TRACE> LogicEXTY0102.GetAlsokdataCellData() END
2016/02/15 17:37:16  TRACE> LogicEXTY0102.GetAlsokdataCellData() START
2016/02/15 17:37:16  TRACE> LogicEXTY0102.GetYoyakudata() START
2016/02/15 17:37:16  TRACE> SqlEXTY0102.GeSqlYoyakudata() START
2016/02/15 17:37:16  TRACE> SqlEXTY0102.GeSqlYoyakudata() END
2016/02/15 17:37:16  DEBUG> LogicEXTY0102.GetYoyakudata() ó\ñÒèÓïÒéÊìæÅiÇbÇrÇuéÊÇËçûÇ›èàóùÅj
Å°SQL Data :
   Sql Command > SELECT 
 A.YOYAKU_NO AS YOYAKU_NO , 
 CASE WHEN A.SHISETU_KBN = '1' THEN B.SAIJI_NM 
      WHEN A.SHISETU_KBN = '2' THEN B.SHUTSUEN_NM 
 END 
FROM YDT_TBL A 
 INNER JOIN YOYAKU_TBL B 
    ON  A.YOYAKU_NO = B.YOYAKU_NO 
WHERE A.SHISETU_KBN = (SELECT SHISETSU_KBN FROM ALSOK_TENPO_MST WHERE REGI_CD = :REGI_CD ) 
 AND  A.YOYAKU_DT   = :YOYSKU_DT 
UNION 
SELECT 
 C.YOYAKU_NO AS YOYAKU_NO , 
 CASE WHEN C.SHISETU_KBN = '1' THEN C.SAIJI_NM 
      WHEN C.SHISETU_KBN = '2' THEN C.SHUTSUEN_NM 
 END 
FROM YOYAKU_TBL C 
WHERE C.YOYAKU_NO = :YOYAKU_NO 
ORDER BY YOYAKU_NO 
   Parameters Data > 
      [REGI_CD] 004
      [YOYSKU_DT] 2015/12/12
      [YOYAKU_NO] T00051
2016/02/15 17:37:16  TRACE> LogicEXTY0102.GetYoyakudata() END
2016/02/15 17:37:16  TRACE> LogicEXTY0102.GetAlsokdataCellData() END
2016/02/15 17:37:16  TRACE> LogicEXTY0102.GetAlsokdataCellData() START
2016/02/15 17:37:16  TRACE> LogicEXTY0102.GetYoyakudata() START
2016/02/15 17:37:16  TRACE> SqlEXTY0102.GeSqlYoyakudata() START
2016/02/15 17:37:16  TRACE> SqlEXTY0102.GeSqlYoyakudata() END
2016/02/15 17:37:16  DEBUG> LogicEXTY0102.GetYoyakudata() ó\ñÒèÓïÒéÊìæÅiÇbÇrÇuéÊÇËçûÇ›èàóùÅj
Å°SQL Data :
   Sql Command > SELECT 
 A.YOYAKU_NO AS YOYAKU_NO , 
 CASE WHEN A.SHISETU_KBN = '1' THEN B.SAIJI_NM 
      WHEN A.SHISETU_KBN = '2' THEN B.SHUTSUEN_NM 
 END 
FROM YDT_TBL A 
 INNER JOIN YOYAKU_TBL B 
    ON  A.YOYAKU_NO = B.YOYAKU_NO 
WHERE A.SHISETU_KBN = (SELECT SHISETSU_KBN FROM ALSOK_TENPO_MST WHERE REGI_CD = :REGI_CD ) 
 AND  A.YOYAKU_DT   = :YOYSKU_DT 
UNION 
SELECT 
 C.YOYAKU_NO AS YOYAKU_NO , 
 CASE WHEN C.SHISETU_KBN = '1' THEN C.SAIJI_NM 
      WHEN C.SHISETU_KBN = '2' THEN C.SHUTSUEN_NM 
 END 
FROM YOYAKU_TBL C 
WHERE C.YOYAKU_NO = :YOYAKU_NO 
ORDER BY YOYAKU_NO 
   Parameters Data > 
      [REGI_CD] 001
      [YOYSKU_DT] 2016/01/05
      [YOYAKU_NO] T00025
2016/02/15 17:37:16  TRACE> LogicEXTY0102.GetYoyakudata() END
2016/02/15 17:37:16  TRACE> LogicEXTY0102.GetAlsokdataCellData() END
2016/02/15 17:37:16  TRACE> LogicEXTY0102.GetAlsokdataCellData() START
2016/02/15 17:37:16  TRACE> LogicEXTY0102.GetYoyakudata() START
2016/02/15 17:37:16  TRACE> SqlEXTY0102.GeSqlYoyakudata() START
2016/02/15 17:37:16  TRACE> SqlEXTY0102.GeSqlYoyakudata() END
2016/02/15 17:37:16  DEBUG> LogicEXTY0102.GetYoyakudata() ó\ñÒèÓïÒéÊìæÅiÇbÇrÇuéÊÇËçûÇ›èàóùÅj
Å°SQL Data :
   Sql Command > SELECT 
 A.YOYAKU_NO AS YOYAKU_NO , 
 CASE WHEN A.SHISETU_KBN = '1' THEN B.SAIJI_NM 
      WHEN A.SHISETU_KBN = '2' THEN B.SHUTSUEN_NM 
 END 
FROM YDT_TBL A 
 INNER JOIN YOYAKU_TBL B 
    ON  A.YOYAKU_NO = B.YOYAKU_NO 
WHERE A.SHISETU_KBN = (SELECT SHISETSU_KBN FROM ALSOK_TENPO_MST WHERE REGI_CD = :REGI_CD ) 
 AND  A.YOYAKU_DT   = :YOYSKU_DT 
UNION 
SELECT 
 C.YOYAKU_NO AS YOYAKU_NO , 
 CASE WHEN C.SHISETU_KBN = '1' THEN C.SAIJI_NM 
      WHEN C.SHISETU_KBN = '2' THEN C.SHUTSUEN_NM 
 END 
FROM YOYAKU_TBL C 
WHERE C.YOYAKU_NO = :YOYAKU_NO 
ORDER BY YOYAKU_NO 
   Parameters Data > 
      [REGI_CD] 003
      [YOYSKU_DT] 2016/01/08
      [YOYAKU_NO] T00108
2016/02/15 17:37:16  TRACE> LogicEXTY0102.GetYoyakudata() END
2016/02/15 17:37:16  TRACE> LogicEXTY0102.GetAlsokdataCellData() END
2016/02/15 17:37:16  TRACE> LogicEXTY0102.GetAlsokdataCellData() START
2016/02/15 17:37:16  TRACE> LogicEXTY0102.GetYoyakudata() START
2016/02/15 17:37:16  TRACE> SqlEXTY0102.GeSqlYoyakudata() START
2016/02/15 17:37:16  TRACE> SqlEXTY0102.GeSqlYoyakudata() END
2016/02/15 17:37:16  DEBUG> LogicEXTY0102.GetYoyakudata() ó\ñÒèÓïÒéÊìæÅiÇbÇrÇuéÊÇËçûÇ›èàóùÅj
Å°SQL Data :
   Sql Command > SELECT 
 A.YOYAKU_NO AS YOYAKU_NO , 
 CASE WHEN A.SHISETU_KBN = '1' THEN B.SAIJI_NM 
      WHEN A.SHISETU_KBN = '2' THEN B.SHUTSUEN_NM 
 END 
FROM YDT_TBL A 
 INNER JOIN YOYAKU_TBL B 
    ON  A.YOYAKU_NO = B.YOYAKU_NO 
WHERE A.SHISETU_KBN = (SELECT SHISETSU_KBN FROM ALSOK_TENPO_MST WHERE REGI_CD = :REGI_CD ) 
 AND  A.YOYAKU_DT   = :YOYSKU_DT 
UNION 
SELECT 
 C.YOYAKU_NO AS YOYAKU_NO , 
 CASE WHEN C.SHISETU_KBN = '1' THEN C.SAIJI_NM 
      WHEN C.SHISETU_KBN = '2' THEN C.SHUTSUEN_NM 
 END 
FROM YOYAKU_TBL C 
WHERE C.YOYAKU_NO = :YOYAKU_NO 
ORDER BY YOYAKU_NO 
   Parameters Data > 
      [REGI_CD] 003
      [YOYSKU_DT] 2016/01/08
      [YOYAKU_NO] T00108
2016/02/15 17:37:16  TRACE> LogicEXTY0102.GetYoyakudata() END
2016/02/15 17:37:16  TRACE> LogicEXTY0102.GetAlsokdataCellData() END
2016/02/15 17:37:16  TRACE> LogicEXTY0102.GetAlsokdataCellData() START
2016/02/15 17:37:16  TRACE> LogicEXTY0102.GetYoyakudata() START
2016/02/15 17:37:16  TRACE> SqlEXTY0102.GeSqlYoyakudata() START
2016/02/15 17:37:16  TRACE> SqlEXTY0102.GeSqlYoyakudata() END
2016/02/15 17:37:16  DEBUG> LogicEXTY0102.GetYoyakudata() ó\ñÒèÓïÒéÊìæÅiÇbÇrÇuéÊÇËçûÇ›èàóùÅj
Å°SQL Data :
   Sql Command > SELECT 
 A.YOYAKU_NO AS YOYAKU_NO , 
 CASE WHEN A.SHISETU_KBN = '1' THEN B.SAIJI_NM 
      WHEN A.SHISETU_KBN = '2' THEN B.SHUTSUEN_NM 
 END 
FROM YDT_TBL A 
 INNER JOIN YOYAKU_TBL B 
    ON  A.YOYAKU_NO = B.YOYAKU_NO 
WHERE A.SHISETU_KBN = (SELECT SHISETSU_KBN FROM ALSOK_TENPO_MST WHERE REGI_CD = :REGI_CD ) 
 AND  A.YOYAKU_DT   = :YOYSKU_DT 
UNION 
SELECT 
 C.YOYAKU_NO AS YOYAKU_NO , 
 CASE WHEN C.SHISETU_KBN = '1' THEN C.SAIJI_NM 
      WHEN C.SHISETU_KBN = '2' THEN C.SHUTSUEN_NM 
 END 
FROM YOYAKU_TBL C 
WHERE C.YOYAKU_NO = :YOYAKU_NO 
ORDER BY YOYAKU_NO 
   Parameters Data > 
      [REGI_CD] 004
      [YOYSKU_DT] 2016/02/05
      [YOYAKU_NO] T00043
2016/02/15 17:37:16  TRACE> LogicEXTY0102.GetYoyakudata() END
2016/02/15 17:37:16  TRACE> LogicEXTY0102.GetAlsokdataCellData() END
2016/02/15 17:37:16  TRACE> LogicEXTY0102.GetAlsokdataCellData() START
2016/02/15 17:37:16  TRACE> LogicEXTY0102.GetYoyakudata() START
2016/02/15 17:37:16  TRACE> SqlEXTY0102.GeSqlYoyakudata() START
2016/02/15 17:37:16  TRACE> SqlEXTY0102.GeSqlYoyakudata() END
2016/02/15 17:37:16  DEBUG> LogicEXTY0102.GetYoyakudata() ó\ñÒèÓïÒéÊìæÅiÇbÇrÇuéÊÇËçûÇ›èàóùÅj
Å°SQL Data :
   Sql Command > SELECT 
 A.YOYAKU_NO AS YOYAKU_NO , 
 CASE WHEN A.SHISETU_KBN = '1' THEN B.SAIJI_NM 
      WHEN A.SHISETU_KBN = '2' THEN B.SHUTSUEN_NM 
 END 
FROM YDT_TBL A 
 INNER JOIN YOYAKU_TBL B 
    ON  A.YOYAKU_NO = B.YOYAKU_NO 
WHERE A.SHISETU_KBN = (SELECT SHISETSU_KBN FROM ALSOK_TENPO_MST WHERE REGI_CD = :REGI_CD ) 
 AND  A.YOYAKU_DT   = :YOYSKU_DT 
UNION 
SELECT 
 C.YOYAKU_NO AS YOYAKU_NO , 
 CASE WHEN C.SHISETU_KBN = '1' THEN C.SAIJI_NM 
      WHEN C.SHISETU_KBN = '2' THEN C.SHUTSUEN_NM 
 END 
FROM YOYAKU_TBL C 
WHERE C.YOYAKU_NO = :YOYAKU_NO 
ORDER BY YOYAKU_NO 
   Parameters Data > 
      [REGI_CD] 003
      [YOYSKU_DT] 2016/03/30
      [YOYAKU_NO] T00115
2016/02/15 17:37:16  TRACE> LogicEXTY0102.GetYoyakudata() END
2016/02/15 17:37:16  TRACE> LogicEXTY0102.GetAlsokdataCellData() END
2016/02/15 17:37:16  TRACE> LogicEXTY0102.SetAlsokDeposit() END
2016/02/15 17:37:16  TRACE> LogicEXTY0102.SetDegitalCash() START
2016/02/15 17:37:16  TRACE> LogicEXTY0102.GetAlsokdataCellData() START
2016/02/15 17:37:16  TRACE> LogicEXTY0102.GetYoyakudata() START
2016/02/15 17:37:16  TRACE> SqlEXTY0102.GeSqlYoyakudata() START
2016/02/15 17:37:16  TRACE> SqlEXTY0102.GeSqlYoyakudata() END
2016/02/15 17:37:16  DEBUG> LogicEXTY0102.GetYoyakudata() ó\ñÒèÓïÒéÊìæÅiÇbÇrÇuéÊÇËçûÇ›èàóùÅj
Å°SQL Data :
   Sql Command > SELECT 
 A.YOYAKU_NO AS YOYAKU_NO , 
 CASE WHEN A.SHISETU_KBN = '1' THEN B.SAIJI_NM 
      WHEN A.SHISETU_KBN = '2' THEN B.SHUTSUEN_NM 
 END 
FROM YDT_TBL A 
 INNER JOIN YOYAKU_TBL B 
    ON  A.YOYAKU_NO = B.YOYAKU_NO 
WHERE A.SHISETU_KBN = (SELECT SHISETSU_KBN FROM ALSOK_TENPO_MST WHERE REGI_CD = :REGI_CD ) 
 AND  A.YOYAKU_DT   = :YOYSKU_DT 
UNION 
SELECT 
 C.YOYAKU_NO AS YOYAKU_NO , 
 CASE WHEN C.SHISETU_KBN = '1' THEN C.SAIJI_NM 
      WHEN C.SHISETU_KBN = '2' THEN C.SHUTSUEN_NM 
 END 
FROM YOYAKU_TBL C 
WHERE C.YOYAKU_NO = :YOYAKU_NO 
ORDER BY YOYAKU_NO 
   Parameters Data > 
      [REGI_CD] 900
      [YOYSKU_DT] 2015/10/20
      [YOYAKU_NO] S00053
2016/02/15 17:37:16  TRACE> LogicEXTY0102.GetYoyakudata() END
2016/02/15 17:37:16  TRACE> LogicEXTY0102.GetAlsokdataCellData() END
2016/02/15 17:37:16  TRACE> LogicEXTY0102.GetAlsokdataCellData() START
2016/02/15 17:37:16  TRACE> LogicEXTY0102.GetYoyakudata() START
2016/02/15 17:37:16  TRACE> SqlEXTY0102.GeSqlYoyakudata() START
2016/02/15 17:37:16  TRACE> SqlEXTY0102.GeSqlYoyakudata() END
2016/02/15 17:37:16  DEBUG> LogicEXTY0102.GetYoyakudata() ó\ñÒèÓïÒéÊìæÅiÇbÇrÇuéÊÇËçûÇ›èàóùÅj
Å°SQL Data :
   Sql Command > SELECT 
 A.YOYAKU_NO AS YOYAKU_NO , 
 CASE WHEN A.SHISETU_KBN = '1' THEN B.SAIJI_NM 
      WHEN A.SHISETU_KBN = '2' THEN B.SHUTSUEN_NM 
 END 
FROM YDT_TBL A 
 INNER JOIN YOYAKU_TBL B 
    ON  A.YOYAKU_NO = B.YOYAKU_NO 
WHERE A.SHISETU_KBN = (SELECT SHISETSU_KBN FROM ALSOK_TENPO_MST WHERE REGI_CD = :REGI_CD ) 
 AND  A.YOYAKU_DT   = :YOYSKU_DT 
UNION 
SELECT 
 C.YOYAKU_NO AS YOYAKU_NO , 
 CASE WHEN C.SHISETU_KBN = '1' THEN C.SAIJI_NM 
      WHEN C.SHISETU_KBN = '2' THEN C.SHUTSUEN_NM 
 END 
FROM YOYAKU_TBL C 
WHERE C.YOYAKU_NO = :YOYAKU_NO 
ORDER BY YOYAKU_NO 
   Parameters Data > 
      [REGI_CD] 901
      [YOYSKU_DT] 2015/10/25
      [YOYAKU_NO] S00054
2016/02/15 17:37:16  TRACE> LogicEXTY0102.GetYoyakudata() END
2016/02/15 17:37:16  TRACE> LogicEXTY0102.GetAlsokdataCellData() END
2016/02/15 17:37:16  TRACE> LogicEXTY0102.GetAlsokdataCellData() START
2016/02/15 17:37:16  TRACE> LogicEXTY0102.GetYoyakudata() START
2016/02/15 17:37:16  TRACE> SqlEXTY0102.GeSqlYoyakudata() START
2016/02/15 17:37:16  TRACE> SqlEXTY0102.GeSqlYoyakudata() END
2016/02/15 17:37:16  DEBUG> LogicEXTY0102.GetYoyakudata() ó\ñÒèÓïÒéÊìæÅiÇbÇrÇuéÊÇËçûÇ›èàóùÅj
Å°SQL Data :
   Sql Command > SELECT 
 A.YOYAKU_NO AS YOYAKU_NO , 
 CASE WHEN A.SHISETU_KBN = '1' THEN B.SAIJI_NM 
      WHEN A.SHISETU_KBN = '2' THEN B.SHUTSUEN_NM 
 END 
FROM YDT_TBL A 
 INNER JOIN YOYAKU_TBL B 
    ON  A.YOYAKU_NO = B.YOYAKU_NO 
WHERE A.SHISETU_KBN = (SELECT SHISETSU_KBN FROM ALSOK_TENPO_MST WHERE REGI_CD = :REGI_CD ) 
 AND  A.YOYAKU_DT   = :YOYSKU_DT 
UNION 
SELECT 
 C.YOYAKU_NO AS YOYAKU_NO , 
 CASE WHEN C.SHISETU_KBN = '1' THEN C.SAIJI_NM 
      WHEN C.SHISETU_KBN = '2' THEN C.SHUTSUEN_NM 
 END 
FROM YOYAKU_TBL C 
WHERE C.YOYAKU_NO = :YOYAKU_NO 
ORDER BY YOYAKU_NO 
   Parameters Data > 
      [REGI_CD] 901
      [YOYSKU_DT] 2015/10/31
      [YOYAKU_NO] T00005
2016/02/15 17:37:16  TRACE> LogicEXTY0102.GetYoyakudata() END
2016/02/15 17:37:16  TRACE> LogicEXTY0102.GetAlsokdataCellData() END
2016/02/15 17:37:16  TRACE> LogicEXTY0102.GetAlsokdataCellData() START
2016/02/15 17:37:16  TRACE> LogicEXTY0102.GetYoyakudata() START
2016/02/15 17:37:16  TRACE> SqlEXTY0102.GeSqlYoyakudata() START
2016/02/15 17:37:16  TRACE> SqlEXTY0102.GeSqlYoyakudata() END
2016/02/15 17:37:16  DEBUG> LogicEXTY0102.GetYoyakudata() ó\ñÒèÓïÒéÊìæÅiÇbÇrÇuéÊÇËçûÇ›èàóùÅj
Å°SQL Data :
   Sql Command > SELECT 
 A.YOYAKU_NO AS YOYAKU_NO , 
 CASE WHEN A.SHISETU_KBN = '1' THEN B.SAIJI_NM 
      WHEN A.SHISETU_KBN = '2' THEN B.SHUTSUEN_NM 
 END 
FROM YDT_TBL A 
 INNER JOIN YOYAKU_TBL B 
    ON  A.YOYAKU_NO = B.YOYAKU_NO 
WHERE A.SHISETU_KBN = (SELECT SHISETSU_KBN FROM ALSOK_TENPO_MST WHERE REGI_CD = :REGI_CD ) 
 AND  A.YOYAKU_DT   = :YOYSKU_DT 
UNION 
SELECT 
 C.YOYAKU_NO AS YOYAKU_NO , 
 CASE WHEN C.SHISETU_KBN = '1' THEN C.SAIJI_NM 
      WHEN C.SHISETU_KBN = '2' THEN C.SHUTSUEN_NM 
 END 
FROM YOYAKU_TBL C 
WHERE C.YOYAKU_NO = :YOYAKU_NO 
ORDER BY YOYAKU_NO 
   Parameters Data > 
      [REGI_CD] 901
      [YOYSKU_DT] 2015/11/20
      [YOYAKU_NO] S00011
2016/02/15 17:37:16  TRACE> LogicEXTY0102.GetYoyakudata() END
2016/02/15 17:37:16  TRACE> LogicEXTY0102.GetAlsokdataCellData() END
2016/02/15 17:37:16  TRACE> LogicEXTY0102.GetAlsokdataCellData() START
2016/02/15 17:37:16  TRACE> LogicEXTY0102.GetYoyakudata() START
2016/02/15 17:37:16  TRACE> SqlEXTY0102.GeSqlYoyakudata() START
2016/02/15 17:37:16  TRACE> SqlEXTY0102.GeSqlYoyakudata() END
2016/02/15 17:37:16  DEBUG> LogicEXTY0102.GetYoyakudata() ó\ñÒèÓïÒéÊìæÅiÇbÇrÇuéÊÇËçûÇ›èàóùÅj
Å°SQL Data :
   Sql Command > SELECT 
 A.YOYAKU_NO AS YOYAKU_NO , 
 CASE WHEN A.SHISETU_KBN = '1' THEN B.SAIJI_NM 
      WHEN A.SHISETU_KBN = '2' THEN B.SHUTSUEN_NM 
 END 
FROM YDT_TBL A 
 INNER JOIN YOYAKU_TBL B 
    ON  A.YOYAKU_NO = B.YOYAKU_NO 
WHERE A.SHISETU_KBN = (SELECT SHISETSU_KBN FROM ALSOK_TENPO_MST WHERE REGI_CD = :REGI_CD ) 
 AND  A.YOYAKU_DT   = :YOYSKU_DT 
UNION 
SELECT 
 C.YOYAKU_NO AS YOYAKU_NO , 
 CASE WHEN C.SHISETU_KBN = '1' THEN C.SAIJI_NM 
      WHEN C.SHISETU_KBN = '2' THEN C.SHUTSUEN_NM 
 END 
FROM YOYAKU_TBL C 
WHERE C.YOYAKU_NO = :YOYAKU_NO 
ORDER BY YOYAKU_NO 
   Parameters Data > 
      [REGI_CD] 901
      [YOYSKU_DT] 2015/11/29
      [YOYAKU_NO] S00097
2016/02/15 17:37:16  TRACE> LogicEXTY0102.GetYoyakudata() END
2016/02/15 17:37:16  TRACE> LogicEXTY0102.GetAlsokdataCellData() END
2016/02/15 17:37:16  TRACE> LogicEXTY0102.GetAlsokdataCellData() START
2016/02/15 17:37:16  TRACE> LogicEXTY0102.GetYoyakudata() START
2016/02/15 17:37:16  TRACE> SqlEXTY0102.GeSqlYoyakudata() START
2016/02/15 17:37:16  TRACE> SqlEXTY0102.GeSqlYoyakudata() END
2016/02/15 17:37:16  DEBUG> LogicEXTY0102.GetYoyakudata() ó\ñÒèÓïÒéÊìæÅiÇbÇrÇuéÊÇËçûÇ›èàóùÅj
Å°SQL Data :
   Sql Command > SELECT 
 A.YOYAKU_NO AS YOYAKU_NO , 
 CASE WHEN A.SHISETU_KBN = '1' THEN B.SAIJI_NM 
      WHEN A.SHISETU_KBN = '2' THEN B.SHUTSUEN_NM 
 END 
FROM YDT_TBL A 
 INNER JOIN YOYAKU_TBL B 
    ON  A.YOYAKU_NO = B.YOYAKU_NO 
WHERE A.SHISETU_KBN = (SELECT SHISETSU_KBN FROM ALSOK_TENPO_MST WHERE REGI_CD = :REGI_CD ) 
 AND  A.YOYAKU_DT   = :YOYSKU_DT 
UNION 
SELECT 
 C.YOYAKU_NO AS YOYAKU_NO , 
 CASE WHEN C.SHISETU_KBN = '1' THEN C.SAIJI_NM 
      WHEN C.SHISETU_KBN = '2' THEN C.SHUTSUEN_NM 
 END 
FROM YOYAKU_TBL C 
WHERE C.YOYAKU_NO = :YOYAKU_NO 
ORDER BY YOYAKU_NO 
   Parameters Data > 
      [REGI_CD] 900
      [YOYSKU_DT] 2015/12/10
      [YOYAKU_NO] T00051
2016/02/15 17:37:16  TRACE> LogicEXTY0102.GetYoyakudata() END
2016/02/15 17:37:16  TRACE> LogicEXTY0102.GetAlsokdataCellData() END
2016/02/15 17:37:16  TRACE> LogicEXTY0102.GetAlsokdataCellData() START
2016/02/15 17:37:16  TRACE> LogicEXTY0102.GetYoyakudata() START
2016/02/15 17:37:16  TRACE> SqlEXTY0102.GeSqlYoyakudata() START
2016/02/15 17:37:16  TRACE> SqlEXTY0102.GeSqlYoyakudata() END
2016/02/15 17:37:16  DEBUG> LogicEXTY0102.GetYoyakudata() ó\ñÒèÓïÒéÊìæÅiÇbÇrÇuéÊÇËçûÇ›èàóùÅj
Å°SQL Data :
   Sql Command > SELECT 
 A.YOYAKU_NO AS YOYAKU_NO , 
 CASE WHEN A.SHISETU_KBN = '1' THEN B.SAIJI_NM 
      WHEN A.SHISETU_KBN = '2' THEN B.SHUTSUEN_NM 
 END 
FROM YDT_TBL A 
 INNER JOIN YOYAKU_TBL B 
    ON  A.YOYAKU_NO = B.YOYAKU_NO 
WHERE A.SHISETU_KBN = (SELECT SHISETSU_KBN FROM ALSOK_TENPO_MST WHERE REGI_CD = :REGI_CD ) 
 AND  A.YOYAKU_DT   = :YOYSKU_DT 
UNION 
SELECT 
 C.YOYAKU_NO AS YOYAKU_NO , 
 CASE WHEN C.SHISETU_KBN = '1' THEN C.SAIJI_NM 
      WHEN C.SHISETU_KBN = '2' THEN C.SHUTSUEN_NM 
 END 
FROM YOYAKU_TBL C 
WHERE C.YOYAKU_NO = :YOYAKU_NO 
ORDER BY YOYAKU_NO 
   Parameters Data > 
      [REGI_CD] 901
      [YOYSKU_DT] 2015/12/11
      [YOYAKU_NO] T00051
2016/02/15 17:37:16  TRACE> LogicEXTY0102.GetYoyakudata() END
2016/02/15 17:37:16  TRACE> LogicEXTY0102.GetAlsokdataCellData() END
2016/02/15 17:37:16  TRACE> LogicEXTY0102.GetAlsokdataCellData() START
2016/02/15 17:37:16  TRACE> LogicEXTY0102.GetYoyakudata() START
2016/02/15 17:37:16  TRACE> SqlEXTY0102.GeSqlYoyakudata() START
2016/02/15 17:37:16  TRACE> SqlEXTY0102.GeSqlYoyakudata() END
2016/02/15 17:37:16  DEBUG> LogicEXTY0102.GetYoyakudata() ó\ñÒèÓïÒéÊìæÅiÇbÇrÇuéÊÇËçûÇ›èàóùÅj
Å°SQL Data :
   Sql Command > SELECT 
 A.YOYAKU_NO AS YOYAKU_NO , 
 CASE WHEN A.SHISETU_KBN = '1' THEN B.SAIJI_NM 
      WHEN A.SHISETU_KBN = '2' THEN B.SHUTSUEN_NM 
 END 
FROM YDT_TBL A 
 INNER JOIN YOYAKU_TBL B 
    ON  A.YOYAKU_NO = B.YOYAKU_NO 
WHERE A.SHISETU_KBN = (SELECT SHISETSU_KBN FROM ALSOK_TENPO_MST WHERE REGI_CD = :REGI_CD ) 
 AND  A.YOYAKU_DT   = :YOYSKU_DT 
UNION 
SELECT 
 C.YOYAKU_NO AS YOYAKU_NO , 
 CASE WHEN C.SHISETU_KBN = '1' THEN C.SAIJI_NM 
      WHEN C.SHISETU_KBN = '2' THEN C.SHUTSUEN_NM 
 END 
FROM YOYAKU_TBL C 
WHERE C.YOYAKU_NO = :YOYAKU_NO 
ORDER BY YOYAKU_NO 
   Parameters Data > 
      [REGI_CD] 901
      [YOYSKU_DT] 2015/12/12
      [YOYAKU_NO] T00051
2016/02/15 17:37:16  TRACE> LogicEXTY0102.GetYoyakudata() END
2016/02/15 17:37:16  TRACE> LogicEXTY0102.GetAlsokdataCellData() END
2016/02/15 17:37:16  TRACE> LogicEXTY0102.GetAlsokdataCellData() START
2016/02/15 17:37:16  TRACE> LogicEXTY0102.GetYoyakudata() START
2016/02/15 17:37:16  TRACE> SqlEXTY0102.GeSqlYoyakudata() START
2016/02/15 17:37:16  TRACE> SqlEXTY0102.GeSqlYoyakudata() END
2016/02/15 17:37:16  DEBUG> LogicEXTY0102.GetYoyakudata() ó\ñÒèÓïÒéÊìæÅiÇbÇrÇuéÊÇËçûÇ›èàóùÅj
Å°SQL Data :
   Sql Command > SELECT 
 A.YOYAKU_NO AS YOYAKU_NO , 
 CASE WHEN A.SHISETU_KBN = '1' THEN B.SAIJI_NM 
      WHEN A.SHISETU_KBN = '2' THEN B.SHUTSUEN_NM 
 END 
FROM YDT_TBL A 
 INNER JOIN YOYAKU_TBL B 
    ON  A.YOYAKU_NO = B.YOYAKU_NO 
WHERE A.SHISETU_KBN = (SELECT SHISETSU_KBN FROM ALSOK_TENPO_MST WHERE REGI_CD = :REGI_CD ) 
 AND  A.YOYAKU_DT   = :YOYSKU_DT 
UNION 
SELECT 
 C.YOYAKU_NO AS YOYAKU_NO , 
 CASE WHEN C.SHISETU_KBN = '1' THEN C.SAIJI_NM 
      WHEN C.SHISETU_KBN = '2' THEN C.SHUTSUEN_NM 
 END 
FROM YOYAKU_TBL C 
WHERE C.YOYAKU_NO = :YOYAKU_NO 
ORDER BY YOYAKU_NO 
   Parameters Data > 
      [REGI_CD] 900
      [YOYSKU_DT] 2015/12/12
      [YOYAKU_NO] S00003
2016/02/15 17:37:16  TRACE> LogicEXTY0102.GetYoyakudata() END
2016/02/15 17:37:16  TRACE> LogicEXTY0102.GetAlsokdataCellData() END
2016/02/15 17:37:16  TRACE> LogicEXTY0102.GetAlsokdataCellData() START
2016/02/15 17:37:16  TRACE> LogicEXTY0102.GetYoyakudata() START
2016/02/15 17:37:16  TRACE> SqlEXTY0102.GeSqlYoyakudata() START
2016/02/15 17:37:16  TRACE> SqlEXTY0102.GeSqlYoyakudata() END
2016/02/15 17:37:16  DEBUG> LogicEXTY0102.GetYoyakudata() ó\ñÒèÓïÒéÊìæÅiÇbÇrÇuéÊÇËçûÇ›èàóùÅj
Å°SQL Data :
   Sql Command > SELECT 
 A.YOYAKU_NO AS YOYAKU_NO , 
 CASE WHEN A.SHISETU_KBN = '1' THEN B.SAIJI_NM 
      WHEN A.SHISETU_KBN = '2' THEN B.SHUTSUEN_NM 
 END 
FROM YDT_TBL A 
 INNER JOIN YOYAKU_TBL B 
    ON  A.YOYAKU_NO = B.YOYAKU_NO 
WHERE A.SHISETU_KBN = (SELECT SHISETSU_KBN FROM ALSOK_TENPO_MST WHERE REGI_CD = :REGI_CD ) 
 AND  A.YOYAKU_DT   = :YOYSKU_DT 
UNION 
SELECT 
 C.YOYAKU_NO AS YOYAKU_NO , 
 CASE WHEN C.SHISETU_KBN = '1' THEN C.SAIJI_NM 
      WHEN C.SHISETU_KBN = '2' THEN C.SHUTSUEN_NM 
 END 
FROM YOYAKU_TBL C 
WHERE C.YOYAKU_NO = :YOYAKU_NO 
ORDER BY YOYAKU_NO 
   Parameters Data > 
      [REGI_CD] 900
      [YOYSKU_DT] 2015/12/14
      [YOYAKU_NO] T00131
2016/02/15 17:37:16  TRACE> LogicEXTY0102.GetYoyakudata() END
2016/02/15 17:37:16  TRACE> LogicEXTY0102.GetAlsokdataCellData() END
2016/02/15 17:37:16  TRACE> LogicEXTY0102.GetAlsokdataCellData() START
2016/02/15 17:37:16  TRACE> LogicEXTY0102.GetYoyakudata() START
2016/02/15 17:37:16  TRACE> SqlEXTY0102.GeSqlYoyakudata() START
2016/02/15 17:37:16  TRACE> SqlEXTY0102.GeSqlYoyakudata() END
2016/02/15 17:37:16  DEBUG> LogicEXTY0102.GetYoyakudata() ó\ñÒèÓïÒéÊìæÅiÇbÇrÇuéÊÇËçûÇ›èàóùÅj
Å°SQL Data :
   Sql Command > SELECT 
 A.YOYAKU_NO AS YOYAKU_NO , 
 CASE WHEN A.SHISETU_KBN = '1' THEN B.SAIJI_NM 
      WHEN A.SHISETU_KBN = '2' THEN B.SHUTSUEN_NM 
 END 
FROM YDT_TBL A 
 INNER JOIN YOYAKU_TBL B 
    ON  A.YOYAKU_NO = B.YOYAKU_NO 
WHERE A.SHISETU_KBN = (SELECT SHISETSU_KBN FROM ALSOK_TENPO_MST WHERE REGI_CD = :REGI_CD ) 
 AND  A.YOYAKU_DT   = :YOYSKU_DT 
UNION 
SELECT 
 C.YOYAKU_NO AS YOYAKU_NO , 
 CASE WHEN C.SHISETU_KBN = '1' THEN C.SAIJI_NM 
      WHEN C.SHISETU_KBN = '2' THEN C.SHUTSUEN_NM 
 END 
FROM YOYAKU_TBL C 
WHERE C.YOYAKU_NO = :YOYAKU_NO 
ORDER BY YOYAKU_NO 
   Parameters Data > 
      [REGI_CD] 901
      [YOYSKU_DT] 2016/01/05
      [YOYAKU_NO] T00025
2016/02/15 17:37:16  TRACE> LogicEXTY0102.GetYoyakudata() END
2016/02/15 17:37:16  TRACE> LogicEXTY0102.GetAlsokdataCellData() END
2016/02/15 17:37:16  TRACE> LogicEXTY0102.GetAlsokdataCellData() START
2016/02/15 17:37:16  TRACE> LogicEXTY0102.GetYoyakudata() START
2016/02/15 17:37:16  TRACE> SqlEXTY0102.GeSqlYoyakudata() START
2016/02/15 17:37:16  TRACE> SqlEXTY0102.GeSqlYoyakudata() END
2016/02/15 17:37:16  DEBUG> LogicEXTY0102.GetYoyakudata() ó\ñÒèÓïÒéÊìæÅiÇbÇrÇuéÊÇËçûÇ›èàóùÅj
Å°SQL Data :
   Sql Command > SELECT 
 A.YOYAKU_NO AS YOYAKU_NO , 
 CASE WHEN A.SHISETU_KBN = '1' THEN B.SAIJI_NM 
      WHEN A.SHISETU_KBN = '2' THEN B.SHUTSUEN_NM 
 END 
FROM YDT_TBL A 
 INNER JOIN YOYAKU_TBL B 
    ON  A.YOYAKU_NO = B.YOYAKU_NO 
WHERE A.SHISETU_KBN = (SELECT SHISETSU_KBN FROM ALSOK_TENPO_MST WHERE REGI_CD = :REGI_CD ) 
 AND  A.YOYAKU_DT   = :YOYSKU_DT 
UNION 
SELECT 
 C.YOYAKU_NO AS YOYAKU_NO , 
 CASE WHEN C.SHISETU_KBN = '1' THEN C.SAIJI_NM 
      WHEN C.SHISETU_KBN = '2' THEN C.SHUTSUEN_NM 
 END 
FROM YOYAKU_TBL C 
WHERE C.YOYAKU_NO = :YOYAKU_NO 
ORDER BY YOYAKU_NO 
   Parameters Data > 
      [REGI_CD] 900
      [YOYSKU_DT] 2016/01/05
      [YOYAKU_NO] T00025
2016/02/15 17:37:16  TRACE> LogicEXTY0102.GetYoyakudata() END
2016/02/15 17:37:16  TRACE> LogicEXTY0102.GetAlsokdataCellData() END
2016/02/15 17:37:16  TRACE> LogicEXTY0102.GetAlsokdataCellData() START
2016/02/15 17:37:16  TRACE> LogicEXTY0102.GetYoyakudata() START
2016/02/15 17:37:16  TRACE> SqlEXTY0102.GeSqlYoyakudata() START
2016/02/15 17:37:16  TRACE> SqlEXTY0102.GeSqlYoyakudata() END
2016/02/15 17:37:16  DEBUG> LogicEXTY0102.GetYoyakudata() ó\ñÒèÓïÒéÊìæÅiÇbÇrÇuéÊÇËçûÇ›èàóùÅj
Å°SQL Data :
   Sql Command > SELECT 
 A.YOYAKU_NO AS YOYAKU_NO , 
 CASE WHEN A.SHISETU_KBN = '1' THEN B.SAIJI_NM 
      WHEN A.SHISETU_KBN = '2' THEN B.SHUTSUEN_NM 
 END 
FROM YDT_TBL A 
 INNER JOIN YOYAKU_TBL B 
    ON  A.YOYAKU_NO = B.YOYAKU_NO 
WHERE A.SHISETU_KBN = (SELECT SHISETSU_KBN FROM ALSOK_TENPO_MST WHERE REGI_CD = :REGI_CD ) 
 AND  A.YOYAKU_DT   = :YOYSKU_DT 
UNION 
SELECT 
 C.YOYAKU_NO AS YOYAKU_NO , 
 CASE WHEN C.SHISETU_KBN = '1' THEN C.SAIJI_NM 
      WHEN C.SHISETU_KBN = '2' THEN C.SHUTSUEN_NM 
 END 
FROM YOYAKU_TBL C 
WHERE C.YOYAKU_NO = :YOYAKU_NO 
ORDER BY YOYAKU_NO 
   Parameters Data > 
      [REGI_CD] 900
      [YOYSKU_DT] 2016/01/08
      [YOYAKU_NO] T00108
2016/02/15 17:37:16  TRACE> LogicEXTY0102.GetYoyakudata() END
2016/02/15 17:37:16  TRACE> LogicEXTY0102.GetAlsokdataCellData() END
2016/02/15 17:37:16  TRACE> LogicEXTY0102.GetAlsokdataCellData() START
2016/02/15 17:37:16  TRACE> LogicEXTY0102.GetYoyakudata() START
2016/02/15 17:37:16  TRACE> SqlEXTY0102.GeSqlYoyakudata() START
2016/02/15 17:37:16  TRACE> SqlEXTY0102.GeSqlYoyakudata() END
2016/02/15 17:37:16  DEBUG> LogicEXTY0102.GetYoyakudata() ó\ñÒèÓïÒéÊìæÅiÇbÇrÇuéÊÇËçûÇ›èàóùÅj
Å°SQL Data :
   Sql Command > SELECT 
 A.YOYAKU_NO AS YOYAKU_NO , 
 CASE WHEN A.SHISETU_KBN = '1' THEN B.SAIJI_NM 
      WHEN A.SHISETU_KBN = '2' THEN B.SHUTSUEN_NM 
 END 
FROM YDT_TBL A 
 INNER JOIN YOYAKU_TBL B 
    ON  A.YOYAKU_NO = B.YOYAKU_NO 
WHERE A.SHISETU_KBN = (SELECT SHISETSU_KBN FROM ALSOK_TENPO_MST WHERE REGI_CD = :REGI_CD ) 
 AND  A.YOYAKU_DT   = :YOYSKU_DT 
UNION 
SELECT 
 C.YOYAKU_NO AS YOYAKU_NO , 
 CASE WHEN C.SHISETU_KBN = '1' THEN C.SAIJI_NM 
      WHEN C.SHISETU_KBN = '2' THEN C.SHUTSUEN_NM 
 END 
FROM YOYAKU_TBL C 
WHERE C.YOYAKU_NO = :YOYAKU_NO 
ORDER BY YOYAKU_NO 
   Parameters Data > 
      [REGI_CD] 900
      [YOYSKU_DT] 2016/01/09
      [YOYAKU_NO] T00108
2016/02/15 17:37:16  TRACE> LogicEXTY0102.GetYoyakudata() END
2016/02/15 17:37:16  TRACE> LogicEXTY0102.GetAlsokdataCellData() END
2016/02/15 17:37:16  TRACE> LogicEXTY0102.GetAlsokdataCellData() START
2016/02/15 17:37:16  TRACE> LogicEXTY0102.GetYoyakudata() START
2016/02/15 17:37:16  TRACE> SqlEXTY0102.GeSqlYoyakudata() START
2016/02/15 17:37:16  TRACE> SqlEXTY0102.GeSqlYoyakudata() END
2016/02/15 17:37:16  DEBUG> LogicEXTY0102.GetYoyakudata() ó\ñÒèÓïÒéÊìæÅiÇbÇrÇuéÊÇËçûÇ›èàóùÅj
Å°SQL Data :
   Sql Command > SELECT 
 A.YOYAKU_NO AS YOYAKU_NO , 
 CASE WHEN A.SHISETU_KBN = '1' THEN B.SAIJI_NM 
      WHEN A.SHISETU_KBN = '2' THEN B.SHUTSUEN_NM 
 END 
FROM YDT_TBL A 
 INNER JOIN YOYAKU_TBL B 
    ON  A.YOYAKU_NO = B.YOYAKU_NO 
WHERE A.SHISETU_KBN = (SELECT SHISETSU_KBN FROM ALSOK_TENPO_MST WHERE REGI_CD = :REGI_CD ) 
 AND  A.YOYAKU_DT   = :YOYSKU_DT 
UNION 
SELECT 
 C.YOYAKU_NO AS YOYAKU_NO , 
 CASE WHEN C.SHISETU_KBN = '1' THEN C.SAIJI_NM 
      WHEN C.SHISETU_KBN = '2' THEN C.SHUTSUEN_NM 
 END 
FROM YOYAKU_TBL C 
WHERE C.YOYAKU_NO = :YOYAKU_NO 
ORDER BY YOYAKU_NO 
   Parameters Data > 
      [REGI_CD] 900
      [YOYSKU_DT] 2016/02/05
      [YOYAKU_NO] T00043
2016/02/15 17:37:16  TRACE> LogicEXTY0102.GetYoyakudata() END
2016/02/15 17:37:16  TRACE> LogicEXTY0102.GetAlsokdataCellData() END
2016/02/15 17:37:16  TRACE> LogicEXTY0102.GetAlsokdataCellData() START
2016/02/15 17:37:16  TRACE> LogicEXTY0102.GetYoyakudata() START
2016/02/15 17:37:16  TRACE> SqlEXTY0102.GeSqlYoyakudata() START
2016/02/15 17:37:16  TRACE> SqlEXTY0102.GeSqlYoyakudata() END
2016/02/15 17:37:16  DEBUG> LogicEXTY0102.GetYoyakudata() ó\ñÒèÓïÒéÊìæÅiÇbÇrÇuéÊÇËçûÇ›èàóùÅj
Å°SQL Data :
   Sql Command > SELECT 
 A.YOYAKU_NO AS YOYAKU_NO , 
 CASE WHEN A.SHISETU_KBN = '1' THEN B.SAIJI_NM 
      WHEN A.SHISETU_KBN = '2' THEN B.SHUTSUEN_NM 
 END 
FROM YDT_TBL A 
 INNER JOIN YOYAKU_TBL B 
    ON  A.YOYAKU_NO = B.YOYAKU_NO 
WHERE A.SHISETU_KBN = (SELECT SHISETSU_KBN FROM ALSOK_TENPO_MST WHERE REGI_CD = :REGI_CD ) 
 AND  A.YOYAKU_DT   = :YOYSKU_DT 
UNION 
SELECT 
 C.YOYAKU_NO AS YOYAKU_NO , 
 CASE WHEN C.SHISETU_KBN = '1' THEN C.SAIJI_NM 
      WHEN C.SHISETU_KBN = '2' THEN C.SHUTSUEN_NM 
 END 
FROM YOYAKU_TBL C 
WHERE C.YOYAKU_NO = :YOYAKU_NO 
ORDER BY YOYAKU_NO 
   Parameters Data > 
      [REGI_CD] 900
      [YOYSKU_DT] 2016/02/05
      [YOYAKU_NO] S00064
2016/02/15 17:37:16  TRACE> LogicEXTY0102.GetYoyakudata() END
2016/02/15 17:37:16  TRACE> LogicEXTY0102.GetAlsokdataCellData() END
2016/02/15 17:37:16  TRACE> LogicEXTY0102.GetAlsokdataCellData() START
2016/02/15 17:37:16  TRACE> LogicEXTY0102.GetYoyakudata() START
2016/02/15 17:37:16  TRACE> SqlEXTY0102.GeSqlYoyakudata() START
2016/02/15 17:37:16  TRACE> SqlEXTY0102.GeSqlYoyakudata() END
2016/02/15 17:37:16  DEBUG> LogicEXTY0102.GetYoyakudata() ó\ñÒèÓïÒéÊìæÅiÇbÇrÇuéÊÇËçûÇ›èàóùÅj
Å°SQL Data :
   Sql Command > SELECT 
 A.YOYAKU_NO AS YOYAKU_NO , 
 CASE WHEN A.SHISETU_KBN = '1' THEN B.SAIJI_NM 
      WHEN A.SHISETU_KBN = '2' THEN B.SHUTSUEN_NM 
 END 
FROM YDT_TBL A 
 INNER JOIN YOYAKU_TBL B 
    ON  A.YOYAKU_NO = B.YOYAKU_NO 
WHERE A.SHISETU_KBN = (SELECT SHISETSU_KBN FROM ALSOK_TENPO_MST WHERE REGI_CD = :REGI_CD ) 
 AND  A.YOYAKU_DT   = :YOYSKU_DT 
UNION 
SELECT 
 C.YOYAKU_NO AS YOYAKU_NO , 
 CASE WHEN C.SHISETU_KBN = '1' THEN C.SAIJI_NM 
      WHEN C.SHISETU_KBN = '2' THEN C.SHUTSUEN_NM 
 END 
FROM YOYAKU_TBL C 
WHERE C.YOYAKU_NO = :YOYAKU_NO 
ORDER BY YOYAKU_NO 
   Parameters Data > 
      [REGI_CD] 900
      [YOYSKU_DT] 2016/02/06
      [YOYAKU_NO] S00064
2016/02/15 17:37:16  TRACE> LogicEXTY0102.GetYoyakudata() END
2016/02/15 17:37:16  TRACE> LogicEXTY0102.GetAlsokdataCellData() END
2016/02/15 17:37:16  TRACE> LogicEXTY0102.GetAlsokdataCellData() START
2016/02/15 17:37:16  TRACE> LogicEXTY0102.GetYoyakudata() START
2016/02/15 17:37:16  TRACE> SqlEXTY0102.GeSqlYoyakudata() START
2016/02/15 17:37:16  TRACE> SqlEXTY0102.GeSqlYoyakudata() END
2016/02/15 17:37:16  DEBUG> LogicEXTY0102.GetYoyakudata() ó\ñÒèÓïÒéÊìæÅiÇbÇrÇuéÊÇËçûÇ›èàóùÅj
Å°SQL Data :
   Sql Command > SELECT 
 A.YOYAKU_NO AS YOYAKU_NO , 
 CASE WHEN A.SHISETU_KBN = '1' THEN B.SAIJI_NM 
      WHEN A.SHISETU_KBN = '2' THEN B.SHUTSUEN_NM 
 END 
FROM YDT_TBL A 
 INNER JOIN YOYAKU_TBL B 
    ON  A.YOYAKU_NO = B.YOYAKU_NO 
WHERE A.SHISETU_KBN = (SELECT SHISETSU_KBN FROM ALSOK_TENPO_MST WHERE REGI_CD = :REGI_CD ) 
 AND  A.YOYAKU_DT   = :YOYSKU_DT 
UNION 
SELECT 
 C.YOYAKU_NO AS YOYAKU_NO , 
 CASE WHEN C.SHISETU_KBN = '1' THEN C.SAIJI_NM 
      WHEN C.SHISETU_KBN = '2' THEN C.SHUTSUEN_NM 
 END 
FROM YOYAKU_TBL C 
WHERE C.YOYAKU_NO = :YOYAKU_NO 
ORDER BY YOYAKU_NO 
   Parameters Data > 
      [REGI_CD] 900
      [YOYSKU_DT] 2016/03/30
      [YOYAKU_NO] T00115
2016/02/15 17:37:16  TRACE> LogicEXTY0102.GetYoyakudata() END
2016/02/15 17:37:16  TRACE> LogicEXTY0102.GetAlsokdataCellData() END
2016/02/15 17:37:16  TRACE> LogicEXTY0102.SetDegitalCash() END
2016/02/15 17:37:16  TRACE> LogicEXTY0102.GetVwInf() END
2016/02/15 17:38:00  TRACE> CommonLogicEXT.CheckDBCondition() START
2016/02/15 17:38:00  TRACE> CommonLogicEXT.NetUseConect() START
2016/02/15 17:38:01  TRACE> CommonLogicEXT.NetUseConectDel() START
2016/02/15 17:38:01  TRACE> CommonLogicEXT.NetUseConectDel() START
2016/02/15 17:38:01  TRACE> CommonLogicEXT.CheckDBCondition() END
2016/02/15 17:38:01  TRACE> CommonLogicEXT.SetFormBackColor() START
2016/02/15 17:38:01  TRACE> CommonLogicEXT.SetFormBackColor() END
2016/02/15 17:38:08  TRACE> CommonLogicEXT.CheckDBCondition() START
2016/02/15 17:38:08  TRACE> CommonLogicEXT.NetUseConect() START
2016/02/15 17:38:08  TRACE> CommonLogicEXT.NetUseConectDel() START
2016/02/15 17:38:08  TRACE> CommonLogicEXT.NetUseConectDel() START
2016/02/15 17:38:08  TRACE> CommonLogicEXT.CheckDBCondition() END
2016/02/15 17:38:08  TRACE> LogicEXTZ0103.MakeSpread() START
2016/02/15 17:38:08  TRACE> LogicEXTZ0103.GetSpreadData() START
2016/02/15 17:38:08  TRACE> SqlEXTZ0103.setSelectDayUriage() START
2016/02/15 17:38:08  TRACE> SqlEXTZ0103.setSelectDayUriage() END
2016/02/15 17:38:08  DEBUG> LogicEXTZ0103.GetSpreadData() 
Å°SQL Data :
   Sql Command > SELECT
    t1.YOYAKU_NO,
    t2.YOYAKU_DT,
    t1.SAIJI_NM,
    t1.RIYO_NM,
    CASE t1.KASHI_KIND
        WHEN '0' THEN 'ñ¢íË'
        WHEN '1' THEN 'àÍî ë›èo'
        WHEN '2' THEN 'é–ì‡óòóp'
        WHEN '3' THEN 'ì¡ó·'
    END KASHI_KIND,
    CASE t1.RIYO_TYPE
        WHEN '0' THEN 'ñ¢íË'
        WHEN '1' THEN 'ÉXÉ^ÉìÉfÉBÉìÉO'
        WHEN '2' THEN 'íÖê»'
        WHEN '3' THEN 'ïœë•'
        WHEN '4' THEN 'ç√éñ'
    END RIYO_TYPE,
    CASE t1.SAIJI_BUNRUI
        WHEN '0' THEN 'ñ¢íË'
        WHEN '1' THEN 'âπäy'
        WHEN '2' THEN 'ââåÄ'
        WHEN '3' THEN 'ââå|'
        WHEN '4' THEN 'ÉrÉWÉlÉX'
        WHEN '5' THEN 'ééé âÔÅEâfâÊ'
        WHEN '6' THEN 'ÇªÇÃëº'
    END SAIJI_BUNRUI,
    COALESCE(t2.RIYO_KIN,'0') AS RIYO_KIN,
    COALESCE(t3.FUTAI_KIN,'0') AS FUTAI_KIN,
    COALESCE(t3.FUTAI_CHOSEI,'0') AS FUTAI_CHOSEI,
    COALESCE(t4a.DEPOSIT_AMOUNT,'0') AS DRINK_GENKIN,
    COALESCE(t4b.DEPOSIT_AMOUNT,'0') AS ONE_DRINK,
    COALESCE(t4c.DEPOSIT_AMOUNT,'0') AS COIN_LOCKER,
    COALESCE(t4d.DEPOSIT_AMOUNT,'0') AS ZATSU_SHUNYU,
    COALESCE(t4e.DEPOSIT_AMOUNT,'0') AS AKI1,
    COALESCE(t4f.DEPOSIT_AMOUNT,'0') AS AKI2,
    COALESCE(t4g.DEPOSIT_AMOUNT,'0') AS AKI3,
    COALESCE(t4h.DEPOSIT_AMOUNT,'0') AS AKI4,
    COALESCE(t5a.DEPOSIT_AMOUNT,'0') AS SUICA_GENKIN,
    COALESCE(t5b.DEPOSIT_AMOUNT,'0') AS SUICA_COIN_LOCKER,
    COALESCE(t5c.DEPOSIT_AMOUNT,'0') AS SONOTA 
FROM
    YOYAKU_TBL t1
    LEFT JOIN
        YDT_TBL t2
    ON  t1.YOYAKU_NO = t2.YOYAKU_NO
    LEFT JOIN
       (
            SELECT
                YOYAKU_NO,
                YOYAKU_DT,
                SUM(FUTAI_KIN) AS FUTAI_KIN,
                SUM(FUTAI_CHOSEI) AS FUTAI_CHOSEI
            FROM
                FRIYO_MEISAI_TBL
            GROUP BY
                YOYAKU_NO,
                YOYAKU_DT
        ) t3
    ON  t1.YOYAKU_NO = t3.YOYAKU_NO
        AND t2.YOYAKU_DT = t3.YOYAKU_DT
    LEFT JOIN
        (
            SELECT
                YOYAKU_NO,
                DEPOSIT_DT,
                SUM(DEPOSIT_AMOUNT) AS DEPOSIT_AMOUNT
            FROM
                ALSOK_DEPOSIT_TBL
            WHERE
                DEPOSIT_KBN = '1'
            AND REGISTER_CD= '001'
            GROUP BY
                YOYAKU_NO,
                DEPOSIT_DT
        ) t4a
    ON  t1.YOYAKU_NO = t4a.YOYAKU_NO
        AND t2.YOYAKU_DT = t4a.DEPOSIT_DT
    LEFT JOIN
        (
            SELECT
                YOYAKU_NO,
                DEPOSIT_DT,
                SUM(DEPOSIT_AMOUNT) AS DEPOSIT_AMOUNT
            FROM
                ALSOK_DEPOSIT_TBL
            WHERE
                DEPOSIT_KBN = '1'
            AND REGISTER_CD= '002'
            GROUP BY
                YOYAKU_NO,
                DEPOSIT_DT
        ) t4b
    ON  t1.YOYAKU_NO = t4b.YOYAKU_NO
        AND t2.YOYAKU_DT = t4b.DEPOSIT_DT
    LEFT JOIN
        (
            SELECT
                YOYAKU_NO,
                DEPOSIT_DT,
                SUM(DEPOSIT_AMOUNT) AS DEPOSIT_AMOUNT
            FROM
                ALSOK_DEPOSIT_TBL
            WHERE
                DEPOSIT_KBN = '1'
            AND REGISTER_CD= '003'
            GROUP BY
                YOYAKU_NO,
                DEPOSIT_DT
        ) t4c
    ON  t1.YOYAKU_NO = t4c.YOYAKU_NO
        AND t2.YOYAKU_DT = t4c.DEPOSIT_DT
    LEFT JOIN
        (
            SELECT
                YOYAKU_NO,
                DEPOSIT_DT,
                SUM(DEPOSIT_AMOUNT) AS DEPOSIT_AMOUNT
            FROM
                ALSOK_DEPOSIT_TBL
            WHERE
                DEPOSIT_KBN = '1'
            AND REGISTER_CD= '004'
            GROUP BY
                YOYAKU_NO,
                DEPOSIT_DT
        ) t4d
    ON  t1.YOYAKU_NO = t4d.YOYAKU_NO
        AND t2.YOYAKU_DT = t4d.DEPOSIT_DT
    LEFT JOIN
        (
            SELECT
                YOYAKU_NO,
                DEPOSIT_DT,
                SUM(DEPOSIT_AMOUNT) AS DEPOSIT_AMOUNT
            FROM
                ALSOK_DEPOSIT_TBL
            WHERE
                DEPOSIT_KBN = '1'
            AND REGISTER_CD= '006'
            GROUP BY
                YOYAKU_NO,
                DEPOSIT_DT
        ) t4e
    ON  t1.YOYAKU_NO = t4e.YOYAKU_NO
        AND t2.YOYAKU_DT = t4e.DEPOSIT_DT
    LEFT JOIN
        (
            SELECT
                YOYAKU_NO,
                DEPOSIT_DT,
                SUM(DEPOSIT_AMOUNT) AS DEPOSIT_AMOUNT
            FROM
                ALSOK_DEPOSIT_TBL
            WHERE
                DEPOSIT_KBN = '1'
            AND REGISTER_CD= '007'
            GROUP BY
                YOYAKU_NO,
                DEPOSIT_DT
        ) t4f
    ON  t1.YOYAKU_NO = t4f.YOYAKU_NO
        AND t2.YOYAKU_DT = t4f.DEPOSIT_DT
    LEFT JOIN
        (
            SELECT
                YOYAKU_NO,
                DEPOSIT_DT,
                SUM(DEPOSIT_AMOUNT) AS DEPOSIT_AMOUNT
            FROM
                ALSOK_DEPOSIT_TBL
            WHERE
                DEPOSIT_KBN = '1'
            AND REGISTER_CD= '008'
            GROUP BY
                YOYAKU_NO,
                DEPOSIT_DT
       ) t4g
    ON  t1.YOYAKU_NO = t4g.YOYAKU_NO
        AND t2.YOYAKU_DT = t4g.DEPOSIT_DT
    LEFT JOIN
        (
            SELECT
                YOYAKU_NO,
                DEPOSIT_DT,
                SUM(DEPOSIT_AMOUNT) AS DEPOSIT_AMOUNT
            FROM
                ALSOK_DEPOSIT_TBL
            WHERE
                DEPOSIT_KBN = '1'
            AND REGISTER_CD= '009'
            GROUP BY
                YOYAKU_NO,
                DEPOSIT_DT
        ) t4h
    ON  t1.YOYAKU_NO = t4h.YOYAKU_NO
        AND t2.YOYAKU_DT = t4h.DEPOSIT_DT
    LEFT JOIN
        (
            SELECT
                YOYAKU_NO,
                DEPOSIT_DT,
                SUM(DEPOSIT_AMOUNT) AS DEPOSIT_AMOUNT
            FROM
                ALSOK_DEPOSIT_TBL
            WHERE
                DEPOSIT_KBN = '2'
            AND REGISTER_CD= '900'
            GROUP BY
                YOYAKU_NO,
                DEPOSIT_DT
        ) t5a
    ON  t1.YOYAKU_NO = t5a.YOYAKU_NO
        AND t2.YOYAKU_DT = t5a.DEPOSIT_DT
    LEFT JOIN
        (
            SELECT
                YOYAKU_NO,
                DEPOSIT_DT,
                SUM(DEPOSIT_AMOUNT) AS DEPOSIT_AMOUNT
            FROM
                ALSOK_DEPOSIT_TBL
            WHERE
                DEPOSIT_KBN = '2'
            AND REGISTER_CD= '901'
            GROUP BY
                YOYAKU_NO,
                DEPOSIT_DT
        ) t5b
    ON  t1.YOYAKU_NO = t5b.YOYAKU_NO
        AND t2.YOYAKU_DT = t5b.DEPOSIT_DT
    LEFT JOIN
        (
            SELECT
                YOYAKU_NO,
                DEPOSIT_DT,
                SUM(DEPOSIT_AMOUNT) AS DEPOSIT_AMOUNT
            FROM
                ALSOK_DEPOSIT_TBL
            WHERE
                DEPOSIT_KBN = '2'
            AND REGISTER_CD BETWEEN '902' AND '950'
            GROUP BY
                YOYAKU_NO,
                DEPOSIT_DT
        ) t5c
    ON  t1.YOYAKU_NO = t5c.YOYAKU_NO
        AND t2.YOYAKU_DT = t5c.DEPOSIT_DT
    WHERE 
        t2.SHISETU_KBN = '1'
AND TO_DATE(t2.YOYAKU_DT, 'YYYY/MM/DD') >= TO_DATE('2016/01/01', 'YYYY/MM/DD') 
AND TO_DATE(t2.YOYAKU_DT, 'YYYY/MM/DD') <= TO_DATE('2016/1/01', 'YYYY/MM/DD') 
+ CAST('1 months' AS INTERVAL) - CAST('1 days' AS INTERVAL)ORDER BY t2.YOYAKU_NO, t2.YOYAKU_DT
   Parameters Data > 
2016/02/15 17:38:08  TRACE> SqlEXTZ0103.setSeikyuChosei() START
2016/02/15 17:38:08  TRACE> SqlEXTZ0103.setSeikyuChosei() END
2016/02/15 17:38:08  DEBUG> LogicEXTZ0103.GetSpreadData() 
Å°SQL Data :
   Sql Command > SELECT
    t1.YOYAKU_NO,
    t2.YOYAKU_DT,
    t1.SAIJI_NM,
    t1.RIYO_NM,
    CASE t1.KASHI_KIND
        WHEN '0' THEN 'ñ¢íË'
        WHEN '1' THEN 'àÍî ë›èo'
        WHEN '2' THEN 'é–ì‡óòóp'
        WHEN '3' THEN 'ì¡ó·'
    END KASHI_KIND,
    CASE t1.RIYO_TYPE
        WHEN '0' THEN 'ñ¢íË'
        WHEN '1' THEN 'ÉXÉ^ÉìÉfÉBÉìÉO'
        WHEN '2' THEN 'íÖê»'
        WHEN '3' THEN 'ïœë•'
        WHEN '4' THEN 'ç√éñ'
    END RIYO_TYPE,
    CASE t1.SAIJI_BUNRUI
        WHEN '0' THEN 'ñ¢íË'
        WHEN '1' THEN 'âπäy'
        WHEN '2' THEN 'ââåÄ'
        WHEN '3' THEN 'ââå|'
        WHEN '4' THEN 'ÉrÉWÉlÉX'
        WHEN '5' THEN 'ééé âÔÅEâfâÊ'
        WHEN '6' THEN 'ÇªÇÃëº'
    END SAIJI_BUNRUI,
    t3.SEIKYU_IRAI_NO,
    CASE t3.SEIKYU_NAIYO
        WHEN '1' THEN 'óòópóø'
        WHEN '2' THEN 'ïtë—ê›îı'
        WHEN '3' THEN 'óòópóø+ïtë—ê›îı'
        WHEN '4' THEN 'ä“ït'
    END SEIKYU_NAIYO,
    COALESCE(t3.CHOSEI_KIN,'0') AS CHOSEI_KIN
FROM
    YOYAKU_TBL t1
    LEFT JOIN YDT_TBL t2
    ON  t1.YOYAKU_NO = t2.YOYAKU_NO
    LEFT JOIN BILLPAY_TBL t3
    ON  t1.YOYAKU_NO = t3.YOYAKU_NO
    WHERE 
        t2.SHISETU_KBN = '1'
AND TO_DATE(t2.YOYAKU_DT, 'YYYY/MM/DD') >= TO_DATE('2016/01/01', 'YYYY/MM/DD') 
AND TO_DATE(t2.YOYAKU_DT, 'YYYY/MM/DD') <= TO_DATE('2016/1/01', 'YYYY/MM/DD') 
+ CAST('1 months' AS INTERVAL) - CAST('1 days' AS INTERVAL)ORDER BY t2.YOYAKU_NO, t2.YOYAKU_DT
   Parameters Data > 
2016/02/15 17:38:08  TRACE> LogicEXTZ0103.GetSpreadData() END
2016/02/15 17:38:08  TRACE> LogicEXTZ0103.MakeSpread() END
2016/02/15 17:40:52  TRACE> CommonLogicEXT.CheckDBCondition() START
2016/02/15 17:40:52  TRACE> CommonLogicEXT.NetUseConect() START
2016/02/15 17:40:52  TRACE> CommonLogicEXT.NetUseConectDel() START
2016/02/15 17:40:52  TRACE> CommonLogicEXT.NetUseConectDel() START
2016/02/15 17:40:52  TRACE> CommonLogicEXT.CheckDBCondition() END
2016/02/15 17:40:52  TRACE> LogicEXTZ0103.MakeSpread() START
2016/02/15 17:40:52  TRACE> LogicEXTZ0103.GetSpreadData() START
2016/02/15 17:40:52  TRACE> SqlEXTZ0103.setSelectDayUriage() START
2016/02/15 17:40:52  TRACE> SqlEXTZ0103.setSelectDayUriage() END
2016/02/15 17:40:52  DEBUG> LogicEXTZ0103.GetSpreadData() 
Å°SQL Data :
   Sql Command > SELECT
    t1.YOYAKU_NO,
    t2.YOYAKU_DT,
    t1.SHUTSUEN_NM,
    t1.RIYO_NM,
    CASE t1.KASHI_KIND
        WHEN '0' THEN 'ñ¢íË'
        WHEN '1' THEN 'àÍî ë›èo'
        WHEN '2' THEN 'é–ì‡óòóp'
    END KASHI_KIND,
    CASE t1.STUDIO_KBN
        WHEN '1' THEN '201st'
        WHEN '2' THEN '202st'
        WHEN '3' THEN 'house lock'
    END STUDIO_KBN,
    COALESCE(t2.RIYO_KIN,'0') AS RIYO_KIN,
    COALESCE(t3.FUTAI_KIN,'0') AS FUTAI_KIN,
    COALESCE(t3.FUTAI_CHOSEI,'0') AS FUTAI_CHOSEI,
    COALESCE(t4a.DEPOSIT_AMOUNT,'0') AS DRINK_GENKIN,
    COALESCE(t4b.DEPOSIT_AMOUNT,'0') AS ONE_DRINK,
    COALESCE(t4c.DEPOSIT_AMOUNT,'0') AS COIN_LOCKER,
    COALESCE(t4d.DEPOSIT_AMOUNT,'0') AS ZATSU_SHUNYU,
    COALESCE(t4e.DEPOSIT_AMOUNT,'0') AS AKI1,
    COALESCE(t4f.DEPOSIT_AMOUNT,'0') AS AKI2,
    COALESCE(t4g.DEPOSIT_AMOUNT,'0') AS AKI3,
    COALESCE(t4h.DEPOSIT_AMOUNT,'0') AS AKI4,
    COALESCE(t5a.DEPOSIT_AMOUNT,'0') AS SUICA_GENKIN,
    COALESCE(t5b.DEPOSIT_AMOUNT,'0') AS SUICA_COIN_LOCKER,
    COALESCE(t5c.DEPOSIT_AMOUNT,'0') AS SONOTA
FROM
    YOYAKU_TBL t1
    LEFT JOIN
        YDT_TBL t2
    ON  t1.YOYAKU_NO = t2.YOYAKU_NO
    LEFT JOIN
       (
            SELECT
                YOYAKU_NO,
                YOYAKU_DT,
                SUM(FUTAI_KIN) AS FUTAI_KIN,
                SUM(FUTAI_CHOSEI) AS FUTAI_CHOSEI
            FROM
                FRIYO_MEISAI_TBL
            GROUP BY
                YOYAKU_NO,
                YOYAKU_DT
        ) t3
    ON  t1.YOYAKU_NO = t3.YOYAKU_NO
        AND t2.YOYAKU_DT = t3.YOYAKU_DT
    LEFT JOIN
        (
            SELECT
                YOYAKU_NO,
                DEPOSIT_DT,
                SUM(DEPOSIT_AMOUNT) AS DEPOSIT_AMOUNT
            FROM
                ALSOK_DEPOSIT_TBL
            WHERE
                DEPOSIT_KBN = '1'
            AND REGISTER_CD= '001'
            GROUP BY
                YOYAKU_NO,
                DEPOSIT_DT
        ) t4a
    ON  t1.YOYAKU_NO = t4a.YOYAKU_NO
        AND t2.YOYAKU_DT = t4a.DEPOSIT_DT
    LEFT JOIN
        (
            SELECT
                YOYAKU_NO,
                DEPOSIT_DT,
                SUM(DEPOSIT_AMOUNT) AS DEPOSIT_AMOUNT
            FROM
                ALSOK_DEPOSIT_TBL
            WHERE
                DEPOSIT_KBN = '1'
            AND REGISTER_CD= '002'
            GROUP BY
                YOYAKU_NO,
                DEPOSIT_DT
        ) t4b
    ON  t1.YOYAKU_NO = t4b.YOYAKU_NO
        AND t2.YOYAKU_DT = t4b.DEPOSIT_DT
    LEFT JOIN
        (
            SELECT
                YOYAKU_NO,
                DEPOSIT_DT,
                SUM(DEPOSIT_AMOUNT) AS DEPOSIT_AMOUNT
            FROM
                ALSOK_DEPOSIT_TBL
            WHERE
                DEPOSIT_KBN = '1'
            AND REGISTER_CD= '003'
            GROUP BY
                YOYAKU_NO,
                DEPOSIT_DT
        ) t4c
    ON  t1.YOYAKU_NO = t4c.YOYAKU_NO
        AND t2.YOYAKU_DT = t4c.DEPOSIT_DT
    LEFT JOIN
        (
            SELECT
                YOYAKU_NO,
                DEPOSIT_DT,
                SUM(DEPOSIT_AMOUNT) AS DEPOSIT_AMOUNT
            FROM
                ALSOK_DEPOSIT_TBL
            WHERE
                DEPOSIT_KBN = '1'
            AND REGISTER_CD= '004'
            GROUP BY
                YOYAKU_NO,
                DEPOSIT_DT
        ) t4d
    ON  t1.YOYAKU_NO = t4d.YOYAKU_NO
        AND t2.YOYAKU_DT = t4d.DEPOSIT_DT
    LEFT JOIN
        (
            SELECT
                YOYAKU_NO,
                DEPOSIT_DT,
                SUM(DEPOSIT_AMOUNT) AS DEPOSIT_AMOUNT
            FROM
                ALSOK_DEPOSIT_TBL
            WHERE
                DEPOSIT_KBN = '1'
            AND REGISTER_CD= '006'
            GROUP BY
                YOYAKU_NO,
                DEPOSIT_DT
        ) t4e
    ON  t1.YOYAKU_NO = t4e.YOYAKU_NO
        AND t2.YOYAKU_DT = t4e.DEPOSIT_DT
    LEFT JOIN
        (
            SELECT
                YOYAKU_NO,
                DEPOSIT_DT,
                SUM(DEPOSIT_AMOUNT) AS DEPOSIT_AMOUNT
            FROM
                ALSOK_DEPOSIT_TBL
            WHERE
                DEPOSIT_KBN = '1'
            AND REGISTER_CD= '007'
            GROUP BY
                YOYAKU_NO,
                DEPOSIT_DT
        ) t4f
    ON  t1.YOYAKU_NO = t4f.YOYAKU_NO
        AND t2.YOYAKU_DT = t4f.DEPOSIT_DT
    LEFT JOIN
        (
            SELECT
                YOYAKU_NO,
                DEPOSIT_DT,
                SUM(DEPOSIT_AMOUNT) AS DEPOSIT_AMOUNT
            FROM
                ALSOK_DEPOSIT_TBL
            WHERE
                DEPOSIT_KBN = '1'
            AND REGISTER_CD= '008'
            GROUP BY
                YOYAKU_NO,
                DEPOSIT_DT
        ) t4g
    ON  t1.YOYAKU_NO = t4g.YOYAKU_NO
        AND t2.YOYAKU_DT = t4g.DEPOSIT_DT
    LEFT JOIN
        (
            SELECT
                YOYAKU_NO,
                DEPOSIT_DT,
                SUM(DEPOSIT_AMOUNT) AS DEPOSIT_AMOUNT
            FROM
                ALSOK_DEPOSIT_TBL
            WHERE
                DEPOSIT_KBN = '1'
            AND REGISTER_CD= '009'
            GROUP BY
                YOYAKU_NO,
                DEPOSIT_DT
        ) t4h
    ON  t1.YOYAKU_NO = t4h.YOYAKU_NO
        AND t2.YOYAKU_DT = t4h.DEPOSIT_DT
    LEFT JOIN
        (
            SELECT
                YOYAKU_NO,
                DEPOSIT_DT,
                SUM(DEPOSIT_AMOUNT) AS DEPOSIT_AMOUNT
            FROM
                ALSOK_DEPOSIT_TBL
            WHERE
                DEPOSIT_KBN = '2'
            AND REGISTER_CD= '900'
            GROUP BY
                YOYAKU_NO,
                DEPOSIT_DT
        ) t5a
    ON  t1.YOYAKU_NO = t5a.YOYAKU_NO
        AND t2.YOYAKU_DT = t5a.DEPOSIT_DT
    LEFT JOIN
        (
            SELECT
                YOYAKU_NO,
                DEPOSIT_DT,
                SUM(DEPOSIT_AMOUNT) AS DEPOSIT_AMOUNT
            FROM
                ALSOK_DEPOSIT_TBL
            WHERE
                DEPOSIT_KBN = '2'
            AND REGISTER_CD= '901'
            GROUP BY
                YOYAKU_NO,
                DEPOSIT_DT
        ) t5b
    ON  t1.YOYAKU_NO = t5b.YOYAKU_NO
        AND t2.YOYAKU_DT = t5b.DEPOSIT_DT
    LEFT JOIN
        (
            SELECT
                YOYAKU_NO,
                DEPOSIT_DT,
                SUM(DEPOSIT_AMOUNT) AS DEPOSIT_AMOUNT
            FROM
                ALSOK_DEPOSIT_TBL
            WHERE
                DEPOSIT_KBN = '2'
            AND REGISTER_CD BETWEEN '902' AND '950'
            GROUP BY
                YOYAKU_NO,
                DEPOSIT_DT
        ) t5c
    ON  t1.YOYAKU_NO = t5c.YOYAKU_NO
        AND t2.YOYAKU_DT = t5c.DEPOSIT_DT
    WHERE 
        t2.SHISETU_KBN = '2'
AND TO_DATE(t2.YOYAKU_DT, 'YYYY/MM/DD') >= TO_DATE('2016/01/01', 'YYYY/MM/DD') 
AND TO_DATE(t2.YOYAKU_DT, 'YYYY/MM/DD') <= TO_DATE('2016/1/01', 'YYYY/MM/DD') 
+ CAST('1 months' AS INTERVAL) - CAST('1 days' AS INTERVAL)ORDER BY t2.YOYAKU_NO, t2.YOYAKU_DT
   Parameters Data > 
2016/02/15 17:40:52  TRACE> SqlEXTZ0103.setSeikyuChosei() START
2016/02/15 17:40:52  TRACE> SqlEXTZ0103.setSeikyuChosei() END
2016/02/15 17:40:52  DEBUG> LogicEXTZ0103.GetSpreadData() 
Å°SQL Data :
   Sql Command > SELECT
    t1.YOYAKU_NO,
    t2.YOYAKU_DT,
    t1.SHUTSUEN_NM,
    t1.RIYO_NM,
    CASE t1.KASHI_KIND
        WHEN '0' THEN 'ñ¢íË'
        WHEN '1' THEN 'àÍî ë›èo'
        WHEN '2' THEN 'é–ì‡óòóp'
    END KASHI_KIND,
    CASE t1.STUDIO_KBN
        WHEN '1' THEN '201st'
        WHEN '2' THEN '202st'
        WHEN '3' THEN 'house lock'
    END STUDIO_KBN,
    t3.SEIKYU_IRAI_NO,
    CASE t3.SEIKYU_NAIYO
        WHEN '1' THEN 'óòópóø'
        WHEN '2' THEN 'ïtë—ê›îı'
        WHEN '3' THEN 'óòópóø+ïtë—ê›îı'
        WHEN '4' THEN 'ä“ït'
    END SEIKYU_NAIYO,
    COALESCE(t3.CHOSEI_KIN,'0') AS CHOSEI_KIN
FROM
    YOYAKU_TBL t1
    LEFT JOIN YDT_TBL t2
    ON  t1.YOYAKU_NO = t2.YOYAKU_NO
    LEFT JOIN BILLPAY_TBL t3
    ON  t1.YOYAKU_NO = t3.YOYAKU_NO
    WHERE 
        t2.SHISETU_KBN = '2'
AND TO_DATE(t2.YOYAKU_DT, 'YYYY/MM/DD') >= TO_DATE('2016/01/01', 'YYYY/MM/DD') 
AND TO_DATE(t2.YOYAKU_DT, 'YYYY/MM/DD') <= TO_DATE('2016/1/01', 'YYYY/MM/DD') 
+ CAST('1 months' AS INTERVAL) - CAST('1 days' AS INTERVAL)ORDER BY t2.YOYAKU_NO, t2.YOYAKU_DT
   Parameters Data > 
2016/02/15 17:40:52  TRACE> LogicEXTZ0103.GetSpreadData() END
2016/02/15 17:40:52  TRACE> LogicEXTZ0103.MakeSpread() END
2016/02/15 17:41:13  TRACE> CommonLogicEXT.CheckDBCondition() START
2016/02/15 17:41:13  TRACE> CommonLogicEXT.NetUseConect() START
2016/02/15 17:41:13  TRACE> CommonLogicEXT.NetUseConectDel() START
2016/02/15 17:41:13  TRACE> CommonLogicEXT.NetUseConectDel() START
2016/02/15 17:41:13  TRACE> CommonLogicEXT.CheckDBCondition() END
2016/02/15 17:41:13  TRACE> LogicEXTZ0103.MakeSpread() START
2016/02/15 17:41:13  TRACE> LogicEXTZ0103.GetSpreadData() START
2016/02/15 17:41:13  TRACE> SqlEXTZ0103.setSelectDayUriage() START
2016/02/15 17:41:13  TRACE> SqlEXTZ0103.setSelectDayUriage() END
2016/02/15 17:41:13  DEBUG> LogicEXTZ0103.GetSpreadData() 
Å°SQL Data :
   Sql Command > SELECT
    t1.YOYAKU_NO,
    t2.YOYAKU_DT,
    t1.SHUTSUEN_NM,
    t1.RIYO_NM,
    CASE t1.KASHI_KIND
        WHEN '0' THEN 'ñ¢íË'
        WHEN '1' THEN 'àÍî ë›èo'
        WHEN '2' THEN 'é–ì‡óòóp'
    END KASHI_KIND,
    CASE t1.STUDIO_KBN
        WHEN '1' THEN '201st'
        WHEN '2' THEN '202st'
        WHEN '3' THEN 'house lock'
    END STUDIO_KBN,
    COALESCE(t2.RIYO_KIN,'0') AS RIYO_KIN,
    COALESCE(t3.FUTAI_KIN,'0') AS FUTAI_KIN,
    COALESCE(t3.FUTAI_CHOSEI,'0') AS FUTAI_CHOSEI,
    COALESCE(t4a.DEPOSIT_AMOUNT,'0') AS DRINK_GENKIN,
    COALESCE(t4b.DEPOSIT_AMOUNT,'0') AS ONE_DRINK,
    COALESCE(t4c.DEPOSIT_AMOUNT,'0') AS COIN_LOCKER,
    COALESCE(t4d.DEPOSIT_AMOUNT,'0') AS ZATSU_SHUNYU,
    COALESCE(t4e.DEPOSIT_AMOUNT,'0') AS AKI1,
    COALESCE(t4f.DEPOSIT_AMOUNT,'0') AS AKI2,
    COALESCE(t4g.DEPOSIT_AMOUNT,'0') AS AKI3,
    COALESCE(t4h.DEPOSIT_AMOUNT,'0') AS AKI4,
    COALESCE(t5a.DEPOSIT_AMOUNT,'0') AS SUICA_GENKIN,
    COALESCE(t5b.DEPOSIT_AMOUNT,'0') AS SUICA_COIN_LOCKER,
    COALESCE(t5c.DEPOSIT_AMOUNT,'0') AS SONOTA
FROM
    YOYAKU_TBL t1
    LEFT JOIN
        YDT_TBL t2
    ON  t1.YOYAKU_NO = t2.YOYAKU_NO
    LEFT JOIN
       (
            SELECT
                YOYAKU_NO,
                YOYAKU_DT,
                SUM(FUTAI_KIN) AS FUTAI_KIN,
                SUM(FUTAI_CHOSEI) AS FUTAI_CHOSEI
            FROM
                FRIYO_MEISAI_TBL
            GROUP BY
                YOYAKU_NO,
                YOYAKU_DT
        ) t3
    ON  t1.YOYAKU_NO = t3.YOYAKU_NO
        AND t2.YOYAKU_DT = t3.YOYAKU_DT
    LEFT JOIN
        (
            SELECT
                YOYAKU_NO,
                DEPOSIT_DT,
                SUM(DEPOSIT_AMOUNT) AS DEPOSIT_AMOUNT
            FROM
                ALSOK_DEPOSIT_TBL
            WHERE
                DEPOSIT_KBN = '1'
            AND REGISTER_CD= '001'
            GROUP BY
                YOYAKU_NO,
                DEPOSIT_DT
        ) t4a
    ON  t1.YOYAKU_NO = t4a.YOYAKU_NO
        AND t2.YOYAKU_DT = t4a.DEPOSIT_DT
    LEFT JOIN
        (
            SELECT
                YOYAKU_NO,
                DEPOSIT_DT,
                SUM(DEPOSIT_AMOUNT) AS DEPOSIT_AMOUNT
            FROM
                ALSOK_DEPOSIT_TBL
            WHERE
                DEPOSIT_KBN = '1'
            AND REGISTER_CD= '002'
            GROUP BY
                YOYAKU_NO,
                DEPOSIT_DT
        ) t4b
    ON  t1.YOYAKU_NO = t4b.YOYAKU_NO
        AND t2.YOYAKU_DT = t4b.DEPOSIT_DT
    LEFT JOIN
        (
            SELECT
                YOYAKU_NO,
                DEPOSIT_DT,
                SUM(DEPOSIT_AMOUNT) AS DEPOSIT_AMOUNT
            FROM
                ALSOK_DEPOSIT_TBL
            WHERE
                DEPOSIT_KBN = '1'
            AND REGISTER_CD= '003'
            GROUP BY
                YOYAKU_NO,
                DEPOSIT_DT
        ) t4c
    ON  t1.YOYAKU_NO = t4c.YOYAKU_NO
        AND t2.YOYAKU_DT = t4c.DEPOSIT_DT
    LEFT JOIN
        (
            SELECT
                YOYAKU_NO,
                DEPOSIT_DT,
                SUM(DEPOSIT_AMOUNT) AS DEPOSIT_AMOUNT
            FROM
                ALSOK_DEPOSIT_TBL
            WHERE
                DEPOSIT_KBN = '1'
            AND REGISTER_CD= '004'
            GROUP BY
                YOYAKU_NO,
                DEPOSIT_DT
        ) t4d
    ON  t1.YOYAKU_NO = t4d.YOYAKU_NO
        AND t2.YOYAKU_DT = t4d.DEPOSIT_DT
    LEFT JOIN
        (
            SELECT
                YOYAKU_NO,
                DEPOSIT_DT,
                SUM(DEPOSIT_AMOUNT) AS DEPOSIT_AMOUNT
            FROM
                ALSOK_DEPOSIT_TBL
            WHERE
                DEPOSIT_KBN = '1'
            AND REGISTER_CD= '006'
            GROUP BY
                YOYAKU_NO,
                DEPOSIT_DT
        ) t4e
    ON  t1.YOYAKU_NO = t4e.YOYAKU_NO
        AND t2.YOYAKU_DT = t4e.DEPOSIT_DT
    LEFT JOIN
        (
            SELECT
                YOYAKU_NO,
                DEPOSIT_DT,
                SUM(DEPOSIT_AMOUNT) AS DEPOSIT_AMOUNT
            FROM
                ALSOK_DEPOSIT_TBL
            WHERE
                DEPOSIT_KBN = '1'
            AND REGISTER_CD= '007'
            GROUP BY
                YOYAKU_NO,
                DEPOSIT_DT
        ) t4f
    ON  t1.YOYAKU_NO = t4f.YOYAKU_NO
        AND t2.YOYAKU_DT = t4f.DEPOSIT_DT
    LEFT JOIN
        (
            SELECT
                YOYAKU_NO,
                DEPOSIT_DT,
                SUM(DEPOSIT_AMOUNT) AS DEPOSIT_AMOUNT
            FROM
                ALSOK_DEPOSIT_TBL
            WHERE
                DEPOSIT_KBN = '1'
            AND REGISTER_CD= '008'
            GROUP BY
                YOYAKU_NO,
                DEPOSIT_DT
        ) t4g
    ON  t1.YOYAKU_NO = t4g.YOYAKU_NO
        AND t2.YOYAKU_DT = t4g.DEPOSIT_DT
    LEFT JOIN
        (
            SELECT
                YOYAKU_NO,
                DEPOSIT_DT,
                SUM(DEPOSIT_AMOUNT) AS DEPOSIT_AMOUNT
            FROM
                ALSOK_DEPOSIT_TBL
            WHERE
                DEPOSIT_KBN = '1'
            AND REGISTER_CD= '009'
            GROUP BY
                YOYAKU_NO,
                DEPOSIT_DT
        ) t4h
    ON  t1.YOYAKU_NO = t4h.YOYAKU_NO
        AND t2.YOYAKU_DT = t4h.DEPOSIT_DT
    LEFT JOIN
        (
            SELECT
                YOYAKU_NO,
                DEPOSIT_DT,
                SUM(DEPOSIT_AMOUNT) AS DEPOSIT_AMOUNT
            FROM
                ALSOK_DEPOSIT_TBL
            WHERE
                DEPOSIT_KBN = '2'
            AND REGISTER_CD= '900'
            GROUP BY
                YOYAKU_NO,
                DEPOSIT_DT
        ) t5a
    ON  t1.YOYAKU_NO = t5a.YOYAKU_NO
        AND t2.YOYAKU_DT = t5a.DEPOSIT_DT
    LEFT JOIN
        (
            SELECT
                YOYAKU_NO,
                DEPOSIT_DT,
                SUM(DEPOSIT_AMOUNT) AS DEPOSIT_AMOUNT
            FROM
                ALSOK_DEPOSIT_TBL
            WHERE
                DEPOSIT_KBN = '2'
            AND REGISTER_CD= '901'
            GROUP BY
                YOYAKU_NO,
                DEPOSIT_DT
        ) t5b
    ON  t1.YOYAKU_NO = t5b.YOYAKU_NO
        AND t2.YOYAKU_DT = t5b.DEPOSIT_DT
    LEFT JOIN
        (
            SELECT
                YOYAKU_NO,
                DEPOSIT_DT,
                SUM(DEPOSIT_AMOUNT) AS DEPOSIT_AMOUNT
            FROM
                ALSOK_DEPOSIT_TBL
            WHERE
                DEPOSIT_KBN = '2'
            AND REGISTER_CD BETWEEN '902' AND '950'
            GROUP BY
                YOYAKU_NO,
                DEPOSIT_DT
        ) t5c
    ON  t1.YOYAKU_NO = t5c.YOYAKU_NO
        AND t2.YOYAKU_DT = t5c.DEPOSIT_DT
    WHERE 
        t2.SHISETU_KBN = '2'
AND TO_DATE(t2.YOYAKU_DT, 'YYYY/MM/DD') >= TO_DATE('2016/01/01', 'YYYY/MM/DD') 
AND TO_DATE(t2.YOYAKU_DT, 'YYYY/MM/DD') <= TO_DATE('2016/2/01', 'YYYY/MM/DD') 
+ CAST('1 months' AS INTERVAL) - CAST('1 days' AS INTERVAL)ORDER BY t2.YOYAKU_NO, t2.YOYAKU_DT
   Parameters Data > 
2016/02/15 17:41:13  TRACE> SqlEXTZ0103.setSeikyuChosei() START
2016/02/15 17:41:13  TRACE> SqlEXTZ0103.setSeikyuChosei() END
2016/02/15 17:41:13  DEBUG> LogicEXTZ0103.GetSpreadData() 
Å°SQL Data :
   Sql Command > SELECT
    t1.YOYAKU_NO,
    t2.YOYAKU_DT,
    t1.SHUTSUEN_NM,
    t1.RIYO_NM,
    CASE t1.KASHI_KIND
        WHEN '0' THEN 'ñ¢íË'
        WHEN '1' THEN 'àÍî ë›èo'
        WHEN '2' THEN 'é–ì‡óòóp'
    END KASHI_KIND,
    CASE t1.STUDIO_KBN
        WHEN '1' THEN '201st'
        WHEN '2' THEN '202st'
        WHEN '3' THEN 'house lock'
    END STUDIO_KBN,
    t3.SEIKYU_IRAI_NO,
    CASE t3.SEIKYU_NAIYO
        WHEN '1' THEN 'óòópóø'
        WHEN '2' THEN 'ïtë—ê›îı'
        WHEN '3' THEN 'óòópóø+ïtë—ê›îı'
        WHEN '4' THEN 'ä“ït'
    END SEIKYU_NAIYO,
    COALESCE(t3.CHOSEI_KIN,'0') AS CHOSEI_KIN
FROM
    YOYAKU_TBL t1
    LEFT JOIN YDT_TBL t2
    ON  t1.YOYAKU_NO = t2.YOYAKU_NO
    LEFT JOIN BILLPAY_TBL t3
    ON  t1.YOYAKU_NO = t3.YOYAKU_NO
    WHERE 
        t2.SHISETU_KBN = '2'
AND TO_DATE(t2.YOYAKU_DT, 'YYYY/MM/DD') >= TO_DATE('2016/01/01', 'YYYY/MM/DD') 
AND TO_DATE(t2.YOYAKU_DT, 'YYYY/MM/DD') <= TO_DATE('2016/2/01', 'YYYY/MM/DD') 
+ CAST('1 months' AS INTERVAL) - CAST('1 days' AS INTERVAL)ORDER BY t2.YOYAKU_NO, t2.YOYAKU_DT
   Parameters Data > 
2016/02/15 17:41:13  TRACE> LogicEXTZ0103.GetSpreadData() END
2016/02/15 17:41:13  ERROR> LogicEXTZ0103.MakeSpread() éZèpââéZÇÃåãâ ÉIÅ[ÉoÅ[ÉtÉçÅ[Ç™î≠ê∂ÇµÇ‹ÇµÇΩÅB
System.OverflowException: éZèpââéZÇÃåãâ ÉIÅ[ÉoÅ[ÉtÉçÅ[Ç™î≠ê∂ÇµÇ‹ÇµÇΩÅB
   èÍèä Microsoft.VisualBasic.CompilerServices.Conversions.ToInteger(Object Value)
   èÍèä EXTZ.LogicEXTZ0103.MakeSpread(DataEXTZ0103& dataEXTZ0103) èÍèä C:\dev\EXT\EXTZ\Logic\LogicEXTZ0103.vb:çs 230
2016/02/15 18:06:05  TRACE> LogicEXTA0101.GetConfigrationFlg() START
2016/02/15 18:06:05  TRACE> LogicEXTA0101.GetConfigrationFlg() END
2016/02/15 18:06:05  TRACE> CommonLogicEXT.SetFormBackColor() START
2016/02/15 18:06:05  TRACE> CommonLogicEXT.SetFormBackColor() END
2016/02/15 18:06:11  TRACE> CommonLogicEXT.CheckDBCondition() START
2016/02/15 18:06:11  TRACE> CommonLogicEXT.NetUseConect() START
2016/02/15 18:06:12  TRACE> CommonLogicEXT.NetUseConectDel() START
2016/02/15 18:06:12  TRACE> CommonLogicEXT.NetUseConectDel() START
2016/02/15 18:06:12  TRACE> CommonLogicEXT.CheckDBCondition() END
2016/02/15 18:06:12  TRACE> LogicEXTA0101.LoginInputCheck() START
2016/02/15 18:06:12  TRACE> LogicEXTA0101.LoginInputCheck() END
2016/02/15 18:06:12  TRACE> LogicEXTA0101.GetLoginData() START
2016/02/15 18:06:12  TRACE> SqlEXTA0101.setSelectLoginData() START
2016/02/15 18:06:12  TRACE> SqlEXTA0101.setSelectLoginData() END
2016/02/15 18:06:12  DEBUG> LogicEXTA0101.GetLoginData() ÉçÉOÉCÉìèÓïÒéÊìæ
Å°SQL Data :
   Sql Command > select 
USER_NM, 
MAIL, 
BUSHO_CD, 
SHONIN_FLG, 
MST_FLG 
FROM 
USER_MST 
WHERE
USER_CD = :UserId 
and PW = :Password 
and STS = '0' 
   Parameters Data > 
      [:UserId] USN001
      [:Password] password
2016/02/15 18:06:12  TRACE> LogicEXTA0101.GetLoginData() END
2016/02/15 18:06:12  TRACE> LogicEXTA0101.DelYoyakuCtlData() START
2016/02/15 18:06:12  DEBUG> LogicEXTA0101.DelYoyakuCtlData() Login Proc1
Å°SQL Data :
   Sql Command > DELETE 
FROM 
YCTL_TBL 
WHERE
USER_CD = :UserId 
   Parameters Data > 
      [:UserId] USN001
2016/02/15 18:06:12  DEBUG> LogicEXTA0101.DelYoyakuCtlData() Login Proc2
Å°SQL Data :
   Sql Command > DELETE 
FROM 
CCTL_TBL 
WHERE
USER_CD = :UserId 
   Parameters Data > 
      [:UserId] USN001
2016/02/15 18:06:12  TRACE> LogicEXTA0101.DelYoyakuCtlData() END
2016/02/15 18:06:12  TRACE> LogicEXTA0101.SetSystemProperties() START
2016/02/15 18:06:12  TRACE> SqlEXTA0101.setSelectSystemProperty() START
2016/02/15 18:06:12  TRACE> SqlEXTA0101.setSelectSystemProperty() END
2016/02/15 18:06:12  DEBUG> LogicEXTA0101.SetSystemProperties() ÉVÉXÉeÉÄÉvÉçÉpÉeÉBéÊìæ
Å°SQL Data :
   Sql Command > select 
TEIIN_A, 
TEIIN_B, 
KARI_JIZEN_TUTI, 
GROUP_SEIKYU 
FROM 
SYSTEM_MST 
   Parameters Data > 
2016/02/15 18:06:12  TRACE> LogicEXTA0101.SetSystemProperties() END
2016/02/15 18:06:12  TRACE> EXTA0101.btnLogin_Click() LOGIN:USN001
2016/02/15 18:06:12  TRACE> CommonLogicEXT.SetFormBackColor() START
2016/02/15 18:06:12  TRACE> CommonLogicEXT.SetFormBackColor() END
2016/02/15 18:06:15  TRACE> CommonLogicEXT.CheckDBCondition() START
2016/02/15 18:06:15  TRACE> CommonLogicEXT.NetUseConect() START
2016/02/15 18:06:16  TRACE> CommonLogicEXT.NetUseConectDel() START
2016/02/15 18:06:16  TRACE> CommonLogicEXT.NetUseConectDel() START
2016/02/15 18:06:16  TRACE> CommonLogicEXT.CheckDBCondition() END
2016/02/15 18:06:16  TRACE> CommonLogicEXT.SetFormBackColor() START
2016/02/15 18:06:16  TRACE> CommonLogicEXT.SetFormBackColor() END
2016/02/15 18:06:27  TRACE> CommonLogicEXT.CheckDBCondition() START
2016/02/15 18:06:27  TRACE> CommonLogicEXT.NetUseConect() START
2016/02/15 18:06:27  TRACE> CommonLogicEXT.NetUseConectDel() START
2016/02/15 18:06:27  TRACE> CommonLogicEXT.NetUseConectDel() START
2016/02/15 18:06:27  TRACE> CommonLogicEXT.CheckDBCondition() END
2016/02/15 18:06:27  TRACE> LogicEXTZ0103.MakeSpread() START
2016/02/15 18:06:27  TRACE> LogicEXTZ0103.GetSpreadData() START
2016/02/15 18:06:27  TRACE> SqlEXTZ0103.setSelectDayUriage() START
2016/02/15 18:06:27  TRACE> SqlEXTZ0103.setSelectDayUriage() END
2016/02/15 18:06:27  DEBUG> LogicEXTZ0103.GetSpreadData() 
Å°SQL Data :
   Sql Command > SELECT
    t1.YOYAKU_NO,
    t2.YOYAKU_DT,
    t1.SHUTSUEN_NM,
    t1.RIYO_NM,
    CASE t1.KASHI_KIND
        WHEN '0' THEN 'ñ¢íË'
        WHEN '1' THEN 'àÍî ë›èo'
        WHEN '2' THEN 'é–ì‡óòóp'
    END KASHI_KIND,
    CASE t1.STUDIO_KBN
        WHEN '1' THEN '201st'
        WHEN '2' THEN '202st'
        WHEN '3' THEN 'house lock'
    END STUDIO_KBN,
    COALESCE(t2.RIYO_KIN,'0') AS RIYO_KIN,
    COALESCE(t3.FUTAI_KIN,'0') AS FUTAI_KIN,
    COALESCE(t3.FUTAI_CHOSEI,'0') AS FUTAI_CHOSEI,
    COALESCE(t4a.DEPOSIT_AMOUNT,'0') AS DRINK_GENKIN,
    COALESCE(t4b.DEPOSIT_AMOUNT,'0') AS ONE_DRINK,
    COALESCE(t4c.DEPOSIT_AMOUNT,'0') AS COIN_LOCKER,
    COALESCE(t4d.DEPOSIT_AMOUNT,'0') AS ZATSU_SHUNYU,
    COALESCE(t4e.DEPOSIT_AMOUNT,'0') AS AKI1,
    COALESCE(t4f.DEPOSIT_AMOUNT,'0') AS AKI2,
    COALESCE(t4g.DEPOSIT_AMOUNT,'0') AS AKI3,
    COALESCE(t4h.DEPOSIT_AMOUNT,'0') AS AKI4,
    COALESCE(t5a.DEPOSIT_AMOUNT,'0') AS SUICA_GENKIN,
    COALESCE(t5b.DEPOSIT_AMOUNT,'0') AS SUICA_COIN_LOCKER,
    COALESCE(t5c.DEPOSIT_AMOUNT,'0') AS SONOTA
FROM
    YOYAKU_TBL t1
    LEFT JOIN
        YDT_TBL t2
    ON  t1.YOYAKU_NO = t2.YOYAKU_NO
    LEFT JOIN
       (
            SELECT
                YOYAKU_NO,
                YOYAKU_DT,
                SUM(FUTAI_KIN) AS FUTAI_KIN,
                SUM(FUTAI_CHOSEI) AS FUTAI_CHOSEI
            FROM
                FRIYO_MEISAI_TBL
            GROUP BY
                YOYAKU_NO,
                YOYAKU_DT
        ) t3
    ON  t1.YOYAKU_NO = t3.YOYAKU_NO
        AND t2.YOYAKU_DT = t3.YOYAKU_DT
    LEFT JOIN
        (
            SELECT
                YOYAKU_NO,
                DEPOSIT_DT,
                SUM(DEPOSIT_AMOUNT) AS DEPOSIT_AMOUNT
            FROM
                ALSOK_DEPOSIT_TBL
            WHERE
                DEPOSIT_KBN = '1'
            AND REGISTER_CD= '001'
            GROUP BY
                YOYAKU_NO,
                DEPOSIT_DT
        ) t4a
    ON  t1.YOYAKU_NO = t4a.YOYAKU_NO
        AND t2.YOYAKU_DT = t4a.DEPOSIT_DT
    LEFT JOIN
        (
            SELECT
                YOYAKU_NO,
                DEPOSIT_DT,
                SUM(DEPOSIT_AMOUNT) AS DEPOSIT_AMOUNT
            FROM
                ALSOK_DEPOSIT_TBL
            WHERE
                DEPOSIT_KBN = '1'
            AND REGISTER_CD= '002'
            GROUP BY
                YOYAKU_NO,
                DEPOSIT_DT
        ) t4b
    ON  t1.YOYAKU_NO = t4b.YOYAKU_NO
        AND t2.YOYAKU_DT = t4b.DEPOSIT_DT
    LEFT JOIN
        (
            SELECT
                YOYAKU_NO,
                DEPOSIT_DT,
                SUM(DEPOSIT_AMOUNT) AS DEPOSIT_AMOUNT
            FROM
                ALSOK_DEPOSIT_TBL
            WHERE
                DEPOSIT_KBN = '1'
            AND REGISTER_CD= '003'
            GROUP BY
                YOYAKU_NO,
                DEPOSIT_DT
        ) t4c
    ON  t1.YOYAKU_NO = t4c.YOYAKU_NO
        AND t2.YOYAKU_DT = t4c.DEPOSIT_DT
    LEFT JOIN
        (
            SELECT
                YOYAKU_NO,
                DEPOSIT_DT,
                SUM(DEPOSIT_AMOUNT) AS DEPOSIT_AMOUNT
            FROM
                ALSOK_DEPOSIT_TBL
            WHERE
                DEPOSIT_KBN = '1'
            AND REGISTER_CD= '004'
            GROUP BY
                YOYAKU_NO,
                DEPOSIT_DT
        ) t4d
    ON  t1.YOYAKU_NO = t4d.YOYAKU_NO
        AND t2.YOYAKU_DT = t4d.DEPOSIT_DT
    LEFT JOIN
        (
            SELECT
                YOYAKU_NO,
                DEPOSIT_DT,
                SUM(DEPOSIT_AMOUNT) AS DEPOSIT_AMOUNT
            FROM
                ALSOK_DEPOSIT_TBL
            WHERE
                DEPOSIT_KBN = '1'
            AND REGISTER_CD= '006'
            GROUP BY
                YOYAKU_NO,
                DEPOSIT_DT
        ) t4e
    ON  t1.YOYAKU_NO = t4e.YOYAKU_NO
        AND t2.YOYAKU_DT = t4e.DEPOSIT_DT
    LEFT JOIN
        (
            SELECT
                YOYAKU_NO,
                DEPOSIT_DT,
                SUM(DEPOSIT_AMOUNT) AS DEPOSIT_AMOUNT
            FROM
                ALSOK_DEPOSIT_TBL
            WHERE
                DEPOSIT_KBN = '1'
            AND REGISTER_CD= '007'
            GROUP BY
                YOYAKU_NO,
                DEPOSIT_DT
        ) t4f
    ON  t1.YOYAKU_NO = t4f.YOYAKU_NO
        AND t2.YOYAKU_DT = t4f.DEPOSIT_DT
    LEFT JOIN
        (
            SELECT
                YOYAKU_NO,
                DEPOSIT_DT,
                SUM(DEPOSIT_AMOUNT) AS DEPOSIT_AMOUNT
            FROM
                ALSOK_DEPOSIT_TBL
            WHERE
                DEPOSIT_KBN = '1'
            AND REGISTER_CD= '008'
            GROUP BY
                YOYAKU_NO,
                DEPOSIT_DT
        ) t4g
    ON  t1.YOYAKU_NO = t4g.YOYAKU_NO
        AND t2.YOYAKU_DT = t4g.DEPOSIT_DT
    LEFT JOIN
        (
            SELECT
                YOYAKU_NO,
                DEPOSIT_DT,
                SUM(DEPOSIT_AMOUNT) AS DEPOSIT_AMOUNT
            FROM
                ALSOK_DEPOSIT_TBL
            WHERE
                DEPOSIT_KBN = '1'
            AND REGISTER_CD= '009'
            GROUP BY
                YOYAKU_NO,
                DEPOSIT_DT
        ) t4h
    ON  t1.YOYAKU_NO = t4h.YOYAKU_NO
        AND t2.YOYAKU_DT = t4h.DEPOSIT_DT
    LEFT JOIN
        (
            SELECT
                YOYAKU_NO,
                DEPOSIT_DT,
                SUM(DEPOSIT_AMOUNT) AS DEPOSIT_AMOUNT
            FROM
                ALSOK_DEPOSIT_TBL
            WHERE
                DEPOSIT_KBN = '2'
            AND REGISTER_CD= '900'
            GROUP BY
                YOYAKU_NO,
                DEPOSIT_DT
        ) t5a
    ON  t1.YOYAKU_NO = t5a.YOYAKU_NO
        AND t2.YOYAKU_DT = t5a.DEPOSIT_DT
    LEFT JOIN
        (
            SELECT
                YOYAKU_NO,
                DEPOSIT_DT,
                SUM(DEPOSIT_AMOUNT) AS DEPOSIT_AMOUNT
            FROM
                ALSOK_DEPOSIT_TBL
            WHERE
                DEPOSIT_KBN = '2'
            AND REGISTER_CD= '901'
            GROUP BY
                YOYAKU_NO,
                DEPOSIT_DT
        ) t5b
    ON  t1.YOYAKU_NO = t5b.YOYAKU_NO
        AND t2.YOYAKU_DT = t5b.DEPOSIT_DT
    LEFT JOIN
        (
            SELECT
                YOYAKU_NO,
                DEPOSIT_DT,
                SUM(DEPOSIT_AMOUNT) AS DEPOSIT_AMOUNT
            FROM
                ALSOK_DEPOSIT_TBL
            WHERE
                DEPOSIT_KBN = '2'
            AND REGISTER_CD BETWEEN '902' AND '950'
            GROUP BY
                YOYAKU_NO,
                DEPOSIT_DT
        ) t5c
    ON  t1.YOYAKU_NO = t5c.YOYAKU_NO
        AND t2.YOYAKU_DT = t5c.DEPOSIT_DT
    WHERE 
        t2.SHISETU_KBN = '2'
AND TO_DATE(t2.YOYAKU_DT, 'YYYY/MM/DD') >= TO_DATE('2016/01/01', 'YYYY/MM/DD') 
AND TO_DATE(t2.YOYAKU_DT, 'YYYY/MM/DD') <= TO_DATE('2016/2/01', 'YYYY/MM/DD') 
+ CAST('1 months' AS INTERVAL) - CAST('1 days' AS INTERVAL)ORDER BY t2.YOYAKU_NO, t2.YOYAKU_DT
   Parameters Data > 
2016/02/15 18:06:27  TRACE> SqlEXTZ0103.setSeikyuChosei() START
2016/02/15 18:06:27  TRACE> SqlEXTZ0103.setSeikyuChosei() END
2016/02/15 18:06:27  DEBUG> LogicEXTZ0103.GetSpreadData() 
Å°SQL Data :
   Sql Command > SELECT
    t1.YOYAKU_NO,
    t2.YOYAKU_DT,
    t1.SHUTSUEN_NM,
    t1.RIYO_NM,
    CASE t1.KASHI_KIND
        WHEN '0' THEN 'ñ¢íË'
        WHEN '1' THEN 'àÍî ë›èo'
        WHEN '2' THEN 'é–ì‡óòóp'
    END KASHI_KIND,
    CASE t1.STUDIO_KBN
        WHEN '1' THEN '201st'
        WHEN '2' THEN '202st'
        WHEN '3' THEN 'house lock'
    END STUDIO_KBN,
    t3.SEIKYU_IRAI_NO,
    CASE t3.SEIKYU_NAIYO
        WHEN '1' THEN 'óòópóø'
        WHEN '2' THEN 'ïtë—ê›îı'
        WHEN '3' THEN 'óòópóø+ïtë—ê›îı'
        WHEN '4' THEN 'ä“ït'
    END SEIKYU_NAIYO,
    COALESCE(t3.CHOSEI_KIN,'0') AS CHOSEI_KIN
FROM
    YOYAKU_TBL t1
    LEFT JOIN YDT_TBL t2
    ON  t1.YOYAKU_NO = t2.YOYAKU_NO
    LEFT JOIN BILLPAY_TBL t3
    ON  t1.YOYAKU_NO = t3.YOYAKU_NO
    WHERE 
        t2.SHISETU_KBN = '2'
AND TO_DATE(t2.YOYAKU_DT, 'YYYY/MM/DD') >= TO_DATE('2016/01/01', 'YYYY/MM/DD') 
AND TO_DATE(t2.YOYAKU_DT, 'YYYY/MM/DD') <= TO_DATE('2016/2/01', 'YYYY/MM/DD') 
+ CAST('1 months' AS INTERVAL) - CAST('1 days' AS INTERVAL)ORDER BY t2.YOYAKU_NO, t2.YOYAKU_DT
   Parameters Data > 
2016/02/15 18:06:27  TRACE> LogicEXTZ0103.GetSpreadData() END
2016/02/15 18:06:27  TRACE> LogicEXTZ0103.MakeSpread() END
